<?xml version="1.0" encoding="UTF-8"?>
<coverage generated="1628585022307" clover="3.2.0">
  <project timestamp="1628585022307" name="All files">
    <metrics statements="2194" coveredstatements="1736" conditionals="425" coveredconditionals="333" methods="122" coveredmethods="85" elements="2741" coveredelements="2154" complexity="0" loc="2194" ncloc="2194" packages="4" files="6" classes="6"/>
    <package name="eval">
      <metrics statements="12" coveredstatements="12" conditionals="4" coveredconditionals="2" methods="1" coveredmethods="1"/>
      <file name="index.ts" path="/Users/tanghaibo/Projects/typescript/remote-import/src/eval/index.ts">
        <metrics statements="12" coveredstatements="12" conditionals="4" coveredconditionals="2" methods="1" coveredmethods="1"/>
        <line num="1" count="1" type="stmt"/>
        <line num="2" count="1" type="stmt"/>
        <line num="3" count="1" type="stmt"/>
        <line num="4" count="2" type="cond" truecount="1" falsecount="0"/>
        <line num="5" count="2" type="stmt"/>
        <line num="6" count="2" type="cond" truecount="0" falsecount="1"/>
        <line num="7" count="2" type="stmt"/>
        <line num="8" count="2" type="cond" truecount="1" falsecount="1"/>
        <line num="9" count="2" type="stmt"/>
        <line num="10" count="2" type="stmt"/>
        <line num="11" count="2" type="stmt"/>
        <line num="12" count="2" type="stmt"/>
      </file>
    </package>
    <package name="eval.interpreter">
      <metrics statements="2127" coveredstatements="1669" conditionals="400" coveredconditionals="310" methods="114" coveredmethods="77"/>
      <file name="index.ts" path="/Users/tanghaibo/Projects/typescript/remote-import/src/eval/interpreter/index.ts">
        <metrics statements="2065" coveredstatements="1614" conditionals="390" coveredconditionals="301" methods="106" coveredmethods="76"/>
        <line num="1" count="1" type="stmt"/>
        <line num="2" count="1" type="stmt"/>
        <line num="3" count="1" type="stmt"/>
        <line num="4" count="1" type="stmt"/>
        <line num="5" count="1" type="stmt"/>
        <line num="6" count="1" type="stmt"/>
        <line num="7" count="1" type="stmt"/>
        <line num="8" count="1" type="stmt"/>
        <line num="9" count="1" type="stmt"/>
        <line num="10" count="1" type="stmt"/>
        <line num="11" count="1" type="stmt"/>
        <line num="12" count="1" type="stmt"/>
        <line num="13" count="1" type="stmt"/>
        <line num="14" count="1" type="stmt"/>
        <line num="15" count="1" type="stmt"/>
        <line num="16" count="1" type="stmt"/>
        <line num="17" count="1" type="stmt"/>
        <line num="18" count="1" type="stmt"/>
        <line num="19" count="1" type="stmt"/>
        <line num="20" count="1" type="stmt"/>
        <line num="21" count="1" type="stmt"/>
        <line num="22" count="1" type="stmt"/>
        <line num="23" count="1" type="stmt"/>
        <line num="24" count="1" type="stmt"/>
        <line num="25" count="1" type="stmt"/>
        <line num="26" count="1" type="stmt"/>
        <line num="27" count="1" type="stmt"/>
        <line num="28" count="1" type="stmt"/>
        <line num="29" count="1" type="stmt"/>
        <line num="30" count="1" type="stmt"/>
        <line num="31" count="1" type="stmt"/>
        <line num="32" count="1" type="stmt"/>
        <line num="33" count="1" type="stmt"/>
        <line num="34" count="1" type="stmt"/>
        <line num="35" count="1" type="stmt"/>
        <line num="36" count="1" type="stmt"/>
        <line num="37" count="1" type="stmt"/>
        <line num="38" count="1" type="stmt"/>
        <line num="39" count="1" type="stmt"/>
        <line num="40" count="1" type="stmt"/>
        <line num="41" count="1" type="stmt"/>
        <line num="42" count="1" type="stmt"/>
        <line num="43" count="1" type="stmt"/>
        <line num="44" count="1" type="stmt"/>
        <line num="45" count="1" type="stmt"/>
        <line num="46" count="1" type="stmt"/>
        <line num="47" count="4274" type="cond" truecount="1" falsecount="0"/>
        <line num="48" count="4274" type="stmt"/>
        <line num="49" count="4274" type="stmt"/>
        <line num="50" count="4274" type="stmt"/>
        <line num="51" count="4274" type="stmt"/>
        <line num="52" count="4274" type="stmt"/>
        <line num="53" count="4274" type="stmt"/>
        <line num="54" count="4274" type="stmt"/>
        <line num="55" count="1" type="stmt"/>
        <line num="56" count="1" type="stmt"/>
        <line num="57" count="1" type="stmt"/>
        <line num="58" count="1" type="stmt"/>
        <line num="59" count="1" type="stmt"/>
        <line num="60" count="1" type="stmt"/>
        <line num="61" count="1" type="stmt"/>
        <line num="62" count="1" type="stmt"/>
        <line num="63" count="1" type="stmt"/>
        <line num="64" count="1" type="stmt"/>
        <line num="65" count="1" type="stmt"/>
        <line num="66" count="6309" type="cond" truecount="1" falsecount="0"/>
        <line num="67" count="6309" type="stmt"/>
        <line num="68" count="6309" type="stmt"/>
        <line num="69" count="1" type="stmt"/>
        <line num="70" count="1" type="stmt"/>
        <line num="71" count="1" type="stmt"/>
        <line num="72" count="1" type="stmt"/>
        <line num="73" count="1" type="stmt"/>
        <line num="74" count="1" type="stmt"/>
        <line num="75" count="1" type="stmt"/>
        <line num="76" count="1" type="stmt"/>
        <line num="77" count="1" type="stmt"/>
        <line num="78" count="3" type="cond" truecount="1" falsecount="0"/>
        <line num="79" count="3" type="stmt"/>
        <line num="80" count="3" type="stmt"/>
        <line num="81" count="0" type="stmt"/>
        <line num="82" count="0" type="stmt"/>
        <line num="83" count="3" type="stmt"/>
        <line num="84" count="3" type="stmt"/>
        <line num="85" count="0" type="stmt"/>
        <line num="86" count="0" type="stmt"/>
        <line num="87" count="0" type="stmt"/>
        <line num="88" count="0" type="stmt"/>
        <line num="89" count="0" type="stmt"/>
        <line num="90" count="0" type="stmt"/>
        <line num="91" count="0" type="stmt"/>
        <line num="92" count="0" type="stmt"/>
        <line num="93" count="0" type="stmt"/>
        <line num="94" count="0" type="stmt"/>
        <line num="95" count="0" type="stmt"/>
        <line num="96" count="0" type="stmt"/>
        <line num="97" count="0" type="stmt"/>
        <line num="98" count="0" type="stmt"/>
        <line num="99" count="0" type="stmt"/>
        <line num="100" count="0" type="stmt"/>
        <line num="101" count="0" type="stmt"/>
        <line num="102" count="0" type="stmt"/>
        <line num="103" count="0" type="stmt"/>
        <line num="104" count="0" type="stmt"/>
        <line num="105" count="0" type="stmt"/>
        <line num="106" count="0" type="stmt"/>
        <line num="107" count="3" type="stmt"/>
        <line num="108" count="1" type="stmt"/>
        <line num="109" count="0" type="stmt"/>
        <line num="110" count="0" type="stmt"/>
        <line num="111" count="0" type="stmt"/>
        <line num="112" count="0" type="stmt"/>
        <line num="113" count="0" type="stmt"/>
        <line num="114" count="0" type="stmt"/>
        <line num="115" count="0" type="stmt"/>
        <line num="116" count="0" type="stmt"/>
        <line num="117" count="0" type="stmt"/>
        <line num="118" count="0" type="stmt"/>
        <line num="119" count="0" type="stmt"/>
        <line num="120" count="0" type="stmt"/>
        <line num="121" count="0" type="stmt"/>
        <line num="122" count="0" type="stmt"/>
        <line num="123" count="0" type="stmt"/>
        <line num="124" count="0" type="stmt"/>
        <line num="125" count="0" type="stmt"/>
        <line num="126" count="0" type="stmt"/>
        <line num="127" count="0" type="stmt"/>
        <line num="128" count="0" type="stmt"/>
        <line num="129" count="0" type="stmt"/>
        <line num="130" count="0" type="stmt"/>
        <line num="131" count="0" type="stmt"/>
        <line num="132" count="0" type="stmt"/>
        <line num="133" count="0" type="stmt"/>
        <line num="134" count="0" type="stmt"/>
        <line num="135" count="0" type="stmt"/>
        <line num="136" count="0" type="stmt"/>
        <line num="137" count="0" type="stmt"/>
        <line num="138" count="0" type="stmt"/>
        <line num="139" count="0" type="stmt"/>
        <line num="140" count="0" type="stmt"/>
        <line num="141" count="0" type="stmt"/>
        <line num="142" count="0" type="stmt"/>
        <line num="143" count="1" type="stmt"/>
        <line num="144" count="1" type="stmt"/>
        <line num="145" count="1" type="stmt"/>
        <line num="146" count="1" type="stmt"/>
        <line num="147" count="1" type="stmt"/>
        <line num="148" count="1" type="stmt"/>
        <line num="149" count="1" type="stmt"/>
        <line num="150" count="0" type="stmt"/>
        <line num="151" count="0" type="stmt"/>
        <line num="152" count="0" type="stmt"/>
        <line num="153" count="0" type="stmt"/>
        <line num="154" count="0" type="stmt"/>
        <line num="155" count="0" type="stmt"/>
        <line num="156" count="0" type="stmt"/>
        <line num="157" count="0" type="stmt"/>
        <line num="158" count="0" type="stmt"/>
        <line num="159" count="0" type="stmt"/>
        <line num="160" count="0" type="stmt"/>
        <line num="161" count="0" type="stmt"/>
        <line num="162" count="0" type="stmt"/>
        <line num="163" count="0" type="stmt"/>
        <line num="164" count="0" type="stmt"/>
        <line num="165" count="0" type="stmt"/>
        <line num="166" count="0" type="stmt"/>
        <line num="167" count="0" type="stmt"/>
        <line num="168" count="0" type="stmt"/>
        <line num="169" count="0" type="stmt"/>
        <line num="170" count="0" type="stmt"/>
        <line num="171" count="0" type="stmt"/>
        <line num="172" count="1" type="stmt"/>
        <line num="173" count="1" type="stmt"/>
        <line num="174" count="1" type="stmt"/>
        <line num="175" count="1" type="stmt"/>
        <line num="176" count="1" type="stmt"/>
        <line num="177" count="1" type="stmt"/>
        <line num="178" count="1" type="stmt"/>
        <line num="179" count="3" type="cond" truecount="1" falsecount="0"/>
        <line num="180" count="3" type="stmt"/>
        <line num="181" count="3" type="cond" truecount="1" falsecount="0"/>
        <line num="182" count="3417" type="stmt"/>
        <line num="183" count="3417" type="stmt"/>
        <line num="184" count="3" type="stmt"/>
        <line num="185" count="1" type="stmt"/>
        <line num="186" count="3" type="cond" truecount="1" falsecount="0"/>
        <line num="187" count="3" type="stmt"/>
        <line num="188" count="3" type="cond" truecount="0" falsecount="1"/>
        <line num="189" count="0" type="stmt"/>
        <line num="190" count="0" type="stmt"/>
        <line num="191" count="3" type="stmt"/>
        <line num="192" count="1" type="stmt"/>
        <line num="193" count="3" type="cond" truecount="1" falsecount="0"/>
        <line num="194" count="3" type="stmt"/>
        <line num="195" count="3" type="cond" truecount="0" falsecount="1"/>
        <line num="196" count="0" type="stmt"/>
        <line num="197" count="0" type="stmt"/>
        <line num="198" count="3" type="stmt"/>
        <line num="199" count="31" type="cond" truecount="1" falsecount="0"/>
        <line num="200" count="1" type="stmt"/>
        <line num="201" count="4373" type="cond" truecount="1" falsecount="1"/>
        <line num="202" count="4373" type="stmt"/>
        <line num="203" count="4373" type="stmt"/>
        <line num="204" count="1" type="stmt"/>
        <line num="205" count="0" type="stmt"/>
        <line num="206" count="0" type="stmt"/>
        <line num="207" count="0" type="stmt"/>
        <line num="208" count="1" type="stmt"/>
        <line num="209" count="1" type="stmt"/>
        <line num="210" count="1" type="stmt"/>
        <line num="211" count="1" type="stmt"/>
        <line num="212" count="1" type="stmt"/>
        <line num="213" count="1" type="stmt"/>
        <line num="214" count="1" type="stmt"/>
        <line num="215" count="1" type="stmt"/>
        <line num="216" count="1" type="stmt"/>
        <line num="217" count="1" type="stmt"/>
        <line num="218" count="1" type="stmt"/>
        <line num="219" count="1" type="stmt"/>
        <line num="220" count="1" type="stmt"/>
        <line num="221" count="1" type="stmt"/>
        <line num="222" count="1" type="stmt"/>
        <line num="223" count="1" type="stmt"/>
        <line num="224" count="1" type="stmt"/>
        <line num="225" count="1" type="stmt"/>
        <line num="226" count="1" type="stmt"/>
        <line num="227" count="1" type="stmt"/>
        <line num="228" count="1" type="stmt"/>
        <line num="229" count="1" type="stmt"/>
        <line num="230" count="1" type="stmt"/>
        <line num="231" count="1" type="stmt"/>
        <line num="232" count="1" type="stmt"/>
        <line num="233" count="1" type="stmt"/>
        <line num="234" count="1" type="stmt"/>
        <line num="235" count="1" type="stmt"/>
        <line num="236" count="1" type="stmt"/>
        <line num="237" count="1" type="stmt"/>
        <line num="238" count="1" type="stmt"/>
        <line num="239" count="1" type="stmt"/>
        <line num="240" count="1" type="stmt"/>
        <line num="241" count="1" type="stmt"/>
        <line num="242" count="1" type="stmt"/>
        <line num="243" count="1" type="stmt"/>
        <line num="244" count="1" type="stmt"/>
        <line num="245" count="1" type="stmt"/>
        <line num="246" count="1" type="stmt"/>
        <line num="247" count="1" type="stmt"/>
        <line num="248" count="1" type="stmt"/>
        <line num="249" count="1" type="stmt"/>
        <line num="250" count="1" type="stmt"/>
        <line num="251" count="1" type="stmt"/>
        <line num="252" count="1" type="stmt"/>
        <line num="253" count="1" type="stmt"/>
        <line num="254" count="1" type="stmt"/>
        <line num="255" count="1" type="stmt"/>
        <line num="256" count="1" type="stmt"/>
        <line num="257" count="1" type="stmt"/>
        <line num="258" count="1" type="stmt"/>
        <line num="259" count="1" type="stmt"/>
        <line num="260" count="1" type="stmt"/>
        <line num="261" count="1" type="stmt"/>
        <line num="262" count="1" type="stmt"/>
        <line num="263" count="1" type="stmt"/>
        <line num="264" count="1" type="stmt"/>
        <line num="265" count="1" type="stmt"/>
        <line num="266" count="1" type="stmt"/>
        <line num="267" count="1" type="stmt"/>
        <line num="268" count="1" type="stmt"/>
        <line num="269" count="1" type="stmt"/>
        <line num="270" count="1" type="stmt"/>
        <line num="271" count="1" type="stmt"/>
        <line num="272" count="1" type="stmt"/>
        <line num="273" count="1" type="stmt"/>
        <line num="274" count="1" type="stmt"/>
        <line num="275" count="1" type="stmt"/>
        <line num="276" count="1" type="stmt"/>
        <line num="277" count="1" type="stmt"/>
        <line num="278" count="1" type="stmt"/>
        <line num="279" count="3" type="cond" truecount="1" falsecount="0"/>
        <line num="280" count="3" type="stmt"/>
        <line num="281" count="3" type="stmt"/>
        <line num="282" count="3" type="stmt"/>
        <line num="283" count="3" type="stmt"/>
        <line num="284" count="3" type="stmt"/>
        <line num="285" count="3" type="stmt"/>
        <line num="286" count="3" type="stmt"/>
        <line num="287" count="3" type="stmt"/>
        <line num="288" count="3" type="stmt"/>
        <line num="289" count="3" type="stmt"/>
        <line num="290" count="3" type="stmt"/>
        <line num="291" count="3" type="stmt"/>
        <line num="292" count="3" type="stmt"/>
        <line num="293" count="3" type="stmt"/>
        <line num="294" count="3" type="stmt"/>
        <line num="295" count="3" type="stmt"/>
        <line num="296" count="3" type="stmt"/>
        <line num="297" count="3" type="stmt"/>
        <line num="298" count="3" type="stmt"/>
        <line num="299" count="3" type="stmt"/>
        <line num="300" count="3" type="stmt"/>
        <line num="301" count="3" type="stmt"/>
        <line num="302" count="3" type="stmt"/>
        <line num="303" count="3" type="stmt"/>
        <line num="304" count="3" type="stmt"/>
        <line num="305" count="3" type="stmt"/>
        <line num="306" count="3" type="stmt"/>
        <line num="307" count="3" type="stmt"/>
        <line num="308" count="3" type="stmt"/>
        <line num="309" count="3" type="stmt"/>
        <line num="310" count="3" type="stmt"/>
        <line num="311" count="3" type="stmt"/>
        <line num="312" count="3" type="stmt"/>
        <line num="313" count="3" type="stmt"/>
        <line num="314" count="3" type="cond" truecount="1" falsecount="1"/>
        <line num="315" count="7" type="stmt"/>
        <line num="316" count="7" type="stmt"/>
        <line num="317" count="7" type="stmt"/>
        <line num="318" count="7" type="stmt"/>
        <line num="319" count="7" type="stmt"/>
        <line num="320" count="7" type="stmt"/>
        <line num="321" count="7" type="stmt"/>
        <line num="322" count="7" type="cond" truecount="0" falsecount="1"/>
        <line num="323" count="7" type="stmt"/>
        <line num="324" count="7" type="stmt"/>
        <line num="325" count="7" type="stmt"/>
        <line num="326" count="7" type="cond" truecount="0" falsecount="1"/>
        <line num="327" count="7" type="stmt"/>
        <line num="328" count="7" type="stmt"/>
        <line num="329" count="7" type="stmt"/>
        <line num="330" count="7" type="stmt"/>
        <line num="331" count="3" type="stmt"/>
        <line num="332" count="3" type="cond" truecount="1" falsecount="0"/>
        <line num="333" count="7" type="stmt"/>
        <line num="334" count="7" type="stmt"/>
        <line num="335" count="7" type="cond" truecount="0" falsecount="1"/>
        <line num="336" count="0" type="stmt"/>
        <line num="337" count="7" type="stmt"/>
        <line num="338" count="7" type="stmt"/>
        <line num="339" count="7" type="stmt"/>
        <line num="340" count="7" type="stmt"/>
        <line num="341" count="7" type="cond" truecount="0" falsecount="1"/>
        <line num="342" count="0" type="stmt"/>
        <line num="343" count="0" type="stmt"/>
        <line num="344" count="0" type="stmt"/>
        <line num="345" count="0" type="stmt"/>
        <line num="346" count="0" type="stmt"/>
        <line num="347" count="0" type="stmt"/>
        <line num="348" count="7" type="stmt"/>
        <line num="349" count="7" type="stmt"/>
        <line num="350" count="7" type="stmt"/>
        <line num="351" count="7" type="stmt"/>
        <line num="352" count="7" type="stmt"/>
        <line num="353" count="7" type="stmt"/>
        <line num="354" count="7" type="stmt"/>
        <line num="355" count="7" type="stmt"/>
        <line num="356" count="7" type="stmt"/>
        <line num="357" count="7" type="stmt"/>
        <line num="358" count="7" type="stmt"/>
        <line num="359" count="7" type="stmt"/>
        <line num="360" count="7" type="stmt"/>
        <line num="361" count="7" type="stmt"/>
        <line num="362" count="7" type="stmt"/>
        <line num="363" count="7" type="stmt"/>
        <line num="364" count="7" type="stmt"/>
        <line num="365" count="7" type="cond" truecount="0" falsecount="1"/>
        <line num="366" count="0" type="stmt"/>
        <line num="367" count="0" type="stmt"/>
        <line num="368" count="7" type="stmt"/>
        <line num="369" count="3" type="stmt"/>
        <line num="370" count="3" type="stmt"/>
        <line num="371" count="0" type="stmt"/>
        <line num="372" count="0" type="stmt"/>
        <line num="373" count="3" type="stmt"/>
        <line num="374" count="3" type="stmt"/>
        <line num="375" count="0" type="stmt"/>
        <line num="376" count="0" type="stmt"/>
        <line num="377" count="3" type="stmt"/>
        <line num="378" count="3" type="stmt"/>
        <line num="379" count="0" type="stmt"/>
        <line num="380" count="0" type="stmt"/>
        <line num="381" count="3" type="stmt"/>
        <line num="382" count="3" type="stmt"/>
        <line num="383" count="0" type="stmt"/>
        <line num="384" count="0" type="stmt"/>
        <line num="385" count="3" type="stmt"/>
        <line num="386" count="3" type="cond" truecount="1" falsecount="0"/>
        <line num="387" count="7" type="stmt"/>
        <line num="388" count="7" type="stmt"/>
        <line num="389" count="3" type="stmt"/>
        <line num="390" count="3" type="stmt"/>
        <line num="391" count="0" type="stmt"/>
        <line num="392" count="0" type="stmt"/>
        <line num="393" count="3" type="stmt"/>
        <line num="394" count="3" type="cond" truecount="1" falsecount="0"/>
        <line num="395" count="57525" type="stmt"/>
        <line num="396" count="57525" type="stmt"/>
        <line num="397" count="3" type="stmt"/>
        <line num="398" count="3" type="cond" truecount="1" falsecount="0"/>
        <line num="399" count="5053" type="stmt"/>
        <line num="400" count="5053" type="stmt"/>
        <line num="401" count="3" type="stmt"/>
        <line num="402" count="3" type="cond" truecount="1" falsecount="0"/>
        <line num="403" count="2" type="stmt"/>
        <line num="404" count="2" type="stmt"/>
        <line num="405" count="2" type="stmt"/>
        <line num="406" count="2" type="stmt"/>
        <line num="407" count="2" type="stmt"/>
        <line num="408" count="2" type="stmt"/>
        <line num="409" count="3" type="stmt"/>
        <line num="410" count="3" type="cond" truecount="1" falsecount="0"/>
        <line num="411" count="7" type="stmt"/>
        <line num="412" count="7" type="stmt"/>
        <line num="413" count="7" type="stmt"/>
        <line num="414" count="7" type="stmt"/>
        <line num="415" count="7" type="stmt"/>
        <line num="416" count="7" type="stmt"/>
        <line num="417" count="7" type="cond" truecount="1" falsecount="0"/>
        <line num="418" count="266" type="cond" truecount="1" falsecount="0"/>
        <line num="419" count="76" type="stmt"/>
        <line num="420" count="76" type="stmt"/>
        <line num="421" count="7" type="stmt"/>
        <line num="422" count="7" type="stmt"/>
        <line num="423" count="7" type="stmt"/>
        <line num="424" count="7" type="stmt"/>
        <line num="425" count="3" type="stmt"/>
        <line num="426" count="3" type="cond" truecount="1" falsecount="0"/>
        <line num="427" count="8750" type="stmt"/>
        <line num="428" count="8750" type="stmt"/>
        <line num="429" count="3" type="stmt"/>
        <line num="430" count="3" type="cond" truecount="1" falsecount="0"/>
        <line num="431" count="8750" type="stmt"/>
        <line num="432" count="8750" type="stmt"/>
        <line num="433" count="3" type="stmt"/>
        <line num="434" count="3" type="cond" truecount="1" falsecount="1"/>
        <line num="435" count="7" type="stmt"/>
        <line num="436" count="7" type="stmt"/>
        <line num="437" count="7" type="cond" truecount="0" falsecount="1"/>
        <line num="438" count="7" type="stmt"/>
        <line num="439" count="7" type="stmt"/>
        <line num="440" count="7" type="stmt"/>
        <line num="441" count="7" type="stmt"/>
        <line num="442" count="7" type="cond" truecount="0" falsecount="1"/>
        <line num="443" count="7" type="stmt"/>
        <line num="444" count="7" type="stmt"/>
        <line num="445" count="7" type="stmt"/>
        <line num="446" count="7" type="stmt"/>
        <line num="447" count="3" type="stmt"/>
        <line num="448" count="3" type="cond" truecount="1" falsecount="1"/>
        <line num="449" count="7" type="stmt"/>
        <line num="450" count="7" type="stmt"/>
        <line num="451" count="7" type="stmt"/>
        <line num="452" count="7" type="stmt"/>
        <line num="453" count="7" type="stmt"/>
        <line num="454" count="7" type="stmt"/>
        <line num="455" count="7" type="stmt"/>
        <line num="456" count="7" type="stmt"/>
        <line num="457" count="7" type="stmt"/>
        <line num="458" count="7" type="stmt"/>
        <line num="459" count="7" type="stmt"/>
        <line num="460" count="7" type="stmt"/>
        <line num="461" count="7" type="stmt"/>
        <line num="462" count="7" type="stmt"/>
        <line num="463" count="7" type="stmt"/>
        <line num="464" count="7" type="stmt"/>
        <line num="465" count="7" type="stmt"/>
        <line num="466" count="7" type="stmt"/>
        <line num="467" count="7" type="cond" truecount="1" falsecount="0"/>
        <line num="468" count="7" type="stmt"/>
        <line num="469" count="7" type="stmt"/>
        <line num="470" count="7" type="stmt"/>
        <line num="471" count="7" type="stmt"/>
        <line num="472" count="7" type="stmt"/>
        <line num="473" count="7" type="stmt"/>
        <line num="474" count="7" type="stmt"/>
        <line num="475" count="7" type="stmt"/>
        <line num="476" count="7" type="stmt"/>
        <line num="477" count="7" type="stmt"/>
        <line num="478" count="7" type="stmt"/>
        <line num="479" count="7" type="stmt"/>
        <line num="480" count="7" type="stmt"/>
        <line num="481" count="7" type="stmt"/>
        <line num="482" count="7" type="stmt"/>
        <line num="483" count="7" type="stmt"/>
        <line num="484" count="7" type="stmt"/>
        <line num="485" count="7" type="stmt"/>
        <line num="486" count="7" type="cond" truecount="0" falsecount="1"/>
        <line num="487" count="0" type="stmt"/>
        <line num="488" count="7" type="stmt"/>
        <line num="489" count="7" type="stmt"/>
        <line num="490" count="7" type="stmt"/>
        <line num="491" count="7" type="stmt"/>
        <line num="492" count="7" type="stmt"/>
        <line num="493" count="7" type="stmt"/>
        <line num="494" count="7" type="stmt"/>
        <line num="495" count="7" type="stmt"/>
        <line num="496" count="7" type="stmt"/>
        <line num="497" count="3" type="stmt"/>
        <line num="498" count="3" type="stmt"/>
        <line num="499" count="0" type="stmt"/>
        <line num="500" count="0" type="stmt"/>
        <line num="501" count="0" type="stmt"/>
        <line num="502" count="0" type="stmt"/>
        <line num="503" count="0" type="stmt"/>
        <line num="504" count="0" type="stmt"/>
        <line num="505" count="0" type="stmt"/>
        <line num="506" count="0" type="stmt"/>
        <line num="507" count="0" type="stmt"/>
        <line num="508" count="0" type="stmt"/>
        <line num="509" count="0" type="stmt"/>
        <line num="510" count="0" type="stmt"/>
        <line num="511" count="3" type="stmt"/>
        <line num="512" count="3" type="stmt"/>
        <line num="513" count="0" type="stmt"/>
        <line num="514" count="0" type="stmt"/>
        <line num="515" count="3" type="stmt"/>
        <line num="516" count="3" type="stmt"/>
        <line num="517" count="0" type="stmt"/>
        <line num="518" count="0" type="stmt"/>
        <line num="519" count="3" type="stmt"/>
        <line num="520" count="3" type="stmt"/>
        <line num="521" count="0" type="stmt"/>
        <line num="522" count="0" type="stmt"/>
        <line num="523" count="0" type="stmt"/>
        <line num="524" count="0" type="stmt"/>
        <line num="525" count="0" type="stmt"/>
        <line num="526" count="0" type="stmt"/>
        <line num="527" count="3" type="stmt"/>
        <line num="528" count="3" type="stmt"/>
        <line num="529" count="0" type="stmt"/>
        <line num="530" count="0" type="stmt"/>
        <line num="531" count="0" type="stmt"/>
        <line num="532" count="0" type="stmt"/>
        <line num="533" count="0" type="stmt"/>
        <line num="534" count="0" type="stmt"/>
        <line num="535" count="0" type="stmt"/>
        <line num="536" count="0" type="stmt"/>
        <line num="537" count="0" type="stmt"/>
        <line num="538" count="0" type="stmt"/>
        <line num="539" count="0" type="stmt"/>
        <line num="540" count="3" type="stmt"/>
        <line num="541" count="3" type="stmt"/>
        <line num="542" count="0" type="stmt"/>
        <line num="543" count="0" type="stmt"/>
        <line num="544" count="0" type="stmt"/>
        <line num="545" count="0" type="stmt"/>
        <line num="546" count="0" type="stmt"/>
        <line num="547" count="0" type="stmt"/>
        <line num="548" count="0" type="stmt"/>
        <line num="549" count="3" type="stmt"/>
        <line num="550" count="3" type="cond" truecount="1" falsecount="0"/>
        <line num="551" count="191443" type="stmt"/>
        <line num="552" count="191443" type="stmt"/>
        <line num="553" count="191443" type="stmt"/>
        <line num="554" count="191443" type="cond" truecount="1" falsecount="0"/>
        <line num="555" count="9482" type="stmt"/>
        <line num="556" count="9482" type="stmt"/>
        <line num="557" count="191443" type="cond" truecount="1" falsecount="0"/>
        <line num="558" count="6428" type="stmt"/>
        <line num="559" count="6428" type="stmt"/>
        <line num="560" count="191443" type="cond" truecount="1" falsecount="0"/>
        <line num="561" count="3576" type="stmt"/>
        <line num="562" count="3576" type="stmt"/>
        <line num="563" count="191443" type="cond" truecount="1" falsecount="0"/>
        <line num="564" count="1075" type="stmt"/>
        <line num="565" count="1075" type="stmt"/>
        <line num="566" count="191443" type="cond" truecount="1" falsecount="0"/>
        <line num="567" count="1888" type="stmt"/>
        <line num="568" count="1888" type="stmt"/>
        <line num="569" count="191443" type="cond" truecount="1" falsecount="0"/>
        <line num="570" count="1741" type="stmt"/>
        <line num="571" count="1741" type="stmt"/>
        <line num="572" count="191443" type="cond" truecount="1" falsecount="0"/>
        <line num="573" count="13767" type="stmt"/>
        <line num="574" count="13767" type="stmt"/>
        <line num="575" count="191443" type="cond" truecount="1" falsecount="0"/>
        <line num="576" count="458" type="stmt"/>
        <line num="577" count="458" type="stmt"/>
        <line num="578" count="191443" type="cond" truecount="1" falsecount="0"/>
        <line num="579" count="17148" type="stmt"/>
        <line num="580" count="17148" type="stmt"/>
        <line num="581" count="191443" type="cond" truecount="1" falsecount="0"/>
        <line num="582" count="5279" type="stmt"/>
        <line num="583" count="5279" type="stmt"/>
        <line num="584" count="191443" type="cond" truecount="1" falsecount="0"/>
        <line num="585" count="3767" type="stmt"/>
        <line num="586" count="3767" type="stmt"/>
        <line num="587" count="191443" type="cond" truecount="1" falsecount="0"/>
        <line num="588" count="19701" type="stmt"/>
        <line num="589" count="19701" type="stmt"/>
        <line num="590" count="191443" type="cond" truecount="1" falsecount="0"/>
        <line num="591" count="57381" type="stmt"/>
        <line num="592" count="57381" type="stmt"/>
        <line num="593" count="191443" type="cond" truecount="1" falsecount="0"/>
        <line num="594" count="18310" type="stmt"/>
        <line num="595" count="18310" type="stmt"/>
        <line num="596" count="191443" type="cond" truecount="1" falsecount="0"/>
        <line num="597" count="1139" type="stmt"/>
        <line num="598" count="1139" type="stmt"/>
        <line num="599" count="191443" type="cond" truecount="1" falsecount="0"/>
        <line num="600" count="4200" type="stmt"/>
        <line num="601" count="4200" type="stmt"/>
        <line num="602" count="191443" type="cond" truecount="1" falsecount="0"/>
        <line num="603" count="191443" type="cond" truecount="1" falsecount="0"/>
        <line num="604" count="10382" type="stmt"/>
        <line num="605" count="10382" type="stmt"/>
        <line num="606" count="191443" type="cond" truecount="1" falsecount="0"/>
        <line num="607" count="4456" type="stmt"/>
        <line num="608" count="4456" type="stmt"/>
        <line num="609" count="191443" type="cond" truecount="1" falsecount="0"/>
        <line num="610" count="16" type="stmt"/>
        <line num="611" count="16" type="stmt"/>
        <line num="612" count="191443" type="cond" truecount="1" falsecount="0"/>
        <line num="613" count="2912" type="stmt"/>
        <line num="614" count="2912" type="stmt"/>
        <line num="615" count="191443" type="cond" truecount="1" falsecount="0"/>
        <line num="616" count="3455" type="stmt"/>
        <line num="617" count="3455" type="stmt"/>
        <line num="618" count="191443" type="cond" truecount="1" falsecount="0"/>
        <line num="619" count="1737" type="stmt"/>
        <line num="620" count="1737" type="stmt"/>
        <line num="621" count="191443" type="cond" truecount="1" falsecount="0"/>
        <line num="622" count="2043" type="stmt"/>
        <line num="623" count="2043" type="stmt"/>
        <line num="624" count="191443" type="cond" truecount="1" falsecount="0"/>
        <line num="625" count="688" type="stmt"/>
        <line num="626" count="688" type="stmt"/>
        <line num="627" count="191443" type="cond" truecount="1" falsecount="0"/>
        <line num="628" count="61" type="stmt"/>
        <line num="629" count="61" type="stmt"/>
        <line num="630" count="191443" type="cond" truecount="1" falsecount="0"/>
        <line num="631" count="12" type="stmt"/>
        <line num="632" count="12" type="stmt"/>
        <line num="633" count="191443" type="cond" truecount="1" falsecount="0"/>
        <line num="634" count="62" type="stmt"/>
        <line num="635" count="62" type="stmt"/>
        <line num="636" count="191443" type="cond" truecount="0" falsecount="1"/>
        <line num="637" count="0" type="stmt"/>
        <line num="638" count="0" type="stmt"/>
        <line num="639" count="191443" type="cond" truecount="1" falsecount="0"/>
        <line num="640" count="26" type="stmt"/>
        <line num="641" count="26" type="stmt"/>
        <line num="642" count="191443" type="cond" truecount="1" falsecount="0"/>
        <line num="643" count="18" type="stmt"/>
        <line num="644" count="18" type="stmt"/>
        <line num="645" count="191443" type="cond" truecount="1" falsecount="0"/>
        <line num="646" count="8" type="stmt"/>
        <line num="647" count="8" type="stmt"/>
        <line num="648" count="191443" type="cond" truecount="1" falsecount="0"/>
        <line num="649" count="188" type="stmt"/>
        <line num="650" count="188" type="stmt"/>
        <line num="651" count="191443" type="cond" truecount="1" falsecount="0"/>
        <line num="652" count="36" type="stmt"/>
        <line num="653" count="36" type="stmt"/>
        <line num="654" count="191443" type="cond" truecount="1" falsecount="0"/>
        <line num="655" count="3" type="stmt"/>
        <line num="656" count="3" type="stmt"/>
        <line num="657" count="191443" type="cond" truecount="0" falsecount="1"/>
        <line num="658" count="0" type="stmt"/>
        <line num="659" count="0" type="stmt"/>
        <line num="660" count="191443" type="cond" truecount="0" falsecount="1"/>
        <line num="661" count="0" type="stmt"/>
        <line num="662" count="191443" type="stmt"/>
        <line num="663" count="191443" type="stmt"/>
        <line num="664" count="191443" type="cond" truecount="1" falsecount="0"/>
        <line num="665" count="124923" type="stmt"/>
        <line num="666" count="124923" type="stmt"/>
        <line num="667" count="124923" type="cond" truecount="0" falsecount="3"/>
        <line num="668" count="0" type="stmt"/>
        <line num="669" count="0" type="stmt"/>
        <line num="670" count="124923" type="stmt"/>
        <line num="671" count="124923" type="stmt"/>
        <line num="672" count="124923" type="stmt"/>
        <line num="673" count="124923" type="stmt"/>
        <line num="674" count="191443" type="stmt"/>
        <line num="675" count="191443" type="stmt"/>
        <line num="676" count="3" type="stmt"/>
        <line num="677" count="3" type="stmt"/>
        <line num="678" count="3" type="cond" truecount="1" falsecount="0"/>
        <line num="679" count="9482" type="stmt"/>
        <line num="680" count="9482" type="stmt"/>
        <line num="681" count="9482" type="stmt"/>
        <line num="682" count="9482" type="cond" truecount="1" falsecount="0"/>
        <line num="683" count="6277" type="stmt"/>
        <line num="684" count="6277" type="stmt"/>
        <line num="685" count="6277" type="stmt"/>
        <line num="686" count="6277" type="stmt"/>
        <line num="687" count="6277" type="cond" truecount="1" falsecount="0"/>
        <line num="688" count="1859" type="stmt"/>
        <line num="689" count="6277" type="cond" truecount="1" falsecount="0"/>
        <line num="690" count="995" type="stmt"/>
        <line num="691" count="6277" type="cond" truecount="1" falsecount="0"/>
        <line num="692" count="1746" type="stmt"/>
        <line num="693" count="6277" type="cond" truecount="1" falsecount="0"/>
        <line num="694" count="430" type="stmt"/>
        <line num="695" count="6277" type="cond" truecount="1" falsecount="0"/>
        <line num="696" count="527" type="stmt"/>
        <line num="697" count="6277" type="cond" truecount="0" falsecount="1"/>
        <line num="698" count="0" type="stmt"/>
        <line num="699" count="6277" type="cond" truecount="1" falsecount="0"/>
        <line num="700" count="194" type="stmt"/>
        <line num="701" count="6277" type="cond" truecount="1" falsecount="0"/>
        <line num="702" count="51" type="stmt"/>
        <line num="703" count="6277" type="cond" truecount="1" falsecount="0"/>
        <line num="704" count="1" type="stmt"/>
        <line num="705" count="6277" type="cond" truecount="0" falsecount="1"/>
        <line num="706" count="0" type="stmt"/>
        <line num="707" count="6277" type="cond" truecount="0" falsecount="1"/>
        <line num="708" count="0" type="stmt"/>
        <line num="709" count="6277" type="cond" truecount="1" falsecount="0"/>
        <line num="710" count="289" type="stmt"/>
        <line num="711" count="6277" type="cond" truecount="1" falsecount="0"/>
        <line num="712" count="32" type="stmt"/>
        <line num="713" count="6277" type="cond" truecount="1" falsecount="0"/>
        <line num="714" count="14" type="stmt"/>
        <line num="715" count="6277" type="cond" truecount="0" falsecount="1"/>
        <line num="716" count="0" type="stmt"/>
        <line num="717" count="6277" type="cond" truecount="1" falsecount="0"/>
        <line num="718" count="10" type="stmt"/>
        <line num="719" count="6277" type="cond" truecount="0" falsecount="1"/>
        <line num="720" count="0" type="stmt"/>
        <line num="721" count="6277" type="cond" truecount="0" falsecount="1"/>
        <line num="722" count="0" type="stmt"/>
        <line num="723" count="6277" type="cond" truecount="1" falsecount="0"/>
        <line num="724" count="2" type="stmt"/>
        <line num="725" count="6277" type="cond" truecount="1" falsecount="0"/>
        <line num="726" count="1" type="stmt"/>
        <line num="727" count="6277" type="cond" truecount="1" falsecount="0"/>
        <line num="728" count="117" type="stmt"/>
        <line num="729" count="6277" type="cond" truecount="1" falsecount="0"/>
        <line num="730" count="9" type="stmt"/>
        <line num="731" count="6277" type="cond" truecount="0" falsecount="1"/>
        <line num="732" count="0" type="stmt"/>
        <line num="733" count="0" type="stmt"/>
        <line num="734" count="0" type="stmt"/>
        <line num="735" count="0" type="stmt"/>
        <line num="736" count="0" type="stmt"/>
        <line num="737" count="6277" type="stmt"/>
        <line num="738" count="9482" type="stmt"/>
        <line num="739" count="9482" type="stmt"/>
        <line num="740" count="3" type="stmt"/>
        <line num="741" count="3" type="stmt"/>
        <line num="742" count="3" type="cond" truecount="1" falsecount="0"/>
        <line num="743" count="6428" type="stmt"/>
        <line num="744" count="6428" type="stmt"/>
        <line num="745" count="6428" type="stmt"/>
        <line num="746" count="6428" type="cond" truecount="1" falsecount="0"/>
        <line num="747" count="10408" type="stmt"/>
        <line num="748" count="10408" type="cond" truecount="1" falsecount="0"/>
        <line num="749" count="6626" type="cond" truecount="1" falsecount="0"/>
        <line num="750" count="10408" type="cond" truecount="1" falsecount="0"/>
        <line num="751" count="3782" type="cond" truecount="1" falsecount="0"/>
        <line num="752" count="10408" type="cond" truecount="0" falsecount="1"/>
        <line num="753" count="0" type="stmt"/>
        <line num="754" count="0" type="stmt"/>
        <line num="755" count="0" type="stmt"/>
        <line num="756" count="0" type="stmt"/>
        <line num="757" count="0" type="stmt"/>
        <line num="758" count="10408" type="stmt"/>
        <line num="759" count="6428" type="stmt"/>
        <line num="760" count="6428" type="stmt"/>
        <line num="761" count="3" type="stmt"/>
        <line num="762" count="3" type="stmt"/>
        <line num="763" count="3" type="stmt"/>
        <line num="764" count="3" type="stmt"/>
        <line num="765" count="3" type="stmt"/>
        <line num="766" count="3" type="stmt"/>
        <line num="767" count="3" type="stmt"/>
        <line num="768" count="3" type="stmt"/>
        <line num="769" count="3" type="stmt"/>
        <line num="770" count="3" type="stmt"/>
        <line num="771" count="3" type="stmt"/>
        <line num="772" count="3" type="cond" truecount="1" falsecount="0"/>
        <line num="773" count="3576" type="stmt"/>
        <line num="774" count="3576" type="cond" truecount="1" falsecount="0"/>
        <line num="775" count="33" type="stmt"/>
        <line num="776" count="33" type="stmt"/>
        <line num="777" count="33" type="stmt"/>
        <line num="778" count="33" type="stmt"/>
        <line num="779" count="0" type="stmt"/>
        <line num="780" count="0" type="stmt"/>
        <line num="781" count="0" type="stmt"/>
        <line num="782" count="0" type="stmt"/>
        <line num="783" count="0" type="stmt"/>
        <line num="784" count="0" type="stmt"/>
        <line num="785" count="0" type="stmt"/>
        <line num="786" count="0" type="stmt"/>
        <line num="787" count="0" type="stmt"/>
        <line num="788" count="0" type="stmt"/>
        <line num="789" count="33" type="stmt"/>
        <line num="790" count="3576" type="cond" truecount="1" falsecount="0"/>
        <line num="791" count="3543" type="stmt"/>
        <line num="792" count="3543" type="stmt"/>
        <line num="793" count="3543" type="stmt"/>
        <line num="794" count="3543" type="cond" truecount="2" falsecount="0"/>
        <line num="795" count="184" type="stmt"/>
        <line num="796" count="184" type="stmt"/>
        <line num="797" count="184" type="stmt"/>
        <line num="798" count="184" type="cond" truecount="1" falsecount="0"/>
        <line num="799" count="3543" type="cond" truecount="1" falsecount="0"/>
        <line num="800" count="3359" type="stmt"/>
        <line num="801" count="3359" type="stmt"/>
        <line num="802" count="3543" type="stmt"/>
        <line num="803" count="3543" type="cond" truecount="1" falsecount="0"/>
        <line num="804" count="6022" type="stmt"/>
        <line num="805" count="6022" type="stmt"/>
        <line num="806" count="6022" type="stmt"/>
        <line num="807" count="6022" type="cond" truecount="1" falsecount="0"/>
        <line num="808" count="84" type="stmt"/>
        <line num="809" count="6022" type="cond" truecount="1" falsecount="0"/>
        <line num="810" count="7" type="stmt"/>
        <line num="811" count="6022" type="cond" truecount="1" falsecount="0"/>
        <line num="812" count="3651" type="stmt"/>
        <line num="813" count="6022" type="cond" truecount="0" falsecount="1"/>
        <line num="814" count="0" type="stmt"/>
        <line num="815" count="6022" type="cond" truecount="1" falsecount="0"/>
        <line num="816" count="6" type="stmt"/>
        <line num="817" count="6022" type="cond" truecount="1" falsecount="0"/>
        <line num="818" count="2274" type="stmt"/>
        <line num="819" count="6022" type="cond" truecount="0" falsecount="1"/>
        <line num="820" count="0" type="stmt"/>
        <line num="821" count="0" type="stmt"/>
        <line num="822" count="0" type="stmt"/>
        <line num="823" count="0" type="stmt"/>
        <line num="824" count="0" type="stmt"/>
        <line num="825" count="6022" type="stmt"/>
        <line num="826" count="3543" type="stmt"/>
        <line num="827" count="3576" type="stmt"/>
        <line num="828" count="3576" type="stmt"/>
        <line num="829" count="3" type="stmt"/>
        <line num="830" count="3" type="stmt"/>
        <line num="831" count="3" type="cond" truecount="1" falsecount="0"/>
        <line num="832" count="1075" type="stmt"/>
        <line num="833" count="1075" type="stmt"/>
        <line num="834" count="1075" type="cond" truecount="1" falsecount="0"/>
        <line num="835" count="620" type="stmt"/>
        <line num="836" count="620" type="stmt"/>
        <line num="837" count="620" type="stmt"/>
        <line num="838" count="620" type="stmt"/>
        <line num="839" count="620" type="stmt"/>
        <line num="840" count="620" type="stmt"/>
        <line num="841" count="620" type="cond" truecount="1" falsecount="0"/>
        <line num="842" count="598" type="cond" truecount="0" falsecount="1"/>
        <line num="843" count="620" type="cond" truecount="1" falsecount="0"/>
        <line num="844" count="22" type="cond" truecount="0" falsecount="1"/>
        <line num="845" count="620" type="cond" truecount="0" falsecount="1"/>
        <line num="846" count="0" type="stmt"/>
        <line num="847" count="0" type="stmt"/>
        <line num="848" count="0" type="stmt"/>
        <line num="849" count="0" type="stmt"/>
        <line num="850" count="0" type="stmt"/>
        <line num="851" count="620" type="stmt"/>
        <line num="852" count="1075" type="stmt"/>
        <line num="853" count="1075" type="stmt"/>
        <line num="854" count="3" type="stmt"/>
        <line num="855" count="3" type="stmt"/>
        <line num="856" count="3" type="cond" truecount="1" falsecount="0"/>
        <line num="857" count="1888" type="stmt"/>
        <line num="858" count="1888" type="stmt"/>
        <line num="859" count="1888" type="stmt"/>
        <line num="860" count="1888" type="stmt"/>
        <line num="861" count="1888" type="stmt"/>
        <line num="862" count="1888" type="cond" truecount="1" falsecount="0"/>
        <line num="863" count="4826" type="cond" truecount="1" falsecount="0"/>
        <line num="864" count="4764" type="stmt"/>
        <line num="865" count="4764" type="stmt"/>
        <line num="866" count="4826" type="cond" truecount="1" falsecount="0"/>
        <line num="867" count="62" type="stmt"/>
        <line num="868" count="62" type="stmt"/>
        <line num="869" count="62" type="cond" truecount="0" falsecount="1"/>
        <line num="870" count="0" type="stmt"/>
        <line num="871" count="0" type="stmt"/>
        <line num="872" count="4826" type="stmt"/>
        <line num="873" count="1888" type="stmt"/>
        <line num="874" count="1888" type="stmt"/>
        <line num="875" count="1888" type="stmt"/>
        <line num="876" count="1888" type="stmt"/>
        <line num="877" count="1888" type="stmt"/>
        <line num="878" count="1888" type="stmt"/>
        <line num="879" count="1888" type="stmt"/>
        <line num="880" count="1888" type="stmt"/>
        <line num="881" count="1888" type="stmt"/>
        <line num="882" count="1888" type="cond" truecount="1" falsecount="0"/>
        <line num="883" count="4826" type="stmt"/>
        <line num="884" count="4826" type="stmt"/>
        <line num="885" count="4826" type="stmt"/>
        <line num="886" count="4826" type="stmt"/>
        <line num="887" count="4826" type="cond" truecount="0" falsecount="1"/>
        <line num="888" count="4826" type="stmt"/>
        <line num="889" count="4826" type="stmt"/>
        <line num="890" count="4826" type="stmt"/>
        <line num="891" count="4826" type="stmt"/>
        <line num="892" count="4826" type="stmt"/>
        <line num="893" count="4826" type="stmt"/>
        <line num="894" count="4826" type="stmt"/>
        <line num="895" count="4826" type="stmt"/>
        <line num="896" count="4826" type="stmt"/>
        <line num="897" count="1888" type="stmt"/>
        <line num="898" count="1888" type="stmt"/>
        <line num="899" count="1888" type="cond" truecount="1" falsecount="0"/>
        <line num="900" count="1010" type="stmt"/>
        <line num="901" count="1010" type="stmt"/>
        <line num="902" count="1010" type="stmt"/>
        <line num="903" count="1010" type="cond" truecount="1" falsecount="0"/>
        <line num="904" count="2587" type="stmt"/>
        <line num="905" count="2587" type="stmt"/>
        <line num="906" count="2587" type="stmt"/>
        <line num="907" count="2587" type="cond" truecount="0" falsecount="1"/>
        <line num="908" count="2587" type="cond" truecount="0" falsecount="1"/>
        <line num="909" count="2587" type="cond" truecount="0" falsecount="1"/>
        <line num="910" count="2587" type="stmt"/>
        <line num="911" count="2587" type="cond" truecount="0" falsecount="1"/>
        <line num="912" count="0" type="stmt"/>
        <line num="913" count="0" type="stmt"/>
        <line num="914" count="0" type="stmt"/>
        <line num="915" count="0" type="stmt"/>
        <line num="916" count="0" type="stmt"/>
        <line num="917" count="0" type="stmt"/>
        <line num="918" count="0" type="stmt"/>
        <line num="919" count="2587" type="stmt"/>
        <line num="920" count="2587" type="stmt"/>
        <line num="921" count="2587" type="stmt"/>
        <line num="922" count="2587" type="stmt"/>
        <line num="923" count="2587" type="stmt"/>
        <line num="924" count="2587" type="stmt"/>
        <line num="925" count="2587" type="stmt"/>
        <line num="926" count="2587" type="cond" truecount="1" falsecount="0"/>
        <line num="927" count="2587" type="cond" truecount="1" falsecount="0"/>
        <line num="928" count="2587" type="cond" truecount="1" falsecount="0"/>
        <line num="929" count="473" type="stmt"/>
        <line num="930" count="2587" type="cond" truecount="1" falsecount="0"/>
        <line num="931" count="473" type="stmt"/>
        <line num="932" count="473" type="stmt"/>
        <line num="933" count="2587" type="stmt"/>
        <line num="934" count="2587" type="stmt"/>
        <line num="935" count="2587" type="stmt"/>
        <line num="936" count="2587" type="stmt"/>
        <line num="937" count="1010" type="stmt"/>
        <line num="938" count="1010" type="stmt"/>
        <line num="939" count="1888" type="stmt"/>
        <line num="940" count="1888" type="stmt"/>
        <line num="941" count="3" type="stmt"/>
        <line num="942" count="3" type="stmt"/>
        <line num="943" count="3" type="cond" truecount="1" falsecount="0"/>
        <line num="944" count="1741" type="stmt"/>
        <line num="945" count="1741" type="cond" truecount="1" falsecount="0"/>
        <line num="946" count="1741" type="cond" truecount="0" falsecount="1"/>
        <line num="947" count="1741" type="stmt"/>
        <line num="948" count="1741" type="stmt"/>
        <line num="949" count="1741" type="cond" truecount="1" falsecount="0"/>
        <line num="950" count="681" type="stmt"/>
        <line num="951" count="681" type="stmt"/>
        <line num="952" count="681" type="cond" truecount="1" falsecount="0"/>
        <line num="953" count="1790" type="stmt"/>
        <line num="954" count="1790" type="stmt"/>
        <line num="955" count="1790" type="stmt"/>
        <line num="956" count="1790" type="stmt"/>
        <line num="957" count="1790" type="stmt"/>
        <line num="958" count="681" type="stmt"/>
        <line num="959" count="681" type="stmt"/>
        <line num="960" count="1741" type="stmt"/>
        <line num="961" count="1741" type="stmt"/>
        <line num="962" count="3" type="stmt"/>
        <line num="963" count="3" type="cond" truecount="1" falsecount="0"/>
        <line num="964" count="2591" type="stmt"/>
        <line num="965" count="2591" type="stmt"/>
        <line num="966" count="3" type="stmt"/>
        <line num="967" count="3" type="cond" truecount="1" falsecount="0"/>
        <line num="968" count="13767" type="stmt"/>
        <line num="969" count="13767" type="cond" truecount="1" falsecount="0"/>
        <line num="970" count="8298" type="stmt"/>
        <line num="971" count="8298" type="stmt"/>
        <line num="972" count="8298" type="stmt"/>
        <line num="973" count="8298" type="stmt"/>
        <line num="974" count="8298" type="cond" truecount="1" falsecount="0"/>
        <line num="975" count="2591" type="stmt"/>
        <line num="976" count="2591" type="stmt"/>
        <line num="977" count="2591" type="stmt"/>
        <line num="978" count="2591" type="stmt"/>
        <line num="979" count="2591" type="cond" truecount="1" falsecount="1"/>
        <line num="980" count="0" type="stmt"/>
        <line num="981" count="0" type="stmt"/>
        <line num="982" count="0" type="stmt"/>
        <line num="983" count="0" type="stmt"/>
        <line num="984" count="0" type="stmt"/>
        <line num="985" count="0" type="stmt"/>
        <line num="986" count="0" type="stmt"/>
        <line num="987" count="2589" type="cond" truecount="1" falsecount="0"/>
        <line num="988" count="2589" type="stmt"/>
        <line num="989" count="2589" type="stmt"/>
        <line num="990" count="2591" type="cond" truecount="0" falsecount="1"/>
        <line num="991" count="0" type="stmt"/>
        <line num="992" count="0" type="stmt"/>
        <line num="993" count="0" type="stmt"/>
        <line num="994" count="0" type="stmt"/>
        <line num="995" count="0" type="stmt"/>
        <line num="996" count="0" type="stmt"/>
        <line num="997" count="0" type="stmt"/>
        <line num="998" count="0" type="stmt"/>
        <line num="999" count="2589" type="cond" truecount="1" falsecount="0"/>
        <line num="1000" count="2589" type="stmt"/>
        <line num="1001" count="2589" type="stmt"/>
        <line num="1002" count="2591" type="cond" truecount="0" falsecount="1"/>
        <line num="1003" count="0" type="stmt"/>
        <line num="1004" count="0" type="stmt"/>
        <line num="1005" count="0" type="stmt"/>
        <line num="1006" count="0" type="stmt"/>
        <line num="1007" count="0" type="stmt"/>
        <line num="1008" count="0" type="stmt"/>
        <line num="1009" count="0" type="stmt"/>
        <line num="1010" count="2589" type="cond" truecount="1" falsecount="0"/>
        <line num="1011" count="2589" type="stmt"/>
        <line num="1012" count="2589" type="stmt"/>
        <line num="1013" count="2589" type="stmt"/>
        <line num="1014" count="2589" type="stmt"/>
        <line num="1015" count="2589" type="stmt"/>
        <line num="1016" count="2589" type="stmt"/>
        <line num="1017" count="2589" type="stmt"/>
        <line num="1018" count="2589" type="stmt"/>
        <line num="1019" count="2589" type="stmt"/>
        <line num="1020" count="2589" type="stmt"/>
        <line num="1021" count="2589" type="stmt"/>
        <line num="1022" count="2589" type="stmt"/>
        <line num="1023" count="2589" type="stmt"/>
        <line num="1024" count="8298" type="stmt"/>
        <line num="1025" count="13767" type="cond" truecount="1" falsecount="0"/>
        <line num="1026" count="5469" type="stmt"/>
        <line num="1027" count="5469" type="stmt"/>
        <line num="1028" count="5469" type="cond" truecount="1" falsecount="0"/>
        <line num="1029" count="3523" type="stmt"/>
        <line num="1030" count="3523" type="cond" truecount="1" falsecount="0"/>
        <line num="1031" count="3159" type="stmt"/>
        <line num="1032" count="3159" type="stmt"/>
        <line num="1033" count="3523" type="stmt"/>
        <line num="1034" count="3523" type="stmt"/>
        <line num="1035" count="3523" type="stmt"/>
        <line num="1036" count="3523" type="cond" truecount="0" falsecount="1"/>
        <line num="1037" count="0" type="stmt"/>
        <line num="1038" count="0" type="stmt"/>
        <line num="1039" count="0" type="stmt"/>
        <line num="1040" count="0" type="stmt"/>
        <line num="1041" count="0" type="stmt"/>
        <line num="1042" count="0" type="stmt"/>
        <line num="1043" count="3523" type="stmt"/>
        <line num="1044" count="3523" type="stmt"/>
        <line num="1045" count="3523" type="stmt"/>
        <line num="1046" count="3523" type="stmt"/>
        <line num="1047" count="3523" type="stmt"/>
        <line num="1048" count="3523" type="stmt"/>
        <line num="1049" count="3523" type="cond" truecount="1" falsecount="2"/>
        <line num="1050" count="0" type="stmt"/>
        <line num="1051" count="0" type="stmt"/>
        <line num="1052" count="0" type="stmt"/>
        <line num="1053" count="0" type="stmt"/>
        <line num="1054" count="0" type="stmt"/>
        <line num="1055" count="0" type="stmt"/>
        <line num="1056" count="0" type="stmt"/>
        <line num="1057" count="0" type="stmt"/>
        <line num="1058" count="0" type="stmt"/>
        <line num="1059" count="0" type="stmt"/>
        <line num="1060" count="0" type="stmt"/>
        <line num="1061" count="0" type="stmt"/>
        <line num="1062" count="0" type="stmt"/>
        <line num="1063" count="0" type="stmt"/>
        <line num="1064" count="0" type="stmt"/>
        <line num="1065" count="0" type="stmt"/>
        <line num="1066" count="3523" type="stmt"/>
        <line num="1067" count="3523" type="stmt"/>
        <line num="1068" count="3523" type="stmt"/>
        <line num="1069" count="3523" type="stmt"/>
        <line num="1070" count="3523" type="cond" truecount="0" falsecount="1"/>
        <line num="1071" count="0" type="stmt"/>
        <line num="1072" count="0" type="stmt"/>
        <line num="1073" count="0" type="stmt"/>
        <line num="1074" count="0" type="stmt"/>
        <line num="1075" count="0" type="stmt"/>
        <line num="1076" count="0" type="stmt"/>
        <line num="1077" count="0" type="stmt"/>
        <line num="1078" count="0" type="stmt"/>
        <line num="1079" count="3523" type="stmt"/>
        <line num="1080" count="3523" type="stmt"/>
        <line num="1081" count="3523" type="cond" truecount="0" falsecount="1"/>
        <line num="1082" count="0" type="stmt"/>
        <line num="1083" count="0" type="stmt"/>
        <line num="1084" count="0" type="stmt"/>
        <line num="1085" count="0" type="stmt"/>
        <line num="1086" count="0" type="stmt"/>
        <line num="1087" count="0" type="stmt"/>
        <line num="1088" count="0" type="stmt"/>
        <line num="1089" count="3523" type="stmt"/>
        <line num="1090" count="3523" type="stmt"/>
        <line num="1091" count="3523" type="stmt"/>
        <line num="1092" count="3523" type="stmt"/>
        <line num="1093" count="3523" type="stmt"/>
        <line num="1094" count="3523" type="cond" truecount="1" falsecount="0"/>
        <line num="1095" count="3159" type="stmt"/>
        <line num="1096" count="3159" type="cond" truecount="0" falsecount="1"/>
        <line num="1097" count="0" type="stmt"/>
        <line num="1098" count="0" type="stmt"/>
        <line num="1099" count="3159" type="stmt"/>
        <line num="1100" count="3523" type="stmt"/>
        <line num="1101" count="3523" type="stmt"/>
        <line num="1102" count="3523" type="stmt"/>
        <line num="1103" count="3523" type="stmt"/>
        <line num="1104" count="3523" type="stmt"/>
        <line num="1105" count="3523" type="stmt"/>
        <line num="1106" count="3523" type="stmt"/>
        <line num="1107" count="5469" type="stmt"/>
        <line num="1108" count="13767" type="stmt"/>
        <line num="1109" count="13767" type="stmt"/>
        <line num="1110" count="3" type="stmt"/>
        <line num="1111" count="3" type="stmt"/>
        <line num="1112" count="3" type="cond" truecount="1" falsecount="0"/>
        <line num="1113" count="13767" type="stmt"/>
        <line num="1114" count="13767" type="cond" truecount="1" falsecount="0"/>
        <line num="1115" count="13767" type="cond" truecount="1" falsecount="0"/>
        <line num="1116" count="6114" type="cond" truecount="1" falsecount="0"/>
        <line num="1117" count="13767" type="stmt"/>
        <line num="1118" count="13767" type="stmt"/>
        <line num="1119" count="3" type="stmt"/>
        <line num="1120" count="3" type="stmt"/>
        <line num="1121" count="3" type="cond" truecount="1" falsecount="0"/>
        <line num="1122" count="4594" type="stmt"/>
        <line num="1123" count="4594" type="stmt"/>
        <line num="1124" count="4594" type="stmt"/>
        <line num="1125" count="4594" type="stmt"/>
        <line num="1126" count="4594" type="stmt"/>
        <line num="1127" count="4594" type="stmt"/>
        <line num="1128" count="4594" type="stmt"/>
        <line num="1129" count="4594" type="stmt"/>
        <line num="1130" count="4594" type="stmt"/>
        <line num="1131" count="4594" type="stmt"/>
        <line num="1132" count="4594" type="cond" truecount="2" falsecount="0"/>
        <line num="1133" count="4594" type="stmt"/>
        <line num="1134" count="4594" type="stmt"/>
        <line num="1135" count="4594" type="cond" truecount="1" falsecount="0"/>
        <line num="1136" count="4594" type="stmt"/>
        <line num="1137" count="4594" type="stmt"/>
        <line num="1138" count="4594" type="stmt"/>
        <line num="1139" count="4594" type="stmt"/>
        <line num="1140" count="4594" type="stmt"/>
        <line num="1141" count="4594" type="stmt"/>
        <line num="1142" count="4594" type="stmt"/>
        <line num="1143" count="4594" type="stmt"/>
        <line num="1144" count="4594" type="stmt"/>
        <line num="1145" count="4594" type="cond" truecount="1" falsecount="0"/>
        <line num="1146" count="3801" type="stmt"/>
        <line num="1147" count="3801" type="stmt"/>
        <line num="1148" count="3801" type="stmt"/>
        <line num="1149" count="3801" type="cond" truecount="1" falsecount="0"/>
        <line num="1150" count="4373" type="stmt"/>
        <line num="1151" count="4373" type="stmt"/>
        <line num="1152" count="4373" type="stmt"/>
        <line num="1153" count="4373" type="stmt"/>
        <line num="1154" count="4373" type="stmt"/>
        <line num="1155" count="4373" type="stmt"/>
        <line num="1156" count="4373" type="stmt"/>
        <line num="1157" count="4373" type="stmt"/>
        <line num="1158" count="4373" type="stmt"/>
        <line num="1159" count="4373" type="stmt"/>
        <line num="1160" count="4373" type="stmt"/>
        <line num="1161" count="4373" type="stmt"/>
        <line num="1162" count="4373" type="stmt"/>
        <line num="1163" count="4373" type="cond" truecount="1" falsecount="0"/>
        <line num="1164" count="3435" type="stmt"/>
        <line num="1165" count="3435" type="stmt"/>
        <line num="1166" count="4373" type="stmt"/>
        <line num="1167" count="4373" type="stmt"/>
        <line num="1168" count="4373" type="stmt"/>
        <line num="1169" count="4373" type="cond" truecount="1" falsecount="0"/>
        <line num="1170" count="5114" type="stmt"/>
        <line num="1171" count="4373" type="stmt"/>
        <line num="1172" count="4373" type="stmt"/>
        <line num="1173" count="4373" type="stmt"/>
        <line num="1174" count="4373" type="stmt"/>
        <line num="1175" count="4373" type="stmt"/>
        <line num="1176" count="4373" type="stmt"/>
        <line num="1177" count="4373" type="stmt"/>
        <line num="1178" count="4373" type="stmt"/>
        <line num="1179" count="4373" type="stmt"/>
        <line num="1180" count="4373" type="stmt"/>
        <line num="1181" count="4373" type="stmt"/>
        <line num="1182" count="4373" type="stmt"/>
        <line num="1183" count="4373" type="stmt"/>
        <line num="1184" count="4373" type="stmt"/>
        <line num="1185" count="4373" type="stmt"/>
        <line num="1186" count="4373" type="cond" truecount="1" falsecount="0"/>
        <line num="1187" count="3417" type="stmt"/>
        <line num="1188" count="3417" type="stmt"/>
        <line num="1189" count="3801" type="stmt"/>
        <line num="1190" count="3801" type="stmt"/>
        <line num="1191" count="3801" type="stmt"/>
        <line num="1192" count="3801" type="stmt"/>
        <line num="1193" count="3801" type="stmt"/>
        <line num="1194" count="3801" type="stmt"/>
        <line num="1195" count="3801" type="stmt"/>
        <line num="1196" count="3801" type="stmt"/>
        <line num="1197" count="3801" type="stmt"/>
        <line num="1198" count="3801" type="stmt"/>
        <line num="1199" count="3801" type="stmt"/>
        <line num="1200" count="3801" type="stmt"/>
        <line num="1201" count="3801" type="stmt"/>
        <line num="1202" count="0" type="stmt"/>
        <line num="1203" count="3801" type="stmt"/>
        <line num="1204" count="3801" type="stmt"/>
        <line num="1205" count="3801" type="stmt"/>
        <line num="1206" count="3801" type="stmt"/>
        <line num="1207" count="3801" type="stmt"/>
        <line num="1208" count="3801" type="stmt"/>
        <line num="1209" count="3801" type="stmt"/>
        <line num="1210" count="0" type="stmt"/>
        <line num="1211" count="3801" type="stmt"/>
        <line num="1212" count="3801" type="stmt"/>
        <line num="1213" count="3801" type="stmt"/>
        <line num="1214" count="3801" type="stmt"/>
        <line num="1215" count="3801" type="stmt"/>
        <line num="1216" count="3801" type="stmt"/>
        <line num="1217" count="3801" type="stmt"/>
        <line num="1218" count="4594" type="stmt"/>
        <line num="1219" count="4594" type="stmt"/>
        <line num="1220" count="3" type="stmt"/>
        <line num="1221" count="3" type="stmt"/>
        <line num="1222" count="3" type="cond" truecount="1" falsecount="0"/>
        <line num="1223" count="458" type="stmt"/>
        <line num="1224" count="458" type="stmt"/>
        <line num="1225" count="458" type="cond" truecount="1" falsecount="0"/>
        <line num="1226" count="458" type="stmt"/>
        <line num="1227" count="458" type="cond" truecount="1" falsecount="0"/>
        <line num="1228" count="197" type="stmt"/>
        <line num="1229" count="197" type="stmt"/>
        <line num="1230" count="197" type="cond" truecount="0" falsecount="1"/>
        <line num="1231" count="0" type="stmt"/>
        <line num="1232" count="0" type="stmt"/>
        <line num="1233" count="0" type="stmt"/>
        <line num="1234" count="0" type="stmt"/>
        <line num="1235" count="0" type="stmt"/>
        <line num="1236" count="197" type="stmt"/>
        <line num="1237" count="197" type="stmt"/>
        <line num="1238" count="197" type="cond" truecount="0" falsecount="1"/>
        <line num="1239" count="0" type="stmt"/>
        <line num="1240" count="0" type="stmt"/>
        <line num="1241" count="0" type="stmt"/>
        <line num="1242" count="0" type="stmt"/>
        <line num="1243" count="0" type="stmt"/>
        <line num="1244" count="197" type="stmt"/>
        <line num="1245" count="197" type="cond" truecount="1" falsecount="0"/>
        <line num="1246" count="458" type="stmt"/>
        <line num="1247" count="458" type="stmt"/>
        <line num="1248" count="3" type="stmt"/>
        <line num="1249" count="3" type="stmt"/>
        <line num="1250" count="3" type="cond" truecount="1" falsecount="0"/>
        <line num="1251" count="17148" type="stmt"/>
        <line num="1252" count="17148" type="stmt"/>
        <line num="1253" count="17148" type="cond" truecount="1" falsecount="0"/>
        <line num="1254" count="8553" type="stmt"/>
        <line num="1255" count="8553" type="stmt"/>
        <line num="1256" count="8553" type="stmt"/>
        <line num="1257" count="8553" type="stmt"/>
        <line num="1258" count="17148" type="stmt"/>
        <line num="1259" count="17148" type="stmt"/>
        <line num="1260" count="3" type="stmt"/>
        <line num="1261" count="3" type="stmt"/>
        <line num="1262" count="3" type="cond" truecount="1" falsecount="0"/>
        <line num="1263" count="5279" type="cond" truecount="1" falsecount="0"/>
        <line num="1264" count="5279" type="stmt"/>
        <line num="1265" count="3" type="stmt"/>
        <line num="1266" count="3" type="stmt"/>
        <line num="1267" count="3" type="cond" truecount="1" falsecount="0"/>
        <line num="1268" count="3767" type="cond" truecount="1" falsecount="0"/>
        <line num="1269" count="3767" type="stmt"/>
        <line num="1270" count="3767" type="cond" truecount="1" falsecount="0"/>
        <line num="1271" count="1628" type="stmt"/>
        <line num="1272" count="1628" type="stmt"/>
        <line num="1273" count="1628" type="stmt"/>
        <line num="1274" count="1628" type="cond" truecount="1" falsecount="0"/>
        <line num="1275" count="5713" type="stmt"/>
        <line num="1276" count="5713" type="stmt"/>
        <line num="1277" count="5713" type="stmt"/>
        <line num="1278" count="1627" type="cond" truecount="1" falsecount="0"/>
        <line num="1279" count="1627" type="stmt"/>
        <line num="1280" count="3767" type="stmt"/>
        <line num="1281" count="3767" type="stmt"/>
        <line num="1282" count="3" type="stmt"/>
        <line num="1283" count="3" type="stmt"/>
        <line num="1284" count="3" type="cond" truecount="1" falsecount="0"/>
        <line num="1285" count="19701" type="stmt"/>
        <line num="1286" count="19701" type="stmt"/>
        <line num="1287" count="19701" type="cond" truecount="1" falsecount="0"/>
        <line num="1288" count="10912" type="cond" truecount="1" falsecount="0"/>
        <line num="1289" count="122" type="stmt"/>
        <line num="1290" count="122" type="stmt"/>
        <line num="1291" count="10790" type="cond" truecount="1" falsecount="0"/>
        <line num="1292" count="10790" type="stmt"/>
        <line num="1293" count="19701" type="stmt"/>
        <line num="1294" count="19701" type="stmt"/>
        <line num="1295" count="3" type="stmt"/>
        <line num="1296" count="3" type="stmt"/>
        <line num="1297" count="3" type="cond" truecount="1" falsecount="0"/>
        <line num="1298" count="57381" type="cond" truecount="1" falsecount="0"/>
        <line num="1299" count="37052" type="stmt"/>
        <line num="1300" count="37052" type="stmt"/>
        <line num="1301" count="37052" type="stmt"/>
        <line num="1302" count="37052" type="stmt"/>
        <line num="1303" count="37052" type="stmt"/>
        <line num="1304" count="37052" type="stmt"/>
        <line num="1305" count="57381" type="stmt"/>
        <line num="1306" count="57381" type="stmt"/>
        <line num="1307" count="3" type="stmt"/>
        <line num="1308" count="3" type="cond" truecount="1" falsecount="0"/>
        <line num="1309" count="3159" type="stmt"/>
        <line num="1310" count="3159" type="stmt"/>
        <line num="1311" count="3159" type="stmt"/>
        <line num="1312" count="3159" type="stmt"/>
        <line num="1313" count="3159" type="stmt"/>
        <line num="1314" count="3159" type="stmt"/>
        <line num="1315" count="3" type="stmt"/>
        <line num="1316" count="3" type="stmt"/>
        <line num="1317" count="3" type="cond" truecount="1" falsecount="0"/>
        <line num="1318" count="19480" type="stmt"/>
        <line num="1319" count="19480" type="stmt"/>
        <line num="1320" count="19480" type="stmt"/>
        <line num="1321" count="19480" type="cond" truecount="1" falsecount="0"/>
        <line num="1322" count="19480" type="cond" truecount="1" falsecount="0"/>
        <line num="1323" count="128" type="stmt"/>
        <line num="1324" count="19480" type="cond" truecount="1" falsecount="0"/>
        <line num="1325" count="128" type="stmt"/>
        <line num="1326" count="128" type="stmt"/>
        <line num="1327" count="128" type="stmt"/>
        <line num="1328" count="128" type="stmt"/>
        <line num="1329" count="128" type="stmt"/>
        <line num="1330" count="19480" type="stmt"/>
        <line num="1331" count="19480" type="stmt"/>
        <line num="1332" count="19480" type="stmt"/>
        <line num="1333" count="19480" type="stmt"/>
        <line num="1334" count="19480" type="stmt"/>
        <line num="1335" count="19480" type="cond" truecount="1" falsecount="0"/>
        <line num="1336" count="11126" type="stmt"/>
        <line num="1337" count="11126" type="stmt"/>
        <line num="1338" count="11126" type="stmt"/>
        <line num="1339" count="11126" type="stmt"/>
        <line num="1340" count="11126" type="cond" truecount="1" falsecount="0"/>
        <line num="1341" count="313" type="stmt"/>
        <line num="1342" count="313" type="stmt"/>
        <line num="1343" count="313" type="stmt"/>
        <line num="1344" count="313" type="stmt"/>
        <line num="1345" count="11124" type="cond" truecount="1" falsecount="0"/>
        <line num="1346" count="11124" type="stmt"/>
        <line num="1347" count="11126" type="cond" truecount="1" falsecount="0"/>
        <line num="1348" count="10811" type="stmt"/>
        <line num="1349" count="11126" type="cond" truecount="1" falsecount="0"/>
        <line num="1350" count="148" type="stmt"/>
        <line num="1351" count="11126" type="cond" truecount="0" falsecount="1"/>
        <line num="1352" count="0" type="stmt"/>
        <line num="1353" count="11126" type="cond" truecount="0" falsecount="1"/>
        <line num="1354" count="0" type="stmt"/>
        <line num="1355" count="11126" type="cond" truecount="0" falsecount="1"/>
        <line num="1356" count="0" type="stmt"/>
        <line num="1357" count="11126" type="cond" truecount="1" falsecount="0"/>
        <line num="1358" count="142" type="stmt"/>
        <line num="1359" count="11126" type="cond" truecount="0" falsecount="1"/>
        <line num="1360" count="0" type="stmt"/>
        <line num="1361" count="11126" type="cond" truecount="0" falsecount="1"/>
        <line num="1362" count="0" type="stmt"/>
        <line num="1363" count="11126" type="cond" truecount="0" falsecount="1"/>
        <line num="1364" count="0" type="stmt"/>
        <line num="1365" count="11126" type="cond" truecount="0" falsecount="1"/>
        <line num="1366" count="0" type="stmt"/>
        <line num="1367" count="11126" type="cond" truecount="0" falsecount="1"/>
        <line num="1368" count="0" type="stmt"/>
        <line num="1369" count="11126" type="cond" truecount="0" falsecount="1"/>
        <line num="1370" count="0" type="stmt"/>
        <line num="1371" count="11126" type="cond" truecount="1" falsecount="0"/>
        <line num="1372" count="23" type="stmt"/>
        <line num="1373" count="11126" type="cond" truecount="0" falsecount="1"/>
        <line num="1374" count="0" type="stmt"/>
        <line num="1375" count="0" type="stmt"/>
        <line num="1376" count="0" type="stmt"/>
        <line num="1377" count="0" type="stmt"/>
        <line num="1378" count="0" type="stmt"/>
        <line num="1379" count="11126" type="stmt"/>
        <line num="1380" count="19480" type="stmt"/>
        <line num="1381" count="19480" type="stmt"/>
        <line num="1382" count="3" type="stmt"/>
        <line num="1383" count="3" type="stmt"/>
        <line num="1384" count="3" type="cond" truecount="1" falsecount="0"/>
        <line num="1385" count="1139" type="stmt"/>
        <line num="1386" count="1139" type="stmt"/>
        <line num="1387" count="1139" type="stmt"/>
        <line num="1388" count="1139" type="stmt"/>
        <line num="1389" count="1139" type="stmt"/>
        <line num="1390" count="1139" type="stmt"/>
        <line num="1391" count="1139" type="stmt"/>
        <line num="1392" count="1139" type="stmt"/>
        <line num="1393" count="1139" type="stmt"/>
        <line num="1394" count="1139" type="stmt"/>
        <line num="1395" count="1139" type="cond" truecount="1" falsecount="0"/>
        <line num="1396" count="1194" type="stmt"/>
        <line num="1397" count="1139" type="stmt"/>
        <line num="1398" count="1139" type="stmt"/>
        <line num="1399" count="3" type="stmt"/>
        <line num="1400" count="3" type="cond" truecount="1" falsecount="0"/>
        <line num="1401" count="9417" type="stmt"/>
        <line num="1402" count="9417" type="stmt"/>
        <line num="1403" count="9417" type="cond" truecount="0" falsecount="1"/>
        <line num="1404" count="0" type="stmt"/>
        <line num="1405" count="0" type="stmt"/>
        <line num="1406" count="9417" type="stmt"/>
        <line num="1407" count="3" type="stmt"/>
        <line num="1408" count="3" type="stmt"/>
        <line num="1409" count="3" type="stmt"/>
        <line num="1410" count="3" type="cond" truecount="1" falsecount="0"/>
        <line num="1411" count="4200" type="stmt"/>
        <line num="1412" count="4200" type="stmt"/>
        <line num="1413" count="4200" type="cond" truecount="1" falsecount="0"/>
        <line num="1414" count="9417" type="stmt"/>
        <line num="1415" count="9417" type="stmt"/>
        <line num="1416" count="9417" type="cond" truecount="1" falsecount="0"/>
        <line num="1417" count="8595" type="stmt"/>
        <line num="1418" count="8595" type="stmt"/>
        <line num="1419" count="8595" type="stmt"/>
        <line num="1420" count="8595" type="stmt"/>
        <line num="1421" count="8595" type="stmt"/>
        <line num="1422" count="8595" type="stmt"/>
        <line num="1423" count="8595" type="stmt"/>
        <line num="1424" count="9417" type="stmt"/>
        <line num="1425" count="4200" type="stmt"/>
        <line num="1426" count="4200" type="cond" truecount="1" falsecount="0"/>
        <line num="1427" count="4090" type="stmt"/>
        <line num="1428" count="4090" type="stmt"/>
        <line num="1429" count="4090" type="stmt"/>
        <line num="1430" count="4090" type="stmt"/>
        <line num="1431" count="4090" type="stmt"/>
        <line num="1432" count="4200" type="stmt"/>
        <line num="1433" count="4200" type="cond" truecount="1" falsecount="0"/>
        <line num="1434" count="2461" type="cond" truecount="1" falsecount="0"/>
        <line num="1435" count="2414" type="stmt"/>
[...]
        <line num="1848" count="0" type="stmt"/>
        <line num="1849" count="0" type="stmt"/>
        <line num="1850" count="0" type="stmt"/>
        <line num="1851" count="0" type="stmt"/>
        <line num="1852" count="0" type="stmt"/>
        <line num="1853" count="0" type="stmt"/>
        <line num="1854" count="0" type="stmt"/>
        <line num="1855" count="0" type="stmt"/>
        <line num="1856" count="0" type="stmt"/>
        <line num="1857" count="0" type="stmt"/>
        <line num="1858" count="0" type="stmt"/>
        <line num="1859" count="0" type="stmt"/>
        <line num="1860" count="0" type="stmt"/>
        <line num="1861" count="0" type="stmt"/>
        <line num="1862" count="0" type="stmt"/>
        <line num="1863" count="0" type="stmt"/>
        <line num="1864" count="0" type="stmt"/>
        <line num="1865" count="0" type="stmt"/>
        <line num="1866" count="0" type="stmt"/>
        <line num="1867" count="0" type="stmt"/>
        <line num="1868" count="0" type="stmt"/>
        <line num="1869" count="0" type="stmt"/>
        <line num="1870" count="0" type="stmt"/>
        <line num="1871" count="0" type="stmt"/>
        <line num="1872" count="0" type="stmt"/>
        <line num="1873" count="0" type="stmt"/>
        <line num="1874" count="0" type="stmt"/>
        <line num="1875" count="0" type="stmt"/>
        <line num="1876" count="0" type="stmt"/>
        <line num="1877" count="0" type="stmt"/>
        <line num="1878" count="0" type="stmt"/>
        <line num="1879" count="0" type="stmt"/>
        <line num="1880" count="36" type="stmt"/>
        <line num="1881" count="36" type="stmt"/>
        <line num="1882" count="3" type="stmt"/>
        <line num="1883" count="3" type="cond" truecount="1" falsecount="0"/>
        <line num="1884" count="219" type="cond" truecount="2" falsecount="0"/>
        <line num="1885" count="219" type="stmt"/>
        <line num="1886" count="219" type="stmt"/>
        <line num="1887" count="219" type="stmt"/>
        <line num="1888" count="219" type="stmt"/>
        <line num="1889" count="219" type="stmt"/>
        <line num="1890" count="219" type="stmt"/>
        <line num="1891" count="219" type="stmt"/>
        <line num="1892" count="219" type="stmt"/>
        <line num="1893" count="219" type="stmt"/>
        <line num="1894" count="219" type="stmt"/>
        <line num="1895" count="3" type="stmt"/>
        <line num="1896" count="3" type="stmt"/>
        <line num="1897" count="3" type="cond" truecount="1" falsecount="0"/>
        <line num="1898" count="3" type="stmt"/>
        <line num="1899" count="3" type="stmt"/>
        <line num="1900" count="3" type="stmt"/>
        <line num="1901" count="3" type="stmt"/>
        <line num="1902" count="0" type="stmt"/>
        <line num="1903" count="0" type="stmt"/>
        <line num="1904" count="0" type="stmt"/>
        <line num="1905" count="0" type="stmt"/>
        <line num="1906" count="0" type="stmt"/>
        <line num="1907" count="0" type="stmt"/>
        <line num="1908" count="0" type="stmt"/>
        <line num="1909" count="0" type="stmt"/>
        <line num="1910" count="0" type="stmt"/>
        <line num="1911" count="0" type="stmt"/>
        <line num="1912" count="0" type="stmt"/>
        <line num="1913" count="0" type="stmt"/>
        <line num="1914" count="0" type="stmt"/>
        <line num="1915" count="0" type="stmt"/>
        <line num="1916" count="3" type="stmt"/>
        <line num="1917" count="3" type="stmt"/>
        <line num="1918" count="3" type="stmt"/>
        <line num="1919" count="3" type="stmt"/>
        <line num="1920" count="0" type="stmt"/>
        <line num="1921" count="0" type="stmt"/>
        <line num="1922" count="0" type="stmt"/>
        <line num="1923" count="0" type="stmt"/>
        <line num="1924" count="0" type="stmt"/>
        <line num="1925" count="3" type="stmt"/>
        <line num="1926" count="3" type="stmt"/>
        <line num="1927" count="3" type="cond" truecount="1" falsecount="0"/>
        <line num="1928" count="7231" type="stmt"/>
        <line num="1929" count="7231" type="cond" truecount="1" falsecount="0"/>
        <line num="1930" count="7231" type="cond" truecount="0" falsecount="1"/>
        <line num="1931" count="0" type="stmt"/>
        <line num="1932" count="0" type="stmt"/>
        <line num="1933" count="7231" type="stmt"/>
        <line num="1934" count="3" type="stmt"/>
        <line num="1935" count="3" type="cond" truecount="1" falsecount="0"/>
        <line num="1936" count="25657" type="stmt"/>
        <line num="1937" count="25657" type="stmt"/>
        <line num="1938" count="25657" type="stmt"/>
        <line num="1939" count="25657" type="cond" truecount="1" falsecount="0"/>
        <line num="1940" count="25657" type="cond" truecount="0" falsecount="1"/>
        <line num="1941" count="0" type="stmt"/>
        <line num="1942" count="0" type="stmt"/>
        <line num="1943" count="0" type="stmt"/>
        <line num="1944" count="0" type="stmt"/>
        <line num="1945" count="25657" type="stmt"/>
        <line num="1946" count="25657" type="cond" truecount="1" falsecount="0"/>
        <line num="1947" count="9024" type="stmt"/>
        <line num="1948" count="25657" type="stmt"/>
        <line num="1949" count="25657" type="stmt"/>
        <line num="1950" count="3" type="stmt"/>
        <line num="1951" count="3" type="cond" truecount="1" falsecount="0"/>
        <line num="1952" count="31620" type="stmt"/>
        <line num="1953" count="31620" type="stmt"/>
        <line num="1954" count="31620" type="stmt"/>
        <line num="1955" count="31620" type="cond" truecount="1" falsecount="0"/>
        <line num="1956" count="31620" type="cond" truecount="1" falsecount="0"/>
        <line num="1957" count="31620" type="stmt"/>
        <line num="1958" count="3" type="stmt"/>
        <line num="1959" count="3" type="stmt"/>
        <line num="1960" count="3" type="cond" truecount="1" falsecount="0"/>
        <line num="1961" count="20772" type="stmt"/>
        <line num="1962" count="20772" type="cond" truecount="1" falsecount="0"/>
        <line num="1963" count="14598" type="cond" truecount="1" falsecount="0"/>
        <line num="1964" count="20772" type="cond" truecount="1" falsecount="0"/>
        <line num="1965" count="6174" type="stmt"/>
        <line num="1966" count="20772" type="cond" truecount="0" falsecount="1"/>
        <line num="1967" count="0" type="stmt"/>
        <line num="1968" count="0" type="stmt"/>
        <line num="1969" count="0" type="stmt"/>
        <line num="1970" count="0" type="stmt"/>
        <line num="1971" count="0" type="stmt"/>
        <line num="1972" count="20772" type="stmt"/>
        <line num="1973" count="20772" type="stmt"/>
        <line num="1974" count="3" type="stmt"/>
        <line num="1975" count="3" type="stmt"/>
        <line num="1976" count="3" type="cond" truecount="1" falsecount="0"/>
        <line num="1977" count="20772" type="stmt"/>
        <line num="1978" count="20772" type="cond" truecount="1" falsecount="0"/>
        <line num="1979" count="14598" type="cond" truecount="1" falsecount="0"/>
        <line num="1980" count="20772" type="cond" truecount="1" falsecount="0"/>
        <line num="1981" count="6174" type="stmt"/>
        <line num="1982" count="20772" type="cond" truecount="0" falsecount="1"/>
        <line num="1983" count="0" type="stmt"/>
        <line num="1984" count="0" type="stmt"/>
        <line num="1985" count="0" type="stmt"/>
        <line num="1986" count="0" type="stmt"/>
        <line num="1987" count="0" type="stmt"/>
        <line num="1988" count="20772" type="stmt"/>
        <line num="1989" count="20772" type="stmt"/>
        <line num="1990" count="3" type="stmt"/>
        <line num="1991" count="3" type="cond" truecount="1" falsecount="0"/>
        <line num="1992" count="9417" type="stmt"/>
        <line num="1993" count="9417" type="stmt"/>
        <line num="1994" count="9417" type="stmt"/>
        <line num="1995" count="3" type="stmt"/>
        <line num="1996" count="3" type="cond" truecount="1" falsecount="0"/>
        <line num="1997" count="1139" type="stmt"/>
        <line num="1998" count="1139" type="stmt"/>
        <line num="1999" count="1139" type="stmt"/>
        <line num="2000" count="3" type="stmt"/>
        <line num="2001" count="3" type="cond" truecount="1" falsecount="0"/>
        <line num="2002" count="4380" type="stmt"/>
        <line num="2003" count="4380" type="stmt"/>
        <line num="2004" count="4380" type="stmt"/>
        <line num="2005" count="4380" type="stmt"/>
        <line num="2006" count="4380" type="stmt"/>
        <line num="2007" count="4380" type="stmt"/>
        <line num="2008" count="4380" type="cond" truecount="1" falsecount="0"/>
        <line num="2009" count="1197" type="stmt"/>
        <line num="2010" count="1197" type="cond" truecount="0" falsecount="1"/>
        <line num="2011" count="1197" type="stmt"/>
        <line num="2012" count="4380" type="stmt"/>
        <line num="2013" count="4380" type="cond" truecount="1" falsecount="0"/>
        <line num="2014" count="9104" type="stmt"/>
        <line num="2015" count="9104" type="stmt"/>
        <line num="2016" count="9104" type="stmt"/>
        <line num="2017" count="9104" type="stmt"/>
        <line num="2018" count="4380" type="stmt"/>
        <line num="2019" count="3" type="stmt"/>
        <line num="2020" count="3" type="stmt"/>
        <line num="2021" count="0" type="stmt"/>
        <line num="2022" count="0" type="stmt"/>
        <line num="2023" count="0" type="stmt"/>
        <line num="2024" count="3" type="stmt"/>
        <line num="2025" count="3" type="cond" truecount="1" falsecount="0"/>
        <line num="2026" count="46150" type="stmt"/>
        <line num="2027" count="46150" type="stmt"/>
        <line num="2028" count="3" type="stmt"/>
        <line num="2029" count="3" type="cond" truecount="1" falsecount="0"/>
        <line num="2030" count="49309" type="stmt"/>
        <line num="2031" count="49309" type="stmt"/>
        <line num="2032" count="49309" type="cond" truecount="1" falsecount="0"/>
        <line num="2033" count="59187" type="cond" truecount="1" falsecount="0"/>
        <line num="2034" count="49286" type="stmt"/>
        <line num="2035" count="49286" type="stmt"/>
        <line num="2036" count="49286" type="stmt"/>
        <line num="2037" count="49309" type="cond" truecount="1" falsecount="0"/>
        <line num="2038" count="23" type="stmt"/>
        <line num="2039" count="23" type="stmt"/>
        <line num="2040" count="23" type="stmt"/>
        <line num="2041" count="3" type="stmt"/>
        <line num="2042" count="3" type="cond" truecount="1" falsecount="0"/>
        <line num="2043" count="15685" type="stmt"/>
        <line num="2044" count="15685" type="stmt"/>
        <line num="2045" count="15685" type="stmt"/>
        <line num="2046" count="15685" type="cond" truecount="1" falsecount="0"/>
        <line num="2047" count="15685" type="cond" truecount="1" falsecount="0"/>
        <line num="2048" count="15685" type="cond" truecount="1" falsecount="0"/>
        <line num="2049" count="15685" type="cond" truecount="1" falsecount="0"/>
        <line num="2050" count="15685" type="cond" truecount="1" falsecount="0"/>
        <line num="2051" count="15685" type="cond" truecount="1" falsecount="0"/>
        <line num="2052" count="2" type="stmt"/>
        <line num="2053" count="15685" type="cond" truecount="1" falsecount="0"/>
        <line num="2054" count="15683" type="stmt"/>
        <line num="2055" count="15683" type="stmt"/>
        <line num="2056" count="2" type="cond" truecount="2" falsecount="0"/>
        <line num="2057" count="15685" type="cond" truecount="1" falsecount="1"/>
        <line num="2058" count="15685" type="stmt"/>
        <line num="2059" count="15685" type="stmt"/>
        <line num="2060" count="15685" type="stmt"/>
        <line num="2061" count="3" type="stmt"/>
        <line num="2062" count="3" type="cond" truecount="1" falsecount="0"/>
        <line num="2063" count="7" type="stmt"/>
        <line num="2064" count="7" type="stmt"/>
        <line num="2065" count="3" type="stmt"/>
      </file>
      <file name="messages.ts" path="/Users/tanghaibo/Projects/typescript/remote-import/src/eval/interpreter/messages.ts">
        <metrics statements="47" coveredstatements="40" conditionals="7" coveredconditionals="7" methods="7" coveredmethods="0"/>
        <line num="1" count="0" type="cond" truecount="1" falsecount="0"/>
        <line num="2" count="0" type="cond" truecount="1" falsecount="0"/>
        <line num="3" count="0" type="cond" truecount="1" falsecount="0"/>
        <line num="4" count="0" type="cond" truecount="1" falsecount="0"/>
        <line num="5" count="0" type="cond" truecount="1" falsecount="0"/>
        <line num="6" count="0" type="cond" truecount="1" falsecount="0"/>
        <line num="7" count="0" type="cond" truecount="1" falsecount="0"/>
        <line num="8" count="1" type="stmt"/>
        <line num="9" count="1" type="stmt"/>
        <line num="10" count="1" type="stmt"/>
        <line num="11" count="1" type="stmt"/>
        <line num="12" count="1" type="stmt"/>
        <line num="13" count="1" type="stmt"/>
        <line num="14" count="1" type="stmt"/>
        <line num="15" count="1" type="stmt"/>
        <line num="16" count="1" type="stmt"/>
        <line num="17" count="1" type="stmt"/>
        <line num="18" count="1" type="stmt"/>
        <line num="19" count="1" type="stmt"/>
        <line num="20" count="1" type="stmt"/>
        <line num="21" count="1" type="stmt"/>
        <line num="22" count="1" type="stmt"/>
        <line num="23" count="1" type="stmt"/>
        <line num="24" count="1" type="stmt"/>
        <line num="25" count="1" type="stmt"/>
        <line num="26" count="1" type="stmt"/>
        <line num="27" count="1" type="stmt"/>
        <line num="28" count="1" type="stmt"/>
        <line num="29" count="1" type="stmt"/>
        <line num="30" count="1" type="stmt"/>
        <line num="31" count="1" type="stmt"/>
        <line num="32" count="1" type="stmt"/>
        <line num="33" count="1" type="stmt"/>
        <line num="34" count="1" type="stmt"/>
        <line num="35" count="1" type="stmt"/>
        <line num="36" count="1" type="stmt"/>
        <line num="37" count="1" type="stmt"/>
        <line num="38" count="1" type="stmt"/>
        <line num="39" count="1" type="stmt"/>
        <line num="40" count="1" type="stmt"/>
        <line num="41" count="1" type="stmt"/>
        <line num="42" count="1" type="stmt"/>
        <line num="43" count="1" type="stmt"/>
        <line num="44" count="1" type="stmt"/>
        <line num="45" count="1" type="stmt"/>
        <line num="46" count="1" type="stmt"/>
        <line num="47" count="1" type="stmt"/>
      </file>
      <file name="scope.ts" path="/Users/tanghaibo/Projects/typescript/remote-import/src/eval/interpreter/scope.ts">
        <metrics statements="15" coveredstatements="15" conditionals="3" coveredconditionals="2" methods="1" coveredmethods="1"/>
        <line num="1" count="1" type="stmt"/>
        <line num="2" count="1" type="stmt"/>
        <line num="3" count="1" type="stmt"/>
        <line num="4" count="4" type="cond" truecount="1" falsecount="0"/>
        <line num="5" count="4" type="stmt"/>
        <line num="6" count="4" type="stmt"/>
        <line num="7" count="4" type="stmt"/>
        <line num="8" count="4" type="stmt"/>
        <line num="9" count="4" type="cond" truecount="1" falsecount="1"/>
        <line num="10" count="4403" type="stmt"/>
        <line num="11" count="4403" type="stmt"/>
        <line num="12" count="4403" type="stmt"/>
        <line num="13" count="4403" type="stmt"/>
        <line num="14" count="4403" type="stmt"/>
        <line num="15" count="4" type="stmt"/>
      </file>
    </package>
    <package name="imports">
      <metrics statements="36" coveredstatements="36" conditionals="9" coveredconditionals="9" methods="3" coveredmethods="3"/>
      <file name="index.ts" path="/Users/tanghaibo/Projects/typescript/remote-import/src/imports/index.ts">
        <metrics statements="36" coveredstatements="36" conditionals="9" coveredconditionals="9" methods="3" coveredmethods="3"/>
        <line num="1" count="1" type="stmt"/>
        <line num="2" count="1" type="stmt"/>
        <line num="3" count="1" type="stmt"/>
        <line num="4" count="1" type="stmt"/>
        <line num="5" count="2" type="cond" truecount="1" falsecount="0"/>
        <line num="6" count="2" type="stmt"/>
        <line num="7" count="2" type="stmt"/>
        <line num="8" count="1" type="stmt"/>
        <line num="9" count="5" type="cond" truecount="1" falsecount="0"/>
        <line num="10" count="5" type="stmt"/>
        <line num="11" count="5" type="stmt"/>
        <line num="12" count="5" type="stmt"/>
        <line num="13" count="5" type="cond" truecount="1" falsecount="0"/>
        <line num="14" count="5" type="cond" truecount="1" falsecount="0"/>
        <line num="15" count="1" type="stmt"/>
        <line num="16" count="1" type="stmt"/>
        <line num="17" count="5" type="cond" truecount="2" falsecount="0"/>
        <line num="18" count="2" type="stmt"/>
        <line num="19" count="2" type="stmt"/>
        <line num="20" count="5" type="cond" truecount="1" falsecount="0"/>
        <line num="21" count="1" type="stmt"/>
        <line num="22" count="1" type="stmt"/>
        <line num="23" count="1" type="stmt"/>
        <line num="24" count="5" type="stmt"/>
        <line num="25" count="5" type="stmt"/>
        <line num="26" count="1" type="stmt"/>
        <line num="27" count="1" type="stmt"/>
        <line num="28" count="1" type="cond" truecount="1" falsecount="0"/>
        <line num="29" count="1" type="stmt"/>
        <line num="30" count="1" type="stmt"/>
        <line num="31" count="1" type="stmt"/>
        <line num="32" count="1" type="cond" truecount="1" falsecount="0"/>
        <line num="33" count="1" type="stmt"/>
        <line num="34" count="1" type="stmt"/>
        <line num="35" count="1" type="stmt"/>
        <line num="36" count="1" type="stmt"/>
      </file>
    </package>
    <package name="utils">
      <metrics statements="19" coveredstatements="19" conditionals="12" coveredconditionals="12" methods="4" coveredmethods="4"/>
      <file name="index.ts" path="/Users/tanghaibo/Projects/typescript/remote-import/src/utils/index.ts">
        <metrics statements="19" coveredstatements="19" conditionals="12" coveredconditionals="12" methods="4" coveredmethods="4"/>
        <line num="1" count="4" type="cond" truecount="1" falsecount="0"/>
        <line num="2" count="4" type="cond" truecount="3" falsecount="0"/>
        <line num="3" count="1" type="stmt"/>
        <line num="4" count="1" type="stmt"/>
        <line num="5" count="3" type="cond" truecount="1" falsecount="0"/>
        <line num="6" count="3" type="stmt"/>
        <line num="7" count="18" type="cond" truecount="1" falsecount="0"/>
        <line num="8" count="18" type="stmt"/>
        <line num="9" count="18" type="stmt"/>
        <line num="10" count="7" type="cond" truecount="1" falsecount="0"/>
        <line num="11" count="7" type="cond" truecount="2" falsecount="0"/>
        <line num="12" count="7" type="stmt"/>
        <line num="13" count="1" type="stmt"/>
        <line num="14" count="10" type="cond" truecount="1" falsecount="0"/>
        <line num="15" count="10" type="cond" truecount="1" falsecount="0"/>
        <line num="16" count="3" type="stmt"/>
        <line num="17" count="3" type="stmt"/>
        <line num="18" count="7" type="cond" truecount="1" falsecount="0"/>
        <line num="19" count="7" type="stmt"/>
      </file>
    </package>
  </project>
</coverage>
