{"/Users/tanghaibo/Projects/typescript/remote-import/src/eval/index.ts": {"path":"/Users/tanghaibo/Projects/typescript/remote-import/src/eval/index.ts","all":false,"statementMap":{"0":{"start":{"line":1,"column":0},"end":{"line":1,"column":6}},"1":{"start":{"line":2,"column":0},"end":{"line":2,"column":42}},"2":{"start":{"line":3,"column":0},"end":{"line":3,"column":0}},"3":{"start":{"line":4,"column":0},"end":{"line":4,"column":93}},"4":{"start":{"line":5,"column":0},"end":{"line":5,"column":12}},"5":{"start":{"line":6,"column":0},"end":{"line":6,"column":53}},"6":{"start":{"line":7,"column":0},"end":{"line":7,"column":9}},"7":{"start":{"line":8,"column":0},"end":{"line":8,"column":41}},"8":{"start":{"line":9,"column":0},"end":{"line":9,"column":31}},"9":{"start":{"line":10,"column":0},"end":{"line":10,"column":5}},"10":{"start":{"line":11,"column":0},"end":{"line":11,"column":21}},"11":{"start":{"line":12,"column":0},"end":{"line":12,"column":1}}},"s":{"0":1,"1":1,"2":1,"3":2,"4":2,"5":2,"6":2,"7":2,"8":2,"9":2,"10":2,"11":2},"branchMap":{"0":{"type":"branch","line":4,"loc":{"start":{"line":4,"column":0},"end":{"line":12,"column":1}},"locations":[{"start":{"line":4,"column":0},"end":{"line":12,"column":1}}]},"1":{"type":"branch","line":6,"loc":{"start":{"line":6,"column":45},"end":{"line":6,"column":51}},"locations":[{"start":{"line":6,"column":45},"end":{"line":6,"column":51}}]},"2":{"type":"branch","line":8,"loc":{"start":{"line":8,"column":6},"end":{"line":8,"column":12}},"locations":[{"start":{"line":8,"column":6},"end":{"line":8,"column":12}}]},"3":{"type":"branch","line":8,"loc":{"start":{"line":8,"column":22},"end":{"line":10,"column":3}},"locations":[{"start":{"line":8,"column":22},"end":{"line":10,"column":3}}]}},"b":{"0":[2],"1":[0],"2":[0],"3":[2]},"fnMap":{"0":{"name":"EvalScript","decl":{"start":{"line":4,"column":0},"end":{"line":12,"column":1}},"loc":{"start":{"line":4,"column":0},"end":{"line":12,"column":1}},"line":4}},"f":{"0":2}}
,"/Users/tanghaibo/Projects/typescript/remote-import/src/eval/interpreter/index.ts": {"path":"/Users/tanghaibo/Projects/typescript/remote-import/src/eval/interpreter/index.ts","all":false,"statementMap":{"0":{"start":{"line":1,"column":0},"end":{"line":1,"column":30}},"1":{"start":{"line":2,"column":0},"end":{"line":2,"column":30}},"2":{"start":{"line":3,"column":0},"end":{"line":3,"column":8}},"3":{"start":{"line":4,"column":0},"end":{"line":4,"column":10}},"4":{"start":{"line":5,"column":0},"end":{"line":5,"column":13}},"5":{"start":{"line":6,"column":0},"end":{"line":6,"column":21}},"6":{"start":{"line":7,"column":0},"end":{"line":7,"column":30}},"7":{"start":{"line":8,"column":0},"end":{"line":8,"column":27}},"8":{"start":{"line":9,"column":0},"end":{"line":9,"column":20}},"9":{"start":{"line":10,"column":0},"end":{"line":10,"column":39}},"10":{"start":{"line":11,"column":0},"end":{"line":11,"column":40}},"11":{"start":{"line":12,"column":0},"end":{"line":12,"column":0}},"12":{"start":{"line":13,"column":0},"end":{"line":13,"column":28}},"13":{"start":{"line":14,"column":0},"end":{"line":14,"column":0}},"14":{"start":{"line":15,"column":0},"end":{"line":15,"column":23}},"15":{"start":{"line":16,"column":0},"end":{"line":16,"column":24}},"16":{"start":{"line":17,"column":0},"end":{"line":17,"column":23}},"17":{"start":{"line":18,"column":0},"end":{"line":18,"column":21}},"18":{"start":{"line":19,"column":0},"end":{"line":19,"column":36}},"19":{"start":{"line":20,"column":0},"end":{"line":20,"column":1}},"20":{"start":{"line":21,"column":0},"end":{"line":21,"column":17}},"21":{"start":{"line":22,"column":0},"end":{"line":22,"column":26}},"22":{"start":{"line":23,"column":0},"end":{"line":23,"column":26}},"23":{"start":{"line":24,"column":0},"end":{"line":24,"column":2}},"24":{"start":{"line":25,"column":0},"end":{"line":25,"column":40}},"25":{"start":{"line":26,"column":0},"end":{"line":26,"column":40}},"26":{"start":{"line":27,"column":0},"end":{"line":27,"column":94}},"27":{"start":{"line":28,"column":0},"end":{"line":28,"column":19}},"28":{"start":{"line":29,"column":0},"end":{"line":29,"column":28}},"29":{"start":{"line":30,"column":0},"end":{"line":30,"column":18}},"30":{"start":{"line":31,"column":0},"end":{"line":31,"column":30}},"31":{"start":{"line":32,"column":0},"end":{"line":32,"column":31}},"32":{"start":{"line":33,"column":0},"end":{"line":33,"column":40}},"33":{"start":{"line":34,"column":0},"end":{"line":34,"column":1}},"34":{"start":{"line":35,"column":0},"end":{"line":35,"column":31}},"35":{"start":{"line":36,"column":0},"end":{"line":36,"column":40}},"36":{"start":{"line":37,"column":0},"end":{"line":37,"column":1}},"37":{"start":{"line":38,"column":0},"end":{"line":38,"column":18}},"38":{"start":{"line":39,"column":0},"end":{"line":39,"column":21}},"39":{"start":{"line":40,"column":0},"end":{"line":40,"column":21}},"40":{"start":{"line":41,"column":0},"end":{"line":41,"column":2}},"41":{"start":{"line":42,"column":0},"end":{"line":42,"column":16}},"42":{"start":{"line":43,"column":0},"end":{"line":43,"column":21}},"43":{"start":{"line":44,"column":0},"end":{"line":44,"column":21}},"44":{"start":{"line":45,"column":0},"end":{"line":45,"column":2}},"45":{"start":{"line":46,"column":0},"end":{"line":46,"column":0}},"46":{"start":{"line":47,"column":0},"end":{"line":47,"column":55}},"47":{"start":{"line":48,"column":0},"end":{"line":48,"column":38}},"48":{"start":{"line":49,"column":0},"end":{"line":49,"column":14}},"49":{"start":{"line":50,"column":0},"end":{"line":50,"column":18}},"50":{"start":{"line":51,"column":0},"end":{"line":51,"column":20}},"51":{"start":{"line":52,"column":0},"end":{"line":52,"column":21}},"52":{"start":{"line":53,"column":0},"end":{"line":53,"column":4}},"53":{"start":{"line":54,"column":0},"end":{"line":54,"column":1}},"54":{"start":{"line":55,"column":0},"end":{"line":55,"column":0}},"55":{"start":{"line":56,"column":0},"end":{"line":56,"column":55}},"56":{"start":{"line":57,"column":0},"end":{"line":57,"column":30}},"57":{"start":{"line":58,"column":0},"end":{"line":58,"column":36}},"58":{"start":{"line":59,"column":0},"end":{"line":59,"column":42}},"59":{"start":{"line":60,"column":0},"end":{"line":60,"column":60}},"60":{"start":{"line":61,"column":0},"end":{"line":61,"column":46}},"61":{"start":{"line":62,"column":0},"end":{"line":62,"column":48}},"62":{"start":{"line":63,"column":0},"end":{"line":63,"column":46}},"63":{"start":{"line":64,"column":0},"end":{"line":64,"column":50}},"64":{"start":{"line":65,"column":0},"end":{"line":65,"column":0}},"65":{"start":{"line":66,"column":0},"end":{"line":66,"column":42}},"66":{"start":{"line":67,"column":0},"end":{"line":67,"column":35}},"67":{"start":{"line":68,"column":0},"end":{"line":68,"column":1}},"68":{"start":{"line":69,"column":0},"end":{"line":69,"column":0}},"69":{"start":{"line":70,"column":0},"end":{"line":70,"column":31}},"70":{"start":{"line":71,"column":0},"end":{"line":71,"column":33}},"71":{"start":{"line":72,"column":0},"end":{"line":72,"column":26}},"72":{"start":{"line":73,"column":0},"end":{"line":73,"column":25}},"73":{"start":{"line":74,"column":0},"end":{"line":74,"column":30}},"74":{"start":{"line":75,"column":0},"end":{"line":75,"column":28}},"75":{"start":{"line":76,"column":0},"end":{"line":76,"column":1}},"76":{"start":{"line":77,"column":0},"end":{"line":77,"column":0}},"77":{"start":{"line":78,"column":0},"end":{"line":78,"column":37}},"78":{"start":{"line":79,"column":0},"end":{"line":79,"column":36}},"79":{"start":{"line":80,"column":0},"end":{"line":80,"column":40}},"80":{"start":{"line":81,"column":0},"end":{"line":81,"column":33}},"81":{"start":{"line":82,"column":0},"end":{"line":82,"column":2}},"82":{"start":{"line":83,"column":0},"end":{"line":83,"column":0}},"83":{"start":{"line":84,"column":0},"end":{"line":84,"column":35}},"84":{"start":{"line":85,"column":0},"end":{"line":85,"column":39}},"85":{"start":{"line":86,"column":0},"end":{"line":86,"column":0}},"86":{"start":{"line":87,"column":0},"end":{"line":87,"column":47}},"87":{"start":{"line":88,"column":0},"end":{"line":88,"column":33}},"88":{"start":{"line":89,"column":0},"end":{"line":89,"column":3}},"89":{"start":{"line":90,"column":0},"end":{"line":90,"column":0}},"90":{"start":{"line":91,"column":0},"end":{"line":91,"column":46}},"91":{"start":{"line":92,"column":0},"end":{"line":92,"column":32}},"92":{"start":{"line":93,"column":0},"end":{"line":93,"column":3}},"93":{"start":{"line":94,"column":0},"end":{"line":94,"column":0}},"94":{"start":{"line":95,"column":0},"end":{"line":95,"column":49}},"95":{"start":{"line":96,"column":0},"end":{"line":96,"column":35}},"96":{"start":{"line":97,"column":0},"end":{"line":97,"column":3}},"97":{"start":{"line":98,"column":0},"end":{"line":98,"column":0}},"98":{"start":{"line":99,"column":0},"end":{"line":99,"column":10}},"99":{"start":{"line":100,"column":0},"end":{"line":100,"column":56}},"100":{"start":{"line":101,"column":0},"end":{"line":101,"column":54}},"101":{"start":{"line":102,"column":0},"end":{"line":102,"column":52}},"102":{"start":{"line":103,"column":0},"end":{"line":103,"column":58}},"103":{"start":{"line":104,"column":0},"end":{"line":104,"column":68}},"104":{"start":{"line":105,"column":0},"end":{"line":105,"column":4}},"105":{"start":{"line":106,"column":0},"end":{"line":106,"column":2}},"106":{"start":{"line":107,"column":0},"end":{"line":107,"column":1}},"107":{"start":{"line":108,"column":0},"end":{"line":108,"column":0}},"108":{"start":{"line":109,"column":0},"end":{"line":109,"column":22}},"109":{"start":{"line":110,"column":0},"end":{"line":110,"column":43}},"110":{"start":{"line":111,"column":0},"end":{"line":111,"column":15}},"111":{"start":{"line":112,"column":0},"end":{"line":112,"column":31}},"112":{"start":{"line":113,"column":0},"end":{"line":113,"column":8}},"113":{"start":{"line":114,"column":0},"end":{"line":114,"column":62}},"114":{"start":{"line":115,"column":0},"end":{"line":115,"column":34}},"115":{"start":{"line":116,"column":0},"end":{"line":116,"column":2}},"116":{"start":{"line":117,"column":0},"end":{"line":117,"column":0}},"117":{"start":{"line":118,"column":0},"end":{"line":118,"column":43}},"118":{"start":{"line":119,"column":0},"end":{"line":119,"column":26}},"119":{"start":{"line":120,"column":0},"end":{"line":120,"column":0}},"120":{"start":{"line":121,"column":0},"end":{"line":121,"column":41}},"121":{"start":{"line":122,"column":0},"end":{"line":122,"column":0}},"122":{"start":{"line":123,"column":0},"end":{"line":123,"column":36}},"123":{"start":{"line":124,"column":0},"end":{"line":124,"column":0}},"124":{"start":{"line":125,"column":0},"end":{"line":125,"column":27}},"125":{"start":{"line":126,"column":0},"end":{"line":126,"column":24}},"126":{"start":{"line":127,"column":0},"end":{"line":127,"column":42}},"127":{"start":{"line":128,"column":0},"end":{"line":128,"column":24}},"128":{"start":{"line":129,"column":0},"end":{"line":129,"column":25}},"129":{"start":{"line":130,"column":0},"end":{"line":130,"column":57}},"130":{"start":{"line":131,"column":0},"end":{"line":131,"column":4}},"131":{"start":{"line":132,"column":0},"end":{"line":132,"column":19}},"132":{"start":{"line":133,"column":0},"end":{"line":133,"column":52}},"133":{"start":{"line":134,"column":0},"end":{"line":134,"column":41}},"134":{"start":{"line":135,"column":0},"end":{"line":135,"column":4}},"135":{"start":{"line":136,"column":0},"end":{"line":136,"column":3}},"136":{"start":{"line":137,"column":0},"end":{"line":137,"column":0}},"137":{"start":{"line":138,"column":0},"end":{"line":138,"column":94}},"138":{"start":{"line":139,"column":0},"end":{"line":139,"column":60}},"139":{"start":{"line":140,"column":0},"end":{"line":140,"column":0}},"140":{"start":{"line":141,"column":0},"end":{"line":141,"column":35}},"141":{"start":{"line":142,"column":0},"end":{"line":142,"column":1}},"142":{"start":{"line":143,"column":0},"end":{"line":143,"column":55}},"143":{"start":{"line":144,"column":0},"end":{"line":144,"column":13}},"144":{"start":{"line":145,"column":0},"end":{"line":145,"column":17}},"145":{"start":{"line":146,"column":0},"end":{"line":146,"column":19}},"146":{"start":{"line":147,"column":0},"end":{"line":147,"column":21}},"147":{"start":{"line":148,"column":0},"end":{"line":148,"column":3}},"148":{"start":{"line":149,"column":0},"end":{"line":149,"column":0}},"149":{"start":{"line":150,"column":0},"end":{"line":150,"column":26}},"150":{"start":{"line":151,"column":0},"end":{"line":151,"column":43}},"151":{"start":{"line":152,"column":0},"end":{"line":152,"column":20}},"152":{"start":{"line":153,"column":0},"end":{"line":153,"column":28}},"153":{"start":{"line":154,"column":0},"end":{"line":154,"column":62}},"154":{"start":{"line":155,"column":0},"end":{"line":155,"column":34}},"155":{"start":{"line":156,"column":0},"end":{"line":156,"column":2}},"156":{"start":{"line":157,"column":0},"end":{"line":157,"column":0}},"157":{"start":{"line":158,"column":0},"end":{"line":158,"column":41}},"158":{"start":{"line":159,"column":0},"end":{"line":159,"column":0}},"159":{"start":{"line":160,"column":0},"end":{"line":160,"column":27}},"160":{"start":{"line":161,"column":0},"end":{"line":161,"column":0}},"161":{"start":{"line":162,"column":0},"end":{"line":162,"column":87}},"162":{"start":{"line":163,"column":0},"end":{"line":163,"column":0}},"163":{"start":{"line":164,"column":0},"end":{"line":164,"column":19}},"164":{"start":{"line":165,"column":0},"end":{"line":165,"column":47}},"165":{"start":{"line":166,"column":0},"end":{"line":166,"column":17}},"166":{"start":{"line":167,"column":0},"end":{"line":167,"column":9}},"167":{"start":{"line":168,"column":0},"end":{"line":168,"column":8}},"168":{"start":{"line":169,"column":0},"end":{"line":169,"column":0}},"169":{"start":{"line":170,"column":0},"end":{"line":170,"column":39}},"170":{"start":{"line":171,"column":0},"end":{"line":171,"column":1}},"171":{"start":{"line":172,"column":0},"end":{"line":172,"column":63}},"172":{"start":{"line":173,"column":0},"end":{"line":173,"column":13}},"173":{"start":{"line":174,"column":0},"end":{"line":174,"column":17}},"174":{"start":{"line":175,"column":0},"end":{"line":175,"column":19}},"175":{"start":{"line":176,"column":0},"end":{"line":176,"column":21}},"176":{"start":{"line":177,"column":0},"end":{"line":177,"column":3}},"177":{"start":{"line":178,"column":0},"end":{"line":178,"column":0}},"178":{"start":{"line":179,"column":0},"end":{"line":179,"column":14}},"179":{"start":{"line":180,"column":0},"end":{"line":180,"column":12}},"180":{"start":{"line":181,"column":0},"end":{"line":181,"column":26}},"181":{"start":{"line":182,"column":0},"end":{"line":182,"column":21}},"182":{"start":{"line":183,"column":0},"end":{"line":183,"column":2}},"183":{"start":{"line":184,"column":0},"end":{"line":184,"column":1}},"184":{"start":{"line":185,"column":0},"end":{"line":185,"column":0}},"185":{"start":{"line":186,"column":0},"end":{"line":186,"column":18}},"186":{"start":{"line":187,"column":0},"end":{"line":187,"column":15}},"187":{"start":{"line":188,"column":0},"end":{"line":188,"column":29}},"188":{"start":{"line":189,"column":0},"end":{"line":189,"column":21}},"189":{"start":{"line":190,"column":0},"end":{"line":190,"column":2}},"190":{"start":{"line":191,"column":0},"end":{"line":191,"column":1}},"191":{"start":{"line":192,"column":0},"end":{"line":192,"column":0}},"192":{"start":{"line":193,"column":0},"end":{"line":193,"column":21}},"193":{"start":{"line":194,"column":0},"end":{"line":194,"column":15}},"194":{"start":{"line":195,"column":0},"end":{"line":195,"column":29}},"195":{"start":{"line":196,"column":0},"end":{"line":196,"column":21}},"196":{"start":{"line":197,"column":0},"end":{"line":197,"column":2}},"197":{"start":{"line":198,"column":0},"end":{"line":198,"column":1}},"198":{"start":{"line":199,"column":0},"end":{"line":199,"column":18}},"199":{"start":{"line":200,"column":0},"end":{"line":200,"column":0}},"200":{"start":{"line":201,"column":0},"end":{"line":201,"column":73}},"201":{"start":{"line":202,"column":0},"end":{"line":202,"column":53}},"202":{"start":{"line":203,"column":0},"end":{"line":203,"column":1}},"203":{"start":{"line":204,"column":0},"end":{"line":204,"column":0}},"204":{"start":{"line":205,"column":0},"end":{"line":205,"column":52}},"205":{"start":{"line":206,"column":0},"end":{"line":206,"column":28}},"206":{"start":{"line":207,"column":0},"end":{"line":207,"column":1}},"207":{"start":{"line":208,"column":0},"end":{"line":208,"column":0}},"208":{"start":{"line":209,"column":0},"end":{"line":209,"column":35}},"209":{"start":{"line":210,"column":0},"end":{"line":210,"column":5}},"210":{"start":{"line":211,"column":0},"end":{"line":211,"column":10}},"211":{"start":{"line":212,"column":0},"end":{"line":212,"column":11}},"212":{"start":{"line":213,"column":0},"end":{"line":213,"column":9}},"213":{"start":{"line":214,"column":0},"end":{"line":214,"column":8}},"214":{"start":{"line":215,"column":0},"end":{"line":215,"column":7}},"215":{"start":{"line":216,"column":0},"end":{"line":216,"column":8}},"216":{"start":{"line":217,"column":0},"end":{"line":217,"column":9}},"217":{"start":{"line":218,"column":0},"end":{"line":218,"column":8}},"218":{"start":{"line":219,"column":0},"end":{"line":219,"column":6}},"219":{"start":{"line":220,"column":0},"end":{"line":220,"column":8}},"220":{"start":{"line":221,"column":0},"end":{"line":221,"column":7}},"221":{"start":{"line":222,"column":0},"end":{"line":222,"column":10}},"222":{"start":{"line":223,"column":0},"end":{"line":223,"column":11}},"223":{"start":{"line":224,"column":0},"end":{"line":224,"column":12}},"224":{"start":{"line":225,"column":0},"end":{"line":225,"column":13}},"225":{"start":{"line":226,"column":0},"end":{"line":226,"column":16}},"226":{"start":{"line":227,"column":0},"end":{"line":227,"column":6}},"227":{"start":{"line":228,"column":0},"end":{"line":228,"column":10}},"228":{"start":{"line":229,"column":0},"end":{"line":229,"column":12}},"229":{"start":{"line":230,"column":0},"end":{"line":230,"column":7}},"230":{"start":{"line":231,"column":0},"end":{"line":231,"column":10}},"231":{"start":{"line":232,"column":0},"end":{"line":232,"column":11}},"232":{"start":{"line":233,"column":0},"end":{"line":233,"column":20}},"233":{"start":{"line":234,"column":0},"end":{"line":234,"column":11}},"234":{"start":{"line":235,"column":0},"end":{"line":235,"column":20}},"235":{"start":{"line":236,"column":0},"end":{"line":236,"column":8}},"236":{"start":{"line":237,"column":0},"end":{"line":237,"column":10}},"237":{"start":{"line":238,"column":0},"end":{"line":238,"column":20}},"238":{"start":{"line":239,"column":0},"end":{"line":239,"column":28}},"239":{"start":{"line":240,"column":0},"end":{"line":240,"column":2}},"240":{"start":{"line":241,"column":0},"end":{"line":241,"column":13}},"241":{"start":{"line":242,"column":0},"end":{"line":242,"column":34}},"242":{"start":{"line":243,"column":0},"end":{"line":243,"column":28}},"243":{"start":{"line":244,"column":0},"end":{"line":244,"column":1}},"244":{"start":{"line":245,"column":0},"end":{"line":245,"column":0}},"245":{"start":{"line":246,"column":0},"end":{"line":246,"column":12}},"246":{"start":{"line":247,"column":0},"end":{"line":247,"column":37}},"247":{"start":{"line":248,"column":0},"end":{"line":248,"column":34}},"248":{"start":{"line":249,"column":0},"end":{"line":249,"column":1}},"249":{"start":{"line":250,"column":0},"end":{"line":250,"column":0}},"250":{"start":{"line":251,"column":0},"end":{"line":251,"column":33}},"251":{"start":{"line":252,"column":0},"end":{"line":252,"column":26}},"252":{"start":{"line":253,"column":0},"end":{"line":253,"column":1}},"253":{"start":{"line":254,"column":0},"end":{"line":254,"column":0}},"254":{"start":{"line":255,"column":0},"end":{"line":255,"column":33}},"255":{"start":{"line":256,"column":0},"end":{"line":256,"column":26}},"256":{"start":{"line":257,"column":0},"end":{"line":257,"column":1}},"257":{"start":{"line":258,"column":0},"end":{"line":258,"column":0}},"258":{"start":{"line":259,"column":0},"end":{"line":259,"column":36}},"259":{"start":{"line":260,"column":0},"end":{"line":260,"column":32}},"260":{"start":{"line":261,"column":0},"end":{"line":261,"column":1}},"261":{"start":{"line":262,"column":0},"end":{"line":262,"column":0}},"262":{"start":{"line":263,"column":0},"end":{"line":263,"column":35}},"263":{"start":{"line":264,"column":0},"end":{"line":264,"column":30}},"264":{"start":{"line":265,"column":0},"end":{"line":265,"column":1}},"265":{"start":{"line":266,"column":0},"end":{"line":266,"column":0}},"266":{"start":{"line":267,"column":0},"end":{"line":267,"column":37}},"267":{"start":{"line":268,"column":0},"end":{"line":268,"column":34}},"268":{"start":{"line":269,"column":0},"end":{"line":269,"column":1}},"269":{"start":{"line":270,"column":0},"end":{"line":270,"column":0}},"270":{"start":{"line":271,"column":0},"end":{"line":271,"column":37}},"271":{"start":{"line":272,"column":0},"end":{"line":272,"column":34}},"272":{"start":{"line":273,"column":0},"end":{"line":273,"column":1}},"273":{"start":{"line":274,"column":0},"end":{"line":274,"column":0}},"274":{"start":{"line":275,"column":0},"end":{"line":275,"column":37}},"275":{"start":{"line":276,"column":0},"end":{"line":276,"column":34}},"276":{"start":{"line":277,"column":0},"end":{"line":277,"column":1}},"277":{"start":{"line":278,"column":0},"end":{"line":278,"column":0}},"278":{"start":{"line":279,"column":0},"end":{"line":279,"column":26}},"279":{"start":{"line":280,"column":0},"end":{"line":280,"column":43}},"280":{"start":{"line":281,"column":0},"end":{"line":281,"column":37}},"281":{"start":{"line":282,"column":0},"end":{"line":282,"column":45}},"282":{"start":{"line":283,"column":0},"end":{"line":283,"column":38}},"283":{"start":{"line":284,"column":0},"end":{"line":284,"column":43}},"284":{"start":{"line":285,"column":0},"end":{"line":285,"column":49}},"285":{"start":{"line":286,"column":0},"end":{"line":286,"column":20}},"286":{"start":{"line":287,"column":0},"end":{"line":287,"column":51}},"287":{"start":{"line":288,"column":0},"end":{"line":288,"column":5}},"288":{"start":{"line":289,"column":0},"end":{"line":289,"column":10}},"289":{"start":{"line":290,"column":0},"end":{"line":290,"column":46}},"290":{"start":{"line":291,"column":0},"end":{"line":291,"column":46}},"291":{"start":{"line":292,"column":0},"end":{"line":292,"column":0}},"292":{"start":{"line":293,"column":0},"end":{"line":293,"column":25}},"293":{"start":{"line":294,"column":0},"end":{"line":294,"column":22}},"294":{"start":{"line":295,"column":0},"end":{"line":295,"column":36}},"295":{"start":{"line":296,"column":0},"end":{"line":296,"column":39}},"296":{"start":{"line":297,"column":0},"end":{"line":297,"column":31}},"297":{"start":{"line":298,"column":0},"end":{"line":298,"column":37}},"298":{"start":{"line":299,"column":0},"end":{"line":299,"column":68}},"299":{"start":{"line":300,"column":0},"end":{"line":300,"column":69}},"300":{"start":{"line":301,"column":0},"end":{"line":301,"column":40}},"301":{"start":{"line":302,"column":0},"end":{"line":302,"column":28}},"302":{"start":{"line":303,"column":0},"end":{"line":303,"column":31}},"303":{"start":{"line":304,"column":0},"end":{"line":304,"column":70}},"304":{"start":{"line":305,"column":0},"end":{"line":305,"column":71}},"305":{"start":{"line":306,"column":0},"end":{"line":306,"column":42}},"306":{"start":{"line":307,"column":0},"end":{"line":307,"column":0}},"307":{"start":{"line":308,"column":0},"end":{"line":308,"column":44}},"308":{"start":{"line":309,"column":0},"end":{"line":309,"column":0}},"309":{"start":{"line":310,"column":0},"end":{"line":310,"column":38}},"310":{"start":{"line":311,"column":0},"end":{"line":311,"column":37}},"311":{"start":{"line":312,"column":0},"end":{"line":312,"column":35}},"312":{"start":{"line":313,"column":0},"end":{"line":313,"column":0}},"313":{"start":{"line":314,"column":0},"end":{"line":314,"column":84}},"314":{"start":{"line":315,"column":0},"end":{"line":315,"column":18}},"315":{"start":{"line":316,"column":0},"end":{"line":316,"column":63}},"316":{"start":{"line":317,"column":0},"end":{"line":317,"column":33}},"317":{"start":{"line":318,"column":0},"end":{"line":318,"column":36}},"318":{"start":{"line":319,"column":0},"end":{"line":319,"column":27}},"319":{"start":{"line":320,"column":0},"end":{"line":320,"column":49}},"320":{"start":{"line":321,"column":0},"end":{"line":321,"column":42}},"321":{"start":{"line":322,"column":0},"end":{"line":322,"column":39}},"322":{"start":{"line":323,"column":0},"end":{"line":323,"column":30}},"323":{"start":{"line":324,"column":0},"end":{"line":324,"column":4}},"324":{"start":{"line":325,"column":0},"end":{"line":325,"column":0}},"325":{"start":{"line":326,"column":0},"end":{"line":326,"column":48}},"326":{"start":{"line":327,"column":0},"end":{"line":327,"column":22}},"327":{"start":{"line":328,"column":0},"end":{"line":328,"column":0}},"328":{"start":{"line":329,"column":0},"end":{"line":329,"column":37}},"329":{"start":{"line":330,"column":0},"end":{"line":330,"column":2}},"330":{"start":{"line":331,"column":0},"end":{"line":331,"column":0}},"331":{"start":{"line":332,"column":0},"end":{"line":332,"column":50}},"332":{"start":{"line":333,"column":0},"end":{"line":333,"column":19}},"333":{"start":{"line":334,"column":0},"end":{"line":334,"column":21}},"334":{"start":{"line":335,"column":0},"end":{"line":335,"column":29}},"335":{"start":{"line":336,"column":0},"end":{"line":336,"column":15}},"336":{"start":{"line":337,"column":0},"end":{"line":337,"column":10}},"337":{"start":{"line":338,"column":0},"end":{"line":338,"column":38}},"338":{"start":{"line":339,"column":0},"end":{"line":339,"column":49}},"339":{"start":{"line":340,"column":0},"end":{"line":340,"column":0}},"340":{"start":{"line":341,"column":0},"end":{"line":341,"column":34}},"341":{"start":{"line":342,"column":0},"end":{"line":342,"column":26}},"342":{"start":{"line":343,"column":0},"end":{"line":343,"column":49}},"343":{"start":{"line":344,"column":0},"end":{"line":344,"column":16}},"344":{"start":{"line":345,"column":0},"end":{"line":345,"column":18}},"345":{"start":{"line":346,"column":0},"end":{"line":346,"column":6}},"346":{"start":{"line":347,"column":0},"end":{"line":347,"column":4}},"347":{"start":{"line":348,"column":0},"end":{"line":348,"column":0}},"348":{"start":{"line":349,"column":0},"end":{"line":349,"column":68}},"349":{"start":{"line":350,"column":0},"end":{"line":350,"column":3}},"350":{"start":{"line":351,"column":0},"end":{"line":351,"column":0}},"351":{"start":{"line":352,"column":0},"end":{"line":352,"column":27}},"352":{"start":{"line":353,"column":0},"end":{"line":353,"column":39}},"353":{"start":{"line":354,"column":0},"end":{"line":354,"column":31}},"354":{"start":{"line":355,"column":0},"end":{"line":355,"column":34}},"355":{"start":{"line":356,"column":0},"end":{"line":356,"column":35}},"356":{"start":{"line":357,"column":0},"end":{"line":357,"column":33}},"357":{"start":{"line":358,"column":0},"end":{"line":358,"column":45}},"358":{"start":{"line":359,"column":0},"end":{"line":359,"column":46}},"359":{"start":{"line":360,"column":0},"end":{"line":360,"column":0}},"360":{"start":{"line":361,"column":0},"end":{"line":361,"column":34}},"361":{"start":{"line":362,"column":0},"end":{"line":362,"column":40}},"362":{"start":{"line":363,"column":0},"end":{"line":363,"column":0}},"363":{"start":{"line":364,"column":0},"end":{"line":364,"column":41}},"364":{"start":{"line":365,"column":0},"end":{"line":365,"column":17}},"365":{"start":{"line":366,"column":0},"end":{"line":366,"column":23}},"366":{"start":{"line":367,"column":0},"end":{"line":367,"column":3}},"367":{"start":{"line":368,"column":0},"end":{"line":368,"column":2}},"368":{"start":{"line":369,"column":0},"end":{"line":369,"column":0}},"369":{"start":{"line":370,"column":0},"end":{"line":370,"column":21}},"370":{"start":{"line":371,"column":0},"end":{"line":371,"column":28}},"371":{"start":{"line":372,"column":0},"end":{"line":372,"column":2}},"372":{"start":{"line":373,"column":0},"end":{"line":373,"column":0}},"373":{"start":{"line":374,"column":0},"end":{"line":374,"column":29}},"374":{"start":{"line":375,"column":0},"end":{"line":375,"column":47}},"375":{"start":{"line":376,"column":0},"end":{"line":376,"column":2}},"376":{"start":{"line":377,"column":0},"end":{"line":377,"column":0}},"377":{"start":{"line":378,"column":0},"end":{"line":378,"column":38}},"378":{"start":{"line":379,"column":0},"end":{"line":379,"column":33}},"379":{"start":{"line":380,"column":0},"end":{"line":380,"column":2}},"380":{"start":{"line":381,"column":0},"end":{"line":381,"column":0}},"381":{"start":{"line":382,"column":0},"end":{"line":382,"column":34}},"382":{"start":{"line":383,"column":0},"end":{"line":383,"column":22}},"383":{"start":{"line":384,"column":0},"end":{"line":384,"column":2}},"384":{"start":{"line":385,"column":0},"end":{"line":385,"column":1}},"385":{"start":{"line":386,"column":0},"end":{"line":386,"column":21}},"386":{"start":{"line":387,"column":0},"end":{"line":387,"column":31}},"387":{"start":{"line":388,"column":0},"end":{"line":388,"column":2}},"388":{"start":{"line":389,"column":0},"end":{"line":389,"column":0}},"389":{"start":{"line":390,"column":0},"end":{"line":390,"column":29}},"390":{"start":{"line":391,"column":0},"end":{"line":391,"column":26}},"391":{"start":{"line":392,"column":0},"end":{"line":392,"column":2}},"392":{"start":{"line":393,"column":0},"end":{"line":393,"column":0}},"393":{"start":{"line":394,"column":0},"end":{"line":394,"column":30}},"394":{"start":{"line":395,"column":0},"end":{"line":395,"column":27}},"395":{"start":{"line":396,"column":0},"end":{"line":396,"column":2}},"396":{"start":{"line":397,"column":0},"end":{"line":397,"column":0}},"397":{"start":{"line":398,"column":0},"end":{"line":398,"column":32}},"398":{"start":{"line":399,"column":0},"end":{"line":399,"column":29}},"399":{"start":{"line":400,"column":0},"end":{"line":400,"column":2}},"400":{"start":{"line":401,"column":0},"end":{"line":401,"column":0}},"401":{"start":{"line":402,"column":0},"end":{"line":402,"column":49}},"402":{"start":{"line":403,"column":0},"end":{"line":403,"column":10}},"403":{"start":{"line":404,"column":0},"end":{"line":404,"column":40}},"404":{"start":{"line":405,"column":0},"end":{"line":405,"column":49}},"405":{"start":{"line":406,"column":0},"end":{"line":406,"column":43}},"406":{"start":{"line":407,"column":0},"end":{"line":407,"column":4}},"407":{"start":{"line":408,"column":0},"end":{"line":408,"column":2}},"408":{"start":{"line":409,"column":0},"end":{"line":409,"column":0}},"409":{"start":{"line":410,"column":0},"end":{"line":410,"column":50}},"410":{"start":{"line":411,"column":0},"end":{"line":411,"column":25}},"411":{"start":{"line":412,"column":0},"end":{"line":412,"column":21}},"412":{"start":{"line":413,"column":0},"end":{"line":413,"column":4}},"413":{"start":{"line":414,"column":0},"end":{"line":414,"column":0}},"414":{"start":{"line":415,"column":0},"end":{"line":415,"column":46}},"415":{"start":{"line":416,"column":0},"end":{"line":416,"column":0}},"416":{"start":{"line":417,"column":0},"end":{"line":417,"column":36}},"417":{"start":{"line":418,"column":0},"end":{"line":418,"column":20}},"418":{"start":{"line":419,"column":0},"end":{"line":419,"column":21}},"419":{"start":{"line":420,"column":0},"end":{"line":420,"column":4}},"420":{"start":{"line":421,"column":0},"end":{"line":421,"column":5}},"421":{"start":{"line":422,"column":0},"end":{"line":422,"column":0}},"422":{"start":{"line":423,"column":0},"end":{"line":423,"column":47}},"423":{"start":{"line":424,"column":0},"end":{"line":424,"column":2}},"424":{"start":{"line":425,"column":0},"end":{"line":425,"column":0}},"425":{"start":{"line":426,"column":0},"end":{"line":426,"column":44}},"426":{"start":{"line":427,"column":0},"end":{"line":427,"column":28}},"427":{"start":{"line":428,"column":0},"end":{"line":428,"column":2}},"428":{"start":{"line":429,"column":0},"end":{"line":429,"column":0}},"429":{"start":{"line":430,"column":0},"end":{"line":430,"column":42}},"430":{"start":{"line":431,"column":0},"end":{"line":431,"column":28}},"431":{"start":{"line":432,"column":0},"end":{"line":432,"column":2}},"432":{"start":{"line":433,"column":0},"end":{"line":433,"column":0}},"433":{"start":{"line":434,"column":0},"end":{"line":434,"column":30}},"434":{"start":{"line":435,"column":0},"end":{"line":435,"column":20}},"435":{"start":{"line":436,"column":0},"end":{"line":436,"column":0}},"436":{"start":{"line":437,"column":0},"end":{"line":437,"column":20}},"437":{"start":{"line":438,"column":0},"end":{"line":438,"column":0}},"438":{"start":{"line":439,"column":0},"end":{"line":439,"column":22}},"439":{"start":{"line":440,"column":0},"end":{"line":440,"column":16}},"440":{"start":{"line":441,"column":0},"end":{"line":441,"column":19}},"441":{"start":{"line":442,"column":0},"end":{"line":442,"column":68}},"442":{"start":{"line":443,"column":0},"end":{"line":443,"column":5}},"443":{"start":{"line":444,"column":0},"end":{"line":444,"column":0}},"444":{"start":{"line":445,"column":0},"end":{"line":445,"column":57}},"445":{"start":{"line":446,"column":0},"end":{"line":446,"column":2}},"446":{"start":{"line":447,"column":0},"end":{"line":447,"column":0}},"447":{"start":{"line":448,"column":0},"end":{"line":448,"column":68}},"448":{"start":{"line":449,"column":0},"end":{"line":449,"column":25}},"449":{"start":{"line":450,"column":0},"end":{"line":450,"column":23}},"450":{"start":{"line":451,"column":0},"end":{"line":451,"column":31}},"451":{"start":{"line":452,"column":0},"end":{"line":452,"column":0}},"452":{"start":{"line":453,"column":0},"end":{"line":453,"column":24}},"453":{"start":{"line":454,"column":0},"end":{"line":454,"column":0}},"454":{"start":{"line":455,"column":0},"end":{"line":455,"column":17}},"455":{"start":{"line":456,"column":0},"end":{"line":456,"column":34}},"456":{"start":{"line":457,"column":0},"end":{"line":457,"column":40}},"457":{"start":{"line":458,"column":0},"end":{"line":458,"column":0}},"458":{"start":{"line":459,"column":0},"end":{"line":459,"column":10}},"459":{"start":{"line":460,"column":0},"end":{"line":460,"column":45}},"460":{"start":{"line":461,"column":0},"end":{"line":461,"column":46}},"461":{"start":{"line":462,"column":0},"end":{"line":462,"column":0}},"462":{"start":{"line":463,"column":0},"end":{"line":463,"column":46}},"463":{"start":{"line":464,"column":0},"end":{"line":464,"column":50}},"464":{"start":{"line":465,"column":0},"end":{"line":465,"column":56}},"465":{"start":{"line":466,"column":0},"end":{"line":466,"column":56}},"466":{"start":{"line":467,"column":0},"end":{"line":467,"column":23}},"467":{"start":{"line":468,"column":0},"end":{"line":468,"column":52}},"468":{"start":{"line":469,"column":0},"end":{"line":469,"column":58}},"469":{"start":{"line":470,"column":0},"end":{"line":470,"column":60}},"470":{"start":{"line":471,"column":0},"end":{"line":471,"column":49}},"471":{"start":{"line":472,"column":0},"end":{"line":472,"column":4}},"472":{"start":{"line":473,"column":0},"end":{"line":473,"column":0}},"473":{"start":{"line":474,"column":0},"end":{"line":474,"column":14}},"474":{"start":{"line":475,"column":0},"end":{"line":475,"column":7}},"475":{"start":{"line":476,"column":0},"end":{"line":476,"column":48}},"476":{"start":{"line":477,"column":0},"end":{"line":477,"column":0}},"477":{"start":{"line":478,"column":0},"end":{"line":478,"column":26}},"478":{"start":{"line":479,"column":0},"end":{"line":479,"column":31}},"479":{"start":{"line":480,"column":0},"end":{"line":480,"column":25}},"480":{"start":{"line":481,"column":0},"end":{"line":481,"column":26}},"481":{"start":{"line":482,"column":0},"end":{"line":482,"column":26}},"482":{"start":{"line":483,"column":0},"end":{"line":483,"column":5}},"483":{"start":{"line":484,"column":0},"end":{"line":484,"column":0}},"484":{"start":{"line":485,"column":0},"end":{"line":485,"column":17}},"485":{"start":{"line":486,"column":0},"end":{"line":486,"column":15}},"486":{"start":{"line":487,"column":0},"end":{"line":487,"column":11}},"487":{"start":{"line":488,"column":0},"end":{"line":488,"column":13}},"488":{"start":{"line":489,"column":0},"end":{"line":489,"column":11}},"489":{"start":{"line":490,"column":0},"end":{"line":490,"column":33}},"490":{"start":{"line":491,"column":0},"end":{"line":491,"column":3}},"491":{"start":{"line":492,"column":0},"end":{"line":492,"column":0}},"492":{"start":{"line":493,"column":0},"end":{"line":493,"column":25}},"493":{"start":{"line":494,"column":0},"end":{"line":494,"column":0}},"494":{"start":{"line":495,"column":0},"end":{"line":495,"column":25}},"495":{"start":{"line":496,"column":0},"end":{"line":496,"column":2}},"496":{"start":{"line":497,"column":0},"end":{"line":497,"column":0}},"497":{"start":{"line":498,"column":0},"end":{"line":498,"column":30}},"498":{"start":{"line":499,"column":0},"end":{"line":499,"column":19}},"499":{"start":{"line":500,"column":0},"end":{"line":500,"column":25}},"500":{"start":{"line":501,"column":0},"end":{"line":501,"column":20}},"501":{"start":{"line":502,"column":0},"end":{"line":502,"column":12}},"502":{"start":{"line":503,"column":0},"end":{"line":503,"column":52}},"503":{"start":{"line":504,"column":0},"end":{"line":504,"column":0}},"504":{"start":{"line":505,"column":0},"end":{"line":505,"column":22}},"505":{"start":{"line":506,"column":0},"end":{"line":506,"column":62}},"506":{"start":{"line":507,"column":0},"end":{"line":507,"column":3}},"507":{"start":{"line":508,"column":0},"end":{"line":508,"column":0}},"508":{"start":{"line":509,"column":0},"end":{"line":509,"column":17}},"509":{"start":{"line":510,"column":0},"end":{"line":510,"column":2}},"510":{"start":{"line":511,"column":0},"end":{"line":511,"column":0}},"511":{"start":{"line":512,"column":0},"end":{"line":512,"column":80}},"512":{"start":{"line":513,"column":0},"end":{"line":513,"column":28}},"513":{"start":{"line":514,"column":0},"end":{"line":514,"column":2}},"514":{"start":{"line":515,"column":0},"end":{"line":515,"column":0}},"515":{"start":{"line":516,"column":0},"end":{"line":516,"column":85}},"516":{"start":{"line":517,"column":0},"end":{"line":517,"column":42}},"517":{"start":{"line":518,"column":0},"end":{"line":518,"column":2}},"518":{"start":{"line":519,"column":0},"end":{"line":519,"column":0}},"519":{"start":{"line":520,"column":0},"end":{"line":520,"column":59}},"520":{"start":{"line":521,"column":0},"end":{"line":521,"column":9}},"521":{"start":{"line":522,"column":0},"end":{"line":522,"column":25}},"522":{"start":{"line":523,"column":0},"end":{"line":523,"column":20}},"523":{"start":{"line":524,"column":0},"end":{"line":524,"column":4}},"524":{"start":{"line":525,"column":0},"end":{"line":525,"column":77}},"525":{"start":{"line":526,"column":0},"end":{"line":526,"column":2}},"526":{"start":{"line":527,"column":0},"end":{"line":527,"column":0}},"527":{"start":{"line":528,"column":0},"end":{"line":528,"column":27}},"528":{"start":{"line":529,"column":0},"end":{"line":529,"column":36}},"529":{"start":{"line":530,"column":0},"end":{"line":530,"column":0}},"530":{"start":{"line":531,"column":0},"end":{"line":531,"column":44}},"531":{"start":{"line":532,"column":0},"end":{"line":532,"column":0}},"532":{"start":{"line":533,"column":0},"end":{"line":533,"column":25}},"533":{"start":{"line":534,"column":0},"end":{"line":534,"column":43}},"534":{"start":{"line":535,"column":0},"end":{"line":535,"column":15}},"535":{"start":{"line":536,"column":0},"end":{"line":536,"column":3}},"536":{"start":{"line":537,"column":0},"end":{"line":537,"column":0}},"537":{"start":{"line":538,"column":0},"end":{"line":538,"column":15}},"538":{"start":{"line":539,"column":0},"end":{"line":539,"column":2}},"539":{"start":{"line":540,"column":0},"end":{"line":540,"column":0}},"540":{"start":{"line":541,"column":0},"end":{"line":541,"column":84}},"541":{"start":{"line":542,"column":0},"end":{"line":542,"column":13}},"542":{"start":{"line":543,"column":0},"end":{"line":543,"column":67}},"543":{"start":{"line":544,"column":0},"end":{"line":544,"column":91}},"544":{"start":{"line":545,"column":0},"end":{"line":545,"column":3}},"545":{"start":{"line":546,"column":0},"end":{"line":546,"column":0}},"546":{"start":{"line":547,"column":0},"end":{"line":547,"column":12}},"547":{"start":{"line":548,"column":0},"end":{"line":548,"column":2}},"548":{"start":{"line":549,"column":0},"end":{"line":549,"column":0}},"549":{"start":{"line":550,"column":0},"end":{"line":550,"column":51}},"550":{"start":{"line":551,"column":0},"end":{"line":551,"column":27}},"551":{"start":{"line":552,"column":0},"end":{"line":552,"column":0}},"552":{"start":{"line":553,"column":0},"end":{"line":553,"column":22}},"553":{"start":{"line":554,"column":0},"end":{"line":554,"column":27}},"554":{"start":{"line":555,"column":0},"end":{"line":555,"column":49}},"555":{"start":{"line":556,"column":0},"end":{"line":556,"column":10}},"556":{"start":{"line":557,"column":0},"end":{"line":557,"column":28}},"557":{"start":{"line":558,"column":0},"end":{"line":558,"column":50}},"558":{"start":{"line":559,"column":0},"end":{"line":559,"column":10}},"559":{"start":{"line":560,"column":0},"end":{"line":560,"column":26}},"560":{"start":{"line":561,"column":0},"end":{"line":561,"column":48}},"561":{"start":{"line":562,"column":0},"end":{"line":562,"column":10}},"562":{"start":{"line":563,"column":0},"end":{"line":563,"column":27}},"563":{"start":{"line":564,"column":0},"end":{"line":564,"column":49}},"564":{"start":{"line":565,"column":0},"end":{"line":565,"column":10}},"565":{"start":{"line":566,"column":0},"end":{"line":566,"column":27}},"566":{"start":{"line":567,"column":0},"end":{"line":567,"column":49}},"567":{"start":{"line":568,"column":0},"end":{"line":568,"column":10}},"568":{"start":{"line":569,"column":0},"end":{"line":569,"column":26}},"569":{"start":{"line":570,"column":0},"end":{"line":570,"column":48}},"570":{"start":{"line":571,"column":0},"end":{"line":571,"column":10}},"571":{"start":{"line":572,"column":0},"end":{"line":572,"column":25}},"572":{"start":{"line":573,"column":0},"end":{"line":573,"column":47}},"573":{"start":{"line":574,"column":0},"end":{"line":574,"column":10}},"574":{"start":{"line":575,"column":0},"end":{"line":575,"column":24}},"575":{"start":{"line":576,"column":0},"end":{"line":576,"column":46}},"576":{"start":{"line":577,"column":0},"end":{"line":577,"column":10}},"577":{"start":{"line":578,"column":0},"end":{"line":578,"column":27}},"578":{"start":{"line":579,"column":0},"end":{"line":579,"column":49}},"579":{"start":{"line":580,"column":0},"end":{"line":580,"column":10}},"580":{"start":{"line":581,"column":0},"end":{"line":581,"column":25}},"581":{"start":{"line":582,"column":0},"end":{"line":582,"column":47}},"582":{"start":{"line":583,"column":0},"end":{"line":583,"column":10}},"583":{"start":{"line":584,"column":0},"end":{"line":584,"column":29}},"584":{"start":{"line":585,"column":0},"end":{"line":585,"column":51}},"585":{"start":{"line":586,"column":0},"end":{"line":586,"column":10}},"586":{"start":{"line":587,"column":0},"end":{"line":587,"column":18}},"587":{"start":{"line":588,"column":0},"end":{"line":588,"column":40}},"588":{"start":{"line":589,"column":0},"end":{"line":589,"column":10}},"589":{"start":{"line":590,"column":0},"end":{"line":590,"column":21}},"590":{"start":{"line":591,"column":0},"end":{"line":591,"column":43}},"591":{"start":{"line":592,"column":0},"end":{"line":592,"column":10}},"592":{"start":{"line":593,"column":0},"end":{"line":593,"column":31}},"593":{"start":{"line":594,"column":0},"end":{"line":594,"column":53}},"594":{"start":{"line":595,"column":0},"end":{"line":595,"column":10}},"595":{"start":{"line":596,"column":0},"end":{"line":596,"column":30}},"596":{"start":{"line":597,"column":0},"end":{"line":597,"column":52}},"597":{"start":{"line":598,"column":0},"end":{"line":598,"column":10}},"598":{"start":{"line":599,"column":0},"end":{"line":599,"column":30}},"599":{"start":{"line":600,"column":0},"end":{"line":600,"column":52}},"600":{"start":{"line":601,"column":0},"end":{"line":601,"column":10}},"601":{"start":{"line":602,"column":0},"end":{"line":602,"column":25}},"602":{"start":{"line":603,"column":0},"end":{"line":603,"column":18}},"603":{"start":{"line":604,"column":0},"end":{"line":604,"column":40}},"604":{"start":{"line":605,"column":0},"end":{"line":605,"column":10}},"605":{"start":{"line":606,"column":0},"end":{"line":606,"column":30}},"606":{"start":{"line":607,"column":0},"end":{"line":607,"column":52}},"607":{"start":{"line":608,"column":0},"end":{"line":608,"column":10}},"608":{"start":{"line":609,"column":0},"end":{"line":609,"column":25}},"609":{"start":{"line":610,"column":0},"end":{"line":610,"column":47}},"610":{"start":{"line":611,"column":0},"end":{"line":611,"column":10}},"611":{"start":{"line":612,"column":0},"end":{"line":612,"column":26}},"612":{"start":{"line":613,"column":0},"end":{"line":613,"column":48}},"613":{"start":{"line":614,"column":0},"end":{"line":614,"column":10}},"614":{"start":{"line":615,"column":0},"end":{"line":615,"column":29}},"615":{"start":{"line":616,"column":0},"end":{"line":616,"column":51}},"616":{"start":{"line":617,"column":0},"end":{"line":617,"column":10}},"617":{"start":{"line":618,"column":0},"end":{"line":618,"column":22}},"618":{"start":{"line":619,"column":0},"end":{"line":619,"column":44}},"619":{"start":{"line":620,"column":0},"end":{"line":620,"column":10}},"620":{"start":{"line":621,"column":0},"end":{"line":621,"column":32}},"621":{"start":{"line":622,"column":0},"end":{"line":622,"column":54}},"622":{"start":{"line":623,"column":0},"end":{"line":623,"column":10}},"623":{"start":{"line":624,"column":0},"end":{"line":624,"column":23}},"624":{"start":{"line":625,"column":0},"end":{"line":625,"column":45}},"625":{"start":{"line":626,"column":0},"end":{"line":626,"column":10}},"626":{"start":{"line":627,"column":0},"end":{"line":627,"column":25}},"627":{"start":{"line":628,"column":0},"end":{"line":628,"column":47}},"628":{"start":{"line":629,"column":0},"end":{"line":629,"column":10}},"629":{"start":{"line":630,"column":0},"end":{"line":630,"column":27}},"630":{"start":{"line":631,"column":0},"end":{"line":631,"column":49}},"631":{"start":{"line":632,"column":0},"end":{"line":632,"column":10}},"632":{"start":{"line":633,"column":0},"end":{"line":633,"column":25}},"633":{"start":{"line":634,"column":0},"end":{"line":634,"column":47}},"634":{"start":{"line":635,"column":0},"end":{"line":635,"column":10}},"635":{"start":{"line":636,"column":0},"end":{"line":636,"column":24}},"636":{"start":{"line":637,"column":0},"end":{"line":637,"column":46}},"637":{"start":{"line":638,"column":0},"end":{"line":638,"column":10}},"638":{"start":{"line":639,"column":0},"end":{"line":639,"column":25}},"639":{"start":{"line":640,"column":0},"end":{"line":640,"column":47}},"640":{"start":{"line":641,"column":0},"end":{"line":641,"column":10}},"641":{"start":{"line":642,"column":0},"end":{"line":642,"column":23}},"642":{"start":{"line":643,"column":0},"end":{"line":643,"column":45}},"643":{"start":{"line":644,"column":0},"end":{"line":644,"column":10}},"644":{"start":{"line":645,"column":0},"end":{"line":645,"column":28}},"645":{"start":{"line":646,"column":0},"end":{"line":646,"column":50}},"646":{"start":{"line":647,"column":0},"end":{"line":647,"column":10}},"647":{"start":{"line":648,"column":0},"end":{"line":648,"column":25}},"648":{"start":{"line":649,"column":0},"end":{"line":649,"column":47}},"649":{"start":{"line":650,"column":0},"end":{"line":650,"column":10}},"650":{"start":{"line":651,"column":0},"end":{"line":651,"column":26}},"651":{"start":{"line":652,"column":0},"end":{"line":652,"column":48}},"652":{"start":{"line":653,"column":0},"end":{"line":653,"column":10}},"653":{"start":{"line":654,"column":0},"end":{"line":654,"column":27}},"654":{"start":{"line":655,"column":0},"end":{"line":655,"column":49}},"655":{"start":{"line":656,"column":0},"end":{"line":656,"column":10}},"656":{"start":{"line":657,"column":0},"end":{"line":657,"column":28}},"657":{"start":{"line":658,"column":0},"end":{"line":658,"column":50}},"658":{"start":{"line":659,"column":0},"end":{"line":659,"column":10}},"659":{"start":{"line":660,"column":0},"end":{"line":660,"column":11}},"660":{"start":{"line":661,"column":0},"end":{"line":661,"column":87}},"661":{"start":{"line":662,"column":0},"end":{"line":662,"column":3}},"662":{"start":{"line":663,"column":0},"end":{"line":663,"column":0}},"663":{"start":{"line":664,"column":0},"end":{"line":664,"column":30}},"664":{"start":{"line":665,"column":0},"end":{"line":665,"column":40}},"665":{"start":{"line":666,"column":0},"end":{"line":666,"column":0}},"666":{"start":{"line":667,"column":0},"end":{"line":667,"column":55}},"667":{"start":{"line":668,"column":0},"end":{"line":668,"column":87}},"668":{"start":{"line":669,"column":0},"end":{"line":669,"column":4}},"669":{"start":{"line":670,"column":0},"end":{"line":670,"column":0}},"670":{"start":{"line":671,"column":0},"end":{"line":671,"column":28}},"671":{"start":{"line":672,"column":0},"end":{"line":672,"column":0}},"672":{"start":{"line":673,"column":0},"end":{"line":673,"column":27}},"673":{"start":{"line":674,"column":0},"end":{"line":674,"column":4}},"674":{"start":{"line":675,"column":0},"end":{"line":675,"column":2}},"675":{"start":{"line":676,"column":0},"end":{"line":676,"column":0}},"676":{"start":{"line":677,"column":0},"end":{"line":677,"column":12}},"677":{"start":{"line":678,"column":0},"end":{"line":678,"column":80}},"678":{"start":{"line":679,"column":0},"end":{"line":679,"column":55}},"679":{"start":{"line":680,"column":0},"end":{"line":680,"column":57}},"680":{"start":{"line":681,"column":0},"end":{"line":681,"column":0}},"681":{"start":{"line":682,"column":0},"end":{"line":682,"column":16}},"682":{"start":{"line":683,"column":0},"end":{"line":683,"column":38}},"683":{"start":{"line":684,"column":0},"end":{"line":684,"column":40}},"684":{"start":{"line":685,"column":0},"end":{"line":685,"column":0}},"685":{"start":{"line":686,"column":0},"end":{"line":686,"column":27}},"686":{"start":{"line":687,"column":0},"end":{"line":687,"column":14}},"687":{"start":{"line":688,"column":0},"end":{"line":688,"column":36}},"688":{"start":{"line":689,"column":0},"end":{"line":689,"column":14}},"689":{"start":{"line":690,"column":0},"end":{"line":690,"column":36}},"690":{"start":{"line":691,"column":0},"end":{"line":691,"column":15}},"691":{"start":{"line":692,"column":0},"end":{"line":692,"column":37}},"692":{"start":{"line":693,"column":0},"end":{"line":693,"column":15}},"693":{"start":{"line":694,"column":0},"end":{"line":694,"column":37}},"694":{"start":{"line":695,"column":0},"end":{"line":695,"column":13}},"695":{"start":{"line":696,"column":0},"end":{"line":696,"column":35}},"696":{"start":{"line":697,"column":0},"end":{"line":697,"column":14}},"697":{"start":{"line":698,"column":0},"end":{"line":698,"column":36}},"698":{"start":{"line":699,"column":0},"end":{"line":699,"column":13}},"699":{"start":{"line":700,"column":0},"end":{"line":700,"column":35}},"700":{"start":{"line":701,"column":0},"end":{"line":701,"column":14}},"701":{"start":{"line":702,"column":0},"end":{"line":702,"column":36}},"702":{"start":{"line":703,"column":0},"end":{"line":703,"column":14}},"703":{"start":{"line":704,"column":0},"end":{"line":704,"column":36}},"704":{"start":{"line":705,"column":0},"end":{"line":705,"column":14}},"705":{"start":{"line":706,"column":0},"end":{"line":706,"column":36}},"706":{"start":{"line":707,"column":0},"end":{"line":707,"column":15}},"707":{"start":{"line":708,"column":0},"end":{"line":708,"column":37}},"708":{"start":{"line":709,"column":0},"end":{"line":709,"column":13}},"709":{"start":{"line":710,"column":0},"end":{"line":710,"column":35}},"710":{"start":{"line":711,"column":0},"end":{"line":711,"column":13}},"711":{"start":{"line":712,"column":0},"end":{"line":712,"column":35}},"712":{"start":{"line":713,"column":0},"end":{"line":713,"column":13}},"713":{"start":{"line":714,"column":0},"end":{"line":714,"column":35}},"714":{"start":{"line":715,"column":0},"end":{"line":715,"column":14}},"715":{"start":{"line":716,"column":0},"end":{"line":716,"column":44}},"716":{"start":{"line":717,"column":0},"end":{"line":717,"column":13}},"717":{"start":{"line":718,"column":0},"end":{"line":718,"column":35}},"718":{"start":{"line":719,"column":0},"end":{"line":719,"column":13}},"719":{"start":{"line":720,"column":0},"end":{"line":720,"column":35}},"720":{"start":{"line":721,"column":0},"end":{"line":721,"column":13}},"721":{"start":{"line":722,"column":0},"end":{"line":722,"column":35}},"722":{"start":{"line":723,"column":0},"end":{"line":723,"column":13}},"723":{"start":{"line":724,"column":0},"end":{"line":724,"column":35}},"724":{"start":{"line":725,"column":0},"end":{"line":725,"column":13}},"725":{"start":{"line":726,"column":0},"end":{"line":726,"column":35}},"726":{"start":{"line":727,"column":0},"end":{"line":727,"column":14}},"727":{"start":{"line":728,"column":0},"end":{"line":728,"column":36}},"728":{"start":{"line":729,"column":0},"end":{"line":729,"column":22}},"729":{"start":{"line":730,"column":0},"end":{"line":730,"column":44}},"730":{"start":{"line":731,"column":0},"end":{"line":731,"column":12}},"731":{"start":{"line":732,"column":0},"end":{"line":732,"column":41}},"732":{"start":{"line":733,"column":0},"end":{"line":733,"column":41}},"733":{"start":{"line":734,"column":0},"end":{"line":734,"column":20}},"734":{"start":{"line":735,"column":0},"end":{"line":735,"column":10}},"735":{"start":{"line":736,"column":0},"end":{"line":736,"column":7}},"736":{"start":{"line":737,"column":0},"end":{"line":737,"column":4}},"737":{"start":{"line":738,"column":0},"end":{"line":738,"column":4}},"738":{"start":{"line":739,"column":0},"end":{"line":739,"column":2}},"739":{"start":{"line":740,"column":0},"end":{"line":740,"column":0}},"740":{"start":{"line":741,"column":0},"end":{"line":741,"column":10}},"741":{"start":{"line":742,"column":0},"end":{"line":742,"column":82}},"742":{"start":{"line":743,"column":0},"end":{"line":743,"column":55}},"743":{"start":{"line":744,"column":0},"end":{"line":744,"column":57}},"744":{"start":{"line":745,"column":0},"end":{"line":745,"column":0}},"745":{"start":{"line":746,"column":0},"end":{"line":746,"column":16}},"746":{"start":{"line":747,"column":0},"end":{"line":747,"column":27}},"747":{"start":{"line":748,"column":0},"end":{"line":748,"column":14}},"748":{"start":{"line":749,"column":0},"end":{"line":749,"column":50}},"749":{"start":{"line":750,"column":0},"end":{"line":750,"column":14}},"750":{"start":{"line":751,"column":0},"end":{"line":751,"column":50}},"751":{"start":{"line":752,"column":0},"end":{"line":752,"column":12}},"752":{"start":{"line":753,"column":0},"end":{"line":753,"column":41}},"753":{"start":{"line":754,"column":0},"end":{"line":754,"column":42}},"754":{"start":{"line":755,"column":0},"end":{"line":755,"column":20}},"755":{"start":{"line":756,"column":0},"end":{"line":756,"column":10}},"756":{"start":{"line":757,"column":0},"end":{"line":757,"column":7}},"757":{"start":{"line":758,"column":0},"end":{"line":758,"column":4}},"758":{"start":{"line":759,"column":0},"end":{"line":759,"column":4}},"759":{"start":{"line":760,"column":0},"end":{"line":760,"column":2}},"760":{"start":{"line":761,"column":0},"end":{"line":761,"column":0}},"761":{"start":{"line":762,"column":0},"end":{"line":762,"column":78}},"762":{"start":{"line":763,"column":0},"end":{"line":763,"column":38}},"763":{"start":{"line":764,"column":0},"end":{"line":764,"column":77}},"764":{"start":{"line":765,"column":0},"end":{"line":765,"column":40}},"765":{"start":{"line":766,"column":0},"end":{"line":766,"column":6}},"766":{"start":{"line":767,"column":0},"end":{"line":767,"column":0}},"767":{"start":{"line":768,"column":0},"end":{"line":768,"column":18}},"768":{"start":{"line":769,"column":0},"end":{"line":769,"column":5}},"769":{"start":{"line":770,"column":0},"end":{"line":770,"column":0}},"770":{"start":{"line":771,"column":0},"end":{"line":771,"column":17}},"771":{"start":{"line":772,"column":0},"end":{"line":772,"column":78}},"772":{"start":{"line":773,"column":0},"end":{"line":773,"column":26}},"773":{"start":{"line":774,"column":0},"end":{"line":774,"column":17}},"774":{"start":{"line":775,"column":0},"end":{"line":775,"column":64}},"775":{"start":{"line":776,"column":0},"end":{"line":776,"column":60}},"776":{"start":{"line":777,"column":0},"end":{"line":777,"column":0}},"777":{"start":{"line":778,"column":0},"end":{"line":778,"column":18}},"778":{"start":{"line":779,"column":0},"end":{"line":779,"column":49}},"779":{"start":{"line":780,"column":0},"end":{"line":780,"column":71}},"780":{"start":{"line":781,"column":0},"end":{"line":781,"column":46}},"781":{"start":{"line":782,"column":0},"end":{"line":782,"column":22}},"782":{"start":{"line":783,"column":0},"end":{"line":783,"column":9}},"783":{"start":{"line":784,"column":0},"end":{"line":784,"column":0}},"784":{"start":{"line":785,"column":0},"end":{"line":785,"column":30}},"785":{"start":{"line":786,"column":0},"end":{"line":786,"column":31}},"786":{"start":{"line":787,"column":0},"end":{"line":787,"column":0}},"787":{"start":{"line":788,"column":0},"end":{"line":788,"column":29}},"788":{"start":{"line":789,"column":0},"end":{"line":789,"column":6}},"789":{"start":{"line":790,"column":0},"end":{"line":790,"column":11}},"790":{"start":{"line":791,"column":0},"end":{"line":791,"column":32}},"791":{"start":{"line":792,"column":0},"end":{"line":792,"column":31}},"792":{"start":{"line":793,"column":0},"end":{"line":793,"column":20}},"793":{"start":{"line":794,"column":0},"end":{"line":794,"column":76}},"794":{"start":{"line":795,"column":0},"end":{"line":795,"column":65}},"795":{"start":{"line":796,"column":0},"end":{"line":796,"column":61}},"796":{"start":{"line":797,"column":0},"end":{"line":797,"column":0}},"797":{"start":{"line":798,"column":0},"end":{"line":798,"column":53}},"798":{"start":{"line":799,"column":0},"end":{"line":799,"column":12}},"799":{"start":{"line":800,"column":0},"end":{"line":800,"column":52}},"800":{"start":{"line":801,"column":0},"end":{"line":801,"column":5}},"801":{"start":{"line":802,"column":0},"end":{"line":802,"column":0}},"802":{"start":{"line":803,"column":0},"end":{"line":803,"column":18}},"803":{"start":{"line":804,"column":0},"end":{"line":804,"column":32}},"804":{"start":{"line":805,"column":0},"end":{"line":805,"column":0}},"805":{"start":{"line":806,"column":0},"end":{"line":806,"column":29}},"806":{"start":{"line":807,"column":0},"end":{"line":807,"column":15}},"807":{"start":{"line":808,"column":0},"end":{"line":808,"column":21}},"808":{"start":{"line":809,"column":0},"end":{"line":809,"column":15}},"809":{"start":{"line":810,"column":0},"end":{"line":810,"column":21}},"810":{"start":{"line":811,"column":0},"end":{"line":811,"column":15}},"811":{"start":{"line":812,"column":0},"end":{"line":812,"column":21}},"812":{"start":{"line":813,"column":0},"end":{"line":813,"column":15}},"813":{"start":{"line":814,"column":0},"end":{"line":814,"column":21}},"814":{"start":{"line":815,"column":0},"end":{"line":815,"column":18}},"815":{"start":{"line":816,"column":0},"end":{"line":816,"column":25}},"816":{"start":{"line":817,"column":0},"end":{"line":817,"column":20}},"817":{"start":{"line":818,"column":0},"end":{"line":818,"column":27}},"818":{"start":{"line":819,"column":0},"end":{"line":819,"column":14}},"819":{"start":{"line":820,"column":0},"end":{"line":820,"column":43}},"820":{"start":{"line":821,"column":0},"end":{"line":821,"column":42}},"821":{"start":{"line":822,"column":0},"end":{"line":822,"column":22}},"822":{"start":{"line":823,"column":0},"end":{"line":823,"column":12}},"823":{"start":{"line":824,"column":0},"end":{"line":824,"column":9}},"824":{"start":{"line":825,"column":0},"end":{"line":825,"column":6}},"825":{"start":{"line":826,"column":0},"end":{"line":826,"column":6}},"826":{"start":{"line":827,"column":0},"end":{"line":827,"column":3}},"827":{"start":{"line":828,"column":0},"end":{"line":828,"column":2}},"828":{"start":{"line":829,"column":0},"end":{"line":829,"column":0}},"829":{"start":{"line":830,"column":0},"end":{"line":830,"column":11}},"830":{"start":{"line":831,"column":0},"end":{"line":831,"column":80}},"831":{"start":{"line":832,"column":0},"end":{"line":832,"column":62}},"832":{"start":{"line":833,"column":0},"end":{"line":833,"column":58}},"833":{"start":{"line":834,"column":0},"end":{"line":834,"column":16}},"834":{"start":{"line":835,"column":0},"end":{"line":835,"column":30}},"835":{"start":{"line":836,"column":0},"end":{"line":836,"column":29}},"836":{"start":{"line":837,"column":0},"end":{"line":837,"column":0}},"837":{"start":{"line":838,"column":0},"end":{"line":838,"column":40}},"838":{"start":{"line":839,"column":0},"end":{"line":839,"column":0}},"839":{"start":{"line":840,"column":0},"end":{"line":840,"column":27}},"840":{"start":{"line":841,"column":0},"end":{"line":841,"column":14}},"841":{"start":{"line":842,"column":0},"end":{"line":842,"column":52}},"842":{"start":{"line":843,"column":0},"end":{"line":843,"column":14}},"843":{"start":{"line":844,"column":0},"end":{"line":844,"column":52}},"844":{"start":{"line":845,"column":0},"end":{"line":845,"column":12}},"845":{"start":{"line":846,"column":0},"end":{"line":846,"column":41}},"846":{"start":{"line":847,"column":0},"end":{"line":847,"column":41}},"847":{"start":{"line":848,"column":0},"end":{"line":848,"column":20}},"848":{"start":{"line":849,"column":0},"end":{"line":849,"column":10}},"849":{"start":{"line":850,"column":0},"end":{"line":850,"column":7}},"850":{"start":{"line":851,"column":0},"end":{"line":851,"column":4}},"851":{"start":{"line":852,"column":0},"end":{"line":852,"column":4}},"852":{"start":{"line":853,"column":0},"end":{"line":853,"column":2}},"853":{"start":{"line":854,"column":0},"end":{"line":854,"column":0}},"854":{"start":{"line":855,"column":0},"end":{"line":855,"column":59}},"855":{"start":{"line":856,"column":0},"end":{"line":856,"column":67}},"856":{"start":{"line":857,"column":0},"end":{"line":857,"column":16}},"857":{"start":{"line":858,"column":0},"end":{"line":858,"column":15}},"858":{"start":{"line":859,"column":0},"end":{"line":859,"column":29}},"859":{"start":{"line":860,"column":0},"end":{"line":860,"column":11}},"860":{"start":{"line":861,"column":0},"end":{"line":861,"column":0}},"861":{"start":{"line":862,"column":0},"end":{"line":862,"column":93}},"862":{"start":{"line":863,"column":0},"end":{"line":863,"column":39}},"863":{"start":{"line":864,"column":0},"end":{"line":864,"column":20}},"864":{"start":{"line":865,"column":0},"end":{"line":865,"column":24}},"865":{"start":{"line":866,"column":0},"end":{"line":866,"column":43}},"866":{"start":{"line":867,"column":0},"end":{"line":867,"column":22}},"867":{"start":{"line":868,"column":0},"end":{"line":868,"column":35}},"868":{"start":{"line":869,"column":0},"end":{"line":869,"column":11}},"869":{"start":{"line":870,"column":0},"end":{"line":870,"column":87}},"870":{"start":{"line":871,"column":0},"end":{"line":871,"column":4}},"871":{"start":{"line":872,"column":0},"end":{"line":872,"column":3}},"872":{"start":{"line":873,"column":0},"end":{"line":873,"column":42}},"873":{"start":{"line":874,"column":0},"end":{"line":874,"column":21}},"874":{"start":{"line":875,"column":0},"end":{"line":875,"column":20}},"875":{"start":{"line":876,"column":0},"end":{"line":876,"column":23}},"876":{"start":{"line":877,"column":0},"end":{"line":877,"column":22}},"877":{"start":{"line":878,"column":0},"end":{"line":878,"column":22}},"878":{"start":{"line":879,"column":0},"end":{"line":879,"column":5}},"879":{"start":{"line":880,"column":0},"end":{"line":880,"column":26}},"880":{"start":{"line":881,"column":0},"end":{"line":881,"column":0}},"881":{"start":{"line":882,"column":0},"end":{"line":882,"column":41}},"882":{"start":{"line":883,"column":0},"end":{"line":883,"column":47}},"883":{"start":{"line":884,"column":0},"end":{"line":884,"column":26}},"884":{"start":{"line":885,"column":0},"end":{"line":885,"column":32}},"885":{"start":{"line":886,"column":0},"end":{"line":886,"column":0}},"886":{"start":{"line":887,"column":0},"end":{"line":887,"column":45}},"887":{"start":{"line":888,"column":0},"end":{"line":888,"column":25}},"888":{"start":{"line":889,"column":0},"end":{"line":889,"column":4}},"889":{"start":{"line":890,"column":0},"end":{"line":890,"column":0}},"890":{"start":{"line":891,"column":0},"end":{"line":891,"column":58}},"891":{"start":{"line":892,"column":0},"end":{"line":892,"column":0}},"892":{"start":{"line":893,"column":0},"end":{"line":893,"column":15}},"893":{"start":{"line":894,"column":0},"end":{"line":894,"column":8}},"894":{"start":{"line":895,"column":0},"end":{"line":895,"column":19}},"895":{"start":{"line":896,"column":0},"end":{"line":896,"column":6}},"896":{"start":{"line":897,"column":0},"end":{"line":897,"column":5}},"897":{"start":{"line":898,"column":0},"end":{"line":898,"column":0}},"898":{"start":{"line":899,"column":0},"end":{"line":899,"column":16}},"899":{"start":{"line":900,"column":0},"end":{"line":900,"column":43}},"900":{"start":{"line":901,"column":0},"end":{"line":901,"column":28}},"901":{"start":{"line":902,"column":0},"end":{"line":902,"column":0}},"902":{"start":{"line":903,"column":0},"end":{"line":903,"column":34}},"903":{"start":{"line":904,"column":0},"end":{"line":904,"column":26}},"904":{"start":{"line":905,"column":0},"end":{"line":905,"column":25}},"905":{"start":{"line":906,"column":0},"end":{"line":906,"column":34}},"906":{"start":{"line":907,"column":0},"end":{"line":907,"column":56}},"907":{"start":{"line":908,"column":0},"end":{"line":908,"column":60}},"908":{"start":{"line":909,"column":0},"end":{"line":909,"column":66}},"909":{"start":{"line":910,"column":0},"end":{"line":910,"column":0}},"910":{"start":{"line":911,"column":0},"end":{"line":911,"column":43}},"911":{"start":{"line":912,"column":0},"end":{"line":912,"column":25}},"912":{"start":{"line":913,"column":0},"end":{"line":913,"column":25}},"913":{"start":{"line":914,"column":0},"end":{"line":914,"column":23}},"914":{"start":{"line":915,"column":0},"end":{"line":915,"column":18}},"915":{"start":{"line":916,"column":0},"end":{"line":916,"column":18}},"916":{"start":{"line":917,"column":0},"end":{"line":917,"column":7}},"917":{"start":{"line":918,"column":0},"end":{"line":918,"column":52}},"918":{"start":{"line":919,"column":0},"end":{"line":919,"column":12}},"919":{"start":{"line":920,"column":0},"end":{"line":920,"column":36}},"920":{"start":{"line":921,"column":0},"end":{"line":921,"column":32}},"921":{"start":{"line":922,"column":0},"end":{"line":922,"column":25}},"922":{"start":{"line":923,"column":0},"end":{"line":923,"column":28}},"923":{"start":{"line":924,"column":0},"end":{"line":924,"column":38}},"924":{"start":{"line":925,"column":0},"end":{"line":925,"column":9}},"925":{"start":{"line":926,"column":0},"end":{"line":926,"column":43}},"926":{"start":{"line":927,"column":0},"end":{"line":927,"column":53}},"927":{"start":{"line":928,"column":0},"end":{"line":928,"column":24}},"928":{"start":{"line":929,"column":0},"end":{"line":929,"column":24}},"929":{"start":{"line":930,"column":0},"end":{"line":930,"column":8}},"930":{"start":{"line":931,"column":0},"end":{"line":931,"column":51}},"931":{"start":{"line":932,"column":0},"end":{"line":932,"column":6}},"932":{"start":{"line":933,"column":0},"end":{"line":933,"column":0}},"933":{"start":{"line":934,"column":0},"end":{"line":934,"column":25}},"934":{"start":{"line":935,"column":0},"end":{"line":935,"column":5}},"935":{"start":{"line":936,"column":0},"end":{"line":936,"column":4}},"936":{"start":{"line":937,"column":0},"end":{"line":937,"column":0}},"937":{"start":{"line":938,"column":0},"end":{"line":938,"column":17}},"938":{"start":{"line":939,"column":0},"end":{"line":939,"column":4}},"939":{"start":{"line":940,"column":0},"end":{"line":940,"column":2}},"940":{"start":{"line":941,"column":0},"end":{"line":941,"column":0}},"941":{"start":{"line":942,"column":0},"end":{"line":942,"column":11}},"942":{"start":{"line":943,"column":0},"end":{"line":943,"column":65}},"943":{"start":{"line":944,"column":0},"end":{"line":944,"column":17}},"944":{"start":{"line":945,"column":0},"end":{"line":945,"column":71}},"945":{"start":{"line":946,"column":0},"end":{"line":946,"column":50}},"946":{"start":{"line":947,"column":0},"end":{"line":947,"column":4}},"947":{"start":{"line":948,"column":0},"end":{"line":948,"column":0}},"948":{"start":{"line":949,"column":0},"end":{"line":949,"column":16}},"949":{"start":{"line":950,"column":0},"end":{"line":950,"column":28}},"950":{"start":{"line":951,"column":0},"end":{"line":951,"column":29}},"951":{"start":{"line":952,"column":0},"end":{"line":952,"column":34}},"952":{"start":{"line":953,"column":0},"end":{"line":953,"column":26}},"953":{"start":{"line":954,"column":0},"end":{"line":954,"column":15}},"954":{"start":{"line":955,"column":0},"end":{"line":955,"column":24}},"955":{"start":{"line":956,"column":0},"end":{"line":956,"column":5}},"956":{"start":{"line":957,"column":0},"end":{"line":957,"column":4}},"957":{"start":{"line":958,"column":0},"end":{"line":958,"column":0}},"958":{"start":{"line":959,"column":0},"end":{"line":959,"column":17}},"959":{"start":{"line":960,"column":0},"end":{"line":960,"column":4}},"960":{"start":{"line":961,"column":0},"end":{"line":961,"column":2}},"961":{"start":{"line":962,"column":0},"end":{"line":962,"column":0}},"962":{"start":{"line":963,"column":0},"end":{"line":963,"column":58}},"963":{"start":{"line":964,"column":0},"end":{"line":964,"column":18}},"964":{"start":{"line":965,"column":0},"end":{"line":965,"column":2}},"965":{"start":{"line":966,"column":0},"end":{"line":966,"column":0}},"966":{"start":{"line":967,"column":0},"end":{"line":967,"column":84}},"967":{"start":{"line":968,"column":0},"end":{"line":968,"column":22}},"968":{"start":{"line":969,"column":0},"end":{"line":969,"column":27}},"969":{"start":{"line":970,"column":0},"end":{"line":970,"column":57}},"970":{"start":{"line":971,"column":0},"end":{"line":971,"column":55}},"971":{"start":{"line":972,"column":0},"end":{"line":972,"column":31}},"972":{"start":{"line":973,"column":0},"end":{"line":973,"column":0}},"973":{"start":{"line":974,"column":0},"end":{"line":974,"column":18}},"974":{"start":{"line":975,"column":0},"end":{"line":975,"column":32}},"975":{"start":{"line":976,"column":0},"end":{"line":976,"column":29}},"976":{"start":{"line":977,"column":0},"end":{"line":977,"column":53}},"977":{"start":{"line":978,"column":0},"end":{"line":978,"column":0}},"978":{"start":{"line":979,"column":0},"end":{"line":979,"column":38}},"979":{"start":{"line":980,"column":0},"end":{"line":980,"column":54}},"980":{"start":{"line":981,"column":0},"end":{"line":981,"column":42}},"981":{"start":{"line":982,"column":0},"end":{"line":982,"column":48}},"982":{"start":{"line":983,"column":0},"end":{"line":983,"column":12}},"983":{"start":{"line":984,"column":0},"end":{"line":984,"column":11}},"984":{"start":{"line":985,"column":0},"end":{"line":985,"column":8}},"985":{"start":{"line":986,"column":0},"end":{"line":986,"column":6}},"986":{"start":{"line":987,"column":0},"end":{"line":987,"column":0}},"987":{"start":{"line":988,"column":0},"end":{"line":988,"column":23}},"988":{"start":{"line":989,"column":0},"end":{"line":989,"column":21}},"989":{"start":{"line":990,"column":0},"end":{"line":990,"column":31}},"990":{"start":{"line":991,"column":0},"end":{"line":991,"column":33}},"991":{"start":{"line":992,"column":0},"end":{"line":992,"column":44}},"992":{"start":{"line":993,"column":0},"end":{"line":993,"column":48}},"993":{"start":{"line":994,"column":0},"end":{"line":994,"column":13}},"994":{"start":{"line":995,"column":0},"end":{"line":995,"column":12}},"995":{"start":{"line":996,"column":0},"end":{"line":996,"column":9}},"996":{"start":{"line":997,"column":0},"end":{"line":997,"column":8}},"997":{"start":{"line":998,"column":0},"end":{"line":998,"column":6}},"998":{"start":{"line":999,"column":0},"end":{"line":999,"column":0}},"999":{"start":{"line":1000,"column":0},"end":{"line":1000,"column":27}},"1000":{"start":{"line":1001,"column":0},"end":{"line":1001,"column":21}},"1001":{"start":{"line":1002,"column":0},"end":{"line":1002,"column":35}},"1002":{"start":{"line":1003,"column":0},"end":{"line":1003,"column":37}},"1003":{"start":{"line":1004,"column":0},"end":{"line":1004,"column":48}},"1004":{"start":{"line":1005,"column":0},"end":{"line":1005,"column":48}},"1005":{"start":{"line":1006,"column":0},"end":{"line":1006,"column":15}},"1006":{"start":{"line":1007,"column":0},"end":{"line":1007,"column":9}},"1007":{"start":{"line":1008,"column":0},"end":{"line":1008,"column":8}},"1008":{"start":{"line":1009,"column":0},"end":{"line":1009,"column":6}},"1009":{"start":{"line":1010,"column":0},"end":{"line":1010,"column":0}},"1010":{"start":{"line":1011,"column":0},"end":{"line":1011,"column":19}},"1011":{"start":{"line":1012,"column":0},"end":{"line":1012,"column":23}},"1012":{"start":{"line":1013,"column":0},"end":{"line":1013,"column":29}},"1013":{"start":{"line":1014,"column":0},"end":{"line":1014,"column":30}},"1014":{"start":{"line":1015,"column":0},"end":{"line":1015,"column":30}},"1015":{"start":{"line":1016,"column":0},"end":{"line":1016,"column":21}},"1016":{"start":{"line":1017,"column":0},"end":{"line":1017,"column":29}},"1017":{"start":{"line":1018,"column":0},"end":{"line":1018,"column":13}},"1018":{"start":{"line":1019,"column":0},"end":{"line":1019,"column":40}},"1019":{"start":{"line":1020,"column":0},"end":{"line":1020,"column":59}},"1020":{"start":{"line":1021,"column":0},"end":{"line":1021,"column":61}},"1021":{"start":{"line":1022,"column":0},"end":{"line":1022,"column":17}},"1022":{"start":{"line":1023,"column":0},"end":{"line":1023,"column":27}},"1023":{"start":{"line":1024,"column":0},"end":{"line":1024,"column":6}},"1024":{"start":{"line":1025,"column":0},"end":{"line":1025,"column":11}},"1025":{"start":{"line":1026,"column":0},"end":{"line":1026,"column":41}},"1026":{"start":{"line":1027,"column":0},"end":{"line":1027,"column":45}},"1027":{"start":{"line":1028,"column":0},"end":{"line":1028,"column":18}},"1028":{"start":{"line":1029,"column":0},"end":{"line":1029,"column":27}},"1029":{"start":{"line":1030,"column":0},"end":{"line":1030,"column":38}},"1030":{"start":{"line":1031,"column":0},"end":{"line":1031,"column":23}},"1031":{"start":{"line":1032,"column":0},"end":{"line":1032,"column":6}},"1032":{"start":{"line":1033,"column":0},"end":{"line":1033,"column":60}},"1033":{"start":{"line":1034,"column":0},"end":{"line":1034,"column":28}},"1034":{"start":{"line":1035,"column":0},"end":{"line":1035,"column":0}},"1035":{"start":{"line":1036,"column":0},"end":{"line":1036,"column":38}},"1036":{"start":{"line":1037,"column":0},"end":{"line":1037,"column":42}},"1037":{"start":{"line":1038,"column":0},"end":{"line":1038,"column":48}},"1038":{"start":{"line":1039,"column":0},"end":{"line":1039,"column":12}},"1039":{"start":{"line":1040,"column":0},"end":{"line":1040,"column":11}},"1040":{"start":{"line":1041,"column":0},"end":{"line":1041,"column":8}},"1041":{"start":{"line":1042,"column":0},"end":{"line":1042,"column":6}},"1042":{"start":{"line":1043,"column":0},"end":{"line":1043,"column":0}},"1043":{"start":{"line":1044,"column":0},"end":{"line":1044,"column":93}},"1044":{"start":{"line":1045,"column":0},"end":{"line":1045,"column":24}},"1045":{"start":{"line":1046,"column":0},"end":{"line":1046,"column":24}},"1046":{"start":{"line":1047,"column":0},"end":{"line":1047,"column":89}},"1047":{"start":{"line":1048,"column":0},"end":{"line":1048,"column":9}},"1048":{"start":{"line":1049,"column":0},"end":{"line":1049,"column":80}},"1049":{"start":{"line":1050,"column":0},"end":{"line":1050,"column":33}},"1050":{"start":{"line":1051,"column":0},"end":{"line":1051,"column":73}},"1051":{"start":{"line":1052,"column":0},"end":{"line":1052,"column":29}},"1052":{"start":{"line":1053,"column":0},"end":{"line":1053,"column":40}},"1053":{"start":{"line":1054,"column":0},"end":{"line":1054,"column":42}},"1054":{"start":{"line":1055,"column":0},"end":{"line":1055,"column":41}},"1055":{"start":{"line":1056,"column":0},"end":{"line":1056,"column":40}},"1056":{"start":{"line":1057,"column":0},"end":{"line":1057,"column":37}},"1057":{"start":{"line":1058,"column":0},"end":{"line":1058,"column":56}},"1058":{"start":{"line":1059,"column":0},"end":{"line":1059,"column":44}},"1059":{"start":{"line":1060,"column":0},"end":{"line":1060,"column":48}},"1060":{"start":{"line":1061,"column":0},"end":{"line":1061,"column":13}},"1061":{"start":{"line":1062,"column":0},"end":{"line":1062,"column":23}},"1062":{"start":{"line":1063,"column":0},"end":{"line":1063,"column":9}},"1063":{"start":{"line":1064,"column":0},"end":{"line":1064,"column":8}},"1064":{"start":{"line":1065,"column":0},"end":{"line":1065,"column":6}},"1065":{"start":{"line":1066,"column":0},"end":{"line":1066,"column":24}},"1066":{"start":{"line":1067,"column":0},"end":{"line":1067,"column":26}},"1067":{"start":{"line":1068,"column":0},"end":{"line":1068,"column":22}},"1068":{"start":{"line":1069,"column":0},"end":{"line":1069,"column":34}},"1069":{"start":{"line":1070,"column":0},"end":{"line":1070,"column":31}},"1070":{"start":{"line":1071,"column":0},"end":{"line":1071,"column":33}},"1071":{"start":{"line":1072,"column":0},"end":{"line":1072,"column":44}},"1072":{"start":{"line":1073,"column":0},"end":{"line":1073,"column":48}},"1073":{"start":{"line":1074,"column":0},"end":{"line":1074,"column":13}},"1074":{"start":{"line":1075,"column":0},"end":{"line":1075,"column":12}},"1075":{"start":{"line":1076,"column":0},"end":{"line":1076,"column":9}},"1076":{"start":{"line":1077,"column":0},"end":{"line":1077,"column":8}},"1077":{"start":{"line":1078,"column":0},"end":{"line":1078,"column":6}},"1078":{"start":{"line":1079,"column":0},"end":{"line":1079,"column":0}},"1079":{"start":{"line":1080,"column":0},"end":{"line":1080,"column":40}},"1080":{"start":{"line":1081,"column":0},"end":{"line":1081,"column":35}},"1081":{"start":{"line":1082,"column":0},"end":{"line":1082,"column":37}},"1082":{"start":{"line":1083,"column":0},"end":{"line":1083,"column":48}},"1083":{"start":{"line":1084,"column":0},"end":{"line":1084,"column":48}},"1084":{"start":{"line":1085,"column":0},"end":{"line":1085,"column":15}},"1085":{"start":{"line":1086,"column":0},"end":{"line":1086,"column":9}},"1086":{"start":{"line":1087,"column":0},"end":{"line":1087,"column":8}},"1087":{"start":{"line":1088,"column":0},"end":{"line":1088,"column":6}},"1088":{"start":{"line":1089,"column":0},"end":{"line":1089,"column":0}},"1089":{"start":{"line":1090,"column":0},"end":{"line":1090,"column":52}},"1090":{"start":{"line":1091,"column":0},"end":{"line":1091,"column":19}},"1091":{"start":{"line":1092,"column":0},"end":{"line":1092,"column":41}},"1092":{"start":{"line":1093,"column":0},"end":{"line":1093,"column":9}},"1093":{"start":{"line":1094,"column":0},"end":{"line":1094,"column":38}},"1094":{"start":{"line":1095,"column":0},"end":{"line":1095,"column":50}},"1095":{"start":{"line":1096,"column":0},"end":{"line":1096,"column":41}},"1096":{"start":{"line":1097,"column":0},"end":{"line":1097,"column":24}},"1097":{"start":{"line":1098,"column":0},"end":{"line":1098,"column":7}},"1098":{"start":{"line":1099,"column":0},"end":{"line":1099,"column":6}},"1099":{"start":{"line":1100,"column":0},"end":{"line":1100,"column":0}},"1100":{"start":{"line":1101,"column":0},"end":{"lin
[...]
}},"line":2001},"101":{"name":"Object.<anonymous>.Interpreter.getScopeValue","decl":{"start":{"line":2020,"column":1},"end":{"line":2023,"column":2}},"loc":{"start":{"line":2020,"column":1},"end":{"line":2023,"column":2}},"line":2020},"102":{"name":"Object.<anonymous>.Interpreter.getScopeDataFromName","decl":{"start":{"line":2025,"column":1},"end":{"line":2027,"column":2}},"loc":{"start":{"line":2025,"column":1},"end":{"line":2027,"column":2}},"line":2025},"103":{"name":"Object.<anonymous>.Interpreter.getScopeFromName","decl":{"start":{"line":2029,"column":1},"end":{"line":2040,"column":2}},"loc":{"start":{"line":2029,"column":1},"end":{"line":2040,"column":2}},"line":2029},"104":{"name":"Object.<anonymous>.Interpreter.setValue","decl":{"start":{"line":2042,"column":1},"end":{"line":2060,"column":2}},"loc":{"start":{"line":2042,"column":1},"end":{"line":2060,"column":2}},"line":2042},"105":{"name":"Object.<anonymous>.Interpreter.getValue","decl":{"start":{"line":2062,"column":1},"end":{"line":2064,"column":2}},"loc":{"start":{"line":2062,"column":1},"end":{"line":2064,"column":2}},"line":2062}},"f":{"0":4274,"1":6309,"2":0,"3":0,"4":0,"5":0,"6":3417,"7":0,"8":0,"9":31,"10":4373,"11":0,"12":7,"13":7,"14":0,"15":0,"16":0,"17":0,"18":7,"19":0,"20":57525,"21":5053,"22":2,"23":7,"24":8750,"25":8750,"26":7,"27":7,"28":7,"29":0,"30":0,"31":0,"32":0,"33":0,"34":0,"35":191443,"36":9482,"37":6428,"38":3576,"39":2046,"40":1075,"41":1888,"42":4826,"43":0,"44":0,"45":1741,"46":2591,"47":13767,"48":0,"49":0,"50":0,"51":13767,"52":4594,"53":4373,"54":0,"55":0,"56":458,"57":17148,"58":5279,"59":3767,"60":19701,"61":57381,"62":3159,"63":19480,"64":1139,"65":9417,"66":4200,"67":37985,"68":10382,"69":4456,"70":16,"71":2912,"72":3780,"73":542,"74":2043,"75":761,"76":0,"77":61,"78":12,"79":62,"80":0,"81":26,"82":18,"83":2,"84":18,"85":8,"86":188,"87":36,"88":219,"89":0,"90":3,"91":0,"92":7231,"93":25657,"94":9024,"95":31620,"96":20772,"97":20772,"98":9417,"99":1139,"100":4380,"101":0,"102":46150,"103":49309,"104":15685,"105":7}}
,"/Users/tanghaibo/Projects/typescript/remote-import/src/eval/interpreter/messages.ts": {"path":"/Users/tanghaibo/Projects/typescript/remote-import/src/eval/interpreter/messages.ts","all":false,"statementMap":{"0":{"start":{"line":1,"column":0},"end":{"line":1,"column":40}},"1":{"start":{"line":2,"column":0},"end":{"line":2,"column":52}},"2":{"start":{"line":3,"column":0},"end":{"line":3,"column":58}},"3":{"start":{"line":4,"column":0},"end":{"line":4,"column":48}},"4":{"start":{"line":5,"column":0},"end":{"line":5,"column":54}},"5":{"start":{"line":6,"column":0},"end":{"line":6,"column":66}},"6":{"start":{"line":7,"column":0},"end":{"line":7,"column":72}},"7":{"start":{"line":8,"column":0},"end":{"line":8,"column":0}},"8":{"start":{"line":9,"column":0},"end":{"line":9,"column":20}},"9":{"start":{"line":10,"column":0},"end":{"line":10,"column":29}},"10":{"start":{"line":11,"column":0},"end":{"line":11,"column":1}},"11":{"start":{"line":12,"column":0},"end":{"line":12,"column":0}},"12":{"start":{"line":13,"column":0},"end":{"line":13,"column":27}},"13":{"start":{"line":14,"column":0},"end":{"line":14,"column":8}},"14":{"start":{"line":15,"column":0},"end":{"line":15,"column":8}},"15":{"start":{"line":16,"column":0},"end":{"line":16,"column":118}},"16":{"start":{"line":17,"column":0},"end":{"line":17,"column":2}},"17":{"start":{"line":18,"column":0},"end":{"line":18,"column":0}},"18":{"start":{"line":19,"column":0},"end":{"line":19,"column":35}},"19":{"start":{"line":20,"column":0},"end":{"line":20,"column":49}},"20":{"start":{"line":21,"column":0},"end":{"line":21,"column":93}},"21":{"start":{"line":22,"column":0},"end":{"line":22,"column":84}},"22":{"start":{"line":23,"column":0},"end":{"line":23,"column":96}},"23":{"start":{"line":24,"column":0},"end":{"line":24,"column":30}},"24":{"start":{"line":25,"column":0},"end":{"line":25,"column":7}},"25":{"start":{"line":26,"column":0},"end":{"line":26,"column":33}},"26":{"start":{"line":27,"column":0},"end":{"line":27,"column":31}},"27":{"start":{"line":28,"column":0},"end":{"line":28,"column":3}},"28":{"start":{"line":29,"column":0},"end":{"line":29,"column":94}},"29":{"start":{"line":30,"column":0},"end":{"line":30,"column":96}},"30":{"start":{"line":31,"column":0},"end":{"line":31,"column":30}},"31":{"start":{"line":32,"column":0},"end":{"line":32,"column":7}},"32":{"start":{"line":33,"column":0},"end":{"line":33,"column":33}},"33":{"start":{"line":34,"column":0},"end":{"line":34,"column":31}},"34":{"start":{"line":35,"column":0},"end":{"line":35,"column":3}},"35":{"start":{"line":36,"column":0},"end":{"line":36,"column":35}},"36":{"start":{"line":37,"column":0},"end":{"line":37,"column":7}},"37":{"start":{"line":38,"column":0},"end":{"line":38,"column":38}},"38":{"start":{"line":39,"column":0},"end":{"line":39,"column":31}},"39":{"start":{"line":40,"column":0},"end":{"line":40,"column":3}},"40":{"start":{"line":41,"column":0},"end":{"line":41,"column":92}},"41":{"start":{"line":42,"column":0},"end":{"line":42,"column":86}},"42":{"start":{"line":43,"column":0},"end":{"line":43,"column":96}},"43":{"start":{"line":44,"column":0},"end":{"line":44,"column":86}},"44":{"start":{"line":45,"column":0},"end":{"line":45,"column":83}},"45":{"start":{"line":46,"column":0},"end":{"line":46,"column":69}},"46":{"start":{"line":47,"column":0},"end":{"line":47,"column":2}}},"s":{"0":0,"1":0,"2":0,"3":0,"4":0,"5":0,"6":0,"7":1,"8":1,"9":1,"10":1,"11":1,"12":1,"13":1,"14":1,"15":1,"16":1,"17":1,"18":1,"19":1,"20":1,"21":1,"22":1,"23":1,"24":1,"25":1,"26":1,"27":1,"28":1,"29":1,"30":1,"31":1,"32":1,"33":1,"34":1,"35":1,"36":1,"37":1,"38":1,"39":1,"40":1,"41":1,"42":1,"43":1,"44":1,"45":1,"46":1},"branchMap":{"0":{"type":"branch","line":1,"loc":{"start":{"line":1,"column":0},"end":{"line":1,"column":40}},"locations":[{"start":{"line":1,"column":0},"end":{"line":1,"column":40}}]},"1":{"type":"branch","line":2,"loc":{"start":{"line":2,"column":0},"end":{"line":2,"column":52}},"locations":[{"start":{"line":2,"column":0},"end":{"line":2,"column":52}}]},"2":{"type":"branch","line":3,"loc":{"start":{"line":3,"column":0},"end":{"line":3,"column":58}},"locations":[{"start":{"line":3,"column":0},"end":{"line":3,"column":58}}]},"3":{"type":"branch","line":4,"loc":{"start":{"line":4,"column":0},"end":{"line":4,"column":48}},"locations":[{"start":{"line":4,"column":0},"end":{"line":4,"column":48}}]},"4":{"type":"branch","line":5,"loc":{"start":{"line":5,"column":0},"end":{"line":5,"column":54}},"locations":[{"start":{"line":5,"column":0},"end":{"line":5,"column":54}}]},"5":{"type":"branch","line":6,"loc":{"start":{"line":6,"column":0},"end":{"line":6,"column":66}},"locations":[{"start":{"line":6,"column":0},"end":{"line":6,"column":66}}]},"6":{"type":"branch","line":7,"loc":{"start":{"line":7,"column":0},"end":{"line":7,"column":72}},"locations":[{"start":{"line":7,"column":0},"end":{"line":7,"column":72}}]}},"b":{"0":[3],"1":[3],"2":[3],"3":[3],"4":[3],"5":[3],"6":[3]},"fnMap":{"0":{"name":"ThrowError","decl":{"start":{"line":1,"column":0},"end":{"line":1,"column":40}},"loc":{"start":{"line":1,"column":0},"end":{"line":1,"column":40}},"line":1},"1":{"name":"ThrowSyntaxError","decl":{"start":{"line":2,"column":0},"end":{"line":2,"column":52}},"loc":{"start":{"line":2,"column":0},"end":{"line":2,"column":52}},"line":2},"2":{"name":"ThrowReferenceError","decl":{"start":{"line":3,"column":0},"end":{"line":3,"column":58}},"loc":{"start":{"line":3,"column":0},"end":{"line":3,"column":58}},"line":3},"3":{"name":"ThrowTypeError","decl":{"start":{"line":4,"column":0},"end":{"line":4,"column":48}},"loc":{"start":{"line":4,"column":0},"end":{"line":4,"column":48}},"line":4},"4":{"name":"InterruptThrowError","decl":{"start":{"line":5,"column":0},"end":{"line":5,"column":54}},"loc":{"start":{"line":5,"column":0},"end":{"line":5,"column":54}},"line":5},"5":{"name":"InterruptThrowSyntaxError","decl":{"start":{"line":6,"column":0},"end":{"line":6,"column":66}},"loc":{"start":{"line":6,"column":0},"end":{"line":6,"column":66}},"line":6},"6":{"name":"InterruptThrowReferenceError","decl":{"start":{"line":7,"column":0},"end":{"line":7,"column":72}},"loc":{"start":{"line":7,"column":0},"end":{"line":7,"column":72}},"line":7}},"f":{"0":0,"1":0,"2":0,"3":0,"4":0,"5":0,"6":0}}
,"/Users/tanghaibo/Projects/typescript/remote-import/src/eval/interpreter/scope.ts": {"path":"/Users/tanghaibo/Projects/typescript/remote-import/src/eval/interpreter/scope.ts","all":false,"statementMap":{"0":{"start":{"line":1,"column":0},"end":{"line":1,"column":3}},"1":{"start":{"line":2,"column":0},"end":{"line":2,"column":8}},"2":{"start":{"line":3,"column":0},"end":{"line":3,"column":3}},"3":{"start":{"line":4,"column":0},"end":{"line":4,"column":20}},"4":{"start":{"line":5,"column":0},"end":{"line":5,"column":44}},"5":{"start":{"line":6,"column":0},"end":{"line":6,"column":31}},"6":{"start":{"line":7,"column":0},"end":{"line":7,"column":26}},"7":{"start":{"line":8,"column":0},"end":{"line":8,"column":22}},"8":{"start":{"line":9,"column":0},"end":{"line":9,"column":84}},"9":{"start":{"line":10,"column":0},"end":{"line":10,"column":19}},"10":{"start":{"line":11,"column":0},"end":{"line":11,"column":23}},"11":{"start":{"line":12,"column":0},"end":{"line":12,"column":19}},"12":{"start":{"line":13,"column":0},"end":{"line":13,"column":23}},"13":{"start":{"line":14,"column":0},"end":{"line":14,"column":2}},"14":{"start":{"line":15,"column":0},"end":{"line":15,"column":1}}},"s":{"0":1,"1":1,"2":1,"3":4,"4":4,"5":4,"6":4,"7":4,"8":4,"9":4403,"10":4403,"11":4403,"12":4403,"13":4403,"14":4},"branchMap":{"0":{"type":"branch","line":4,"loc":{"start":{"line":4,"column":0},"end":{"line":15,"column":1}},"locations":[{"start":{"line":4,"column":0},"end":{"line":15,"column":1}}]},"1":{"type":"branch","line":9,"loc":{"start":{"line":9,"column":1},"end":{"line":14,"column":2}},"locations":[{"start":{"line":9,"column":1},"end":{"line":14,"column":2}}]},"2":{"type":"branch","line":9,"loc":{"start":{"line":9,"column":30},"end":{"line":9,"column":59}},"locations":[{"start":{"line":9,"column":30},"end":{"line":9,"column":59}}]}},"b":{"0":[4],"1":[4403],"2":[0]},"fnMap":{"0":{"name":"Scope","decl":{"start":{"line":9,"column":1},"end":{"line":14,"column":2}},"loc":{"start":{"line":9,"column":1},"end":{"line":14,"column":2}},"line":9}},"f":{"0":4403}}
,"/Users/tanghaibo/Projects/typescript/remote-import/src/imports/index.ts": {"path":"/Users/tanghaibo/Projects/typescript/remote-import/src/imports/index.ts","all":false,"statementMap":{"0":{"start":{"line":1,"column":0},"end":{"line":1,"column":37}},"1":{"start":{"line":2,"column":0},"end":{"line":2,"column":61}},"2":{"start":{"line":3,"column":0},"end":{"line":3,"column":0}},"3":{"start":{"line":4,"column":0},"end":{"line":4,"column":18}},"4":{"start":{"line":5,"column":0},"end":{"line":5,"column":83}},"5":{"start":{"line":6,"column":0},"end":{"line":6,"column":25}},"6":{"start":{"line":7,"column":0},"end":{"line":7,"column":1}},"7":{"start":{"line":8,"column":0},"end":{"line":8,"column":0}},"8":{"start":{"line":9,"column":0},"end":{"line":9,"column":31}},"9":{"start":{"line":10,"column":0},"end":{"line":10,"column":26}},"10":{"start":{"line":11,"column":0},"end":{"line":11,"column":24}},"11":{"start":{"line":12,"column":0},"end":{"line":12,"column":22}},"12":{"start":{"line":13,"column":0},"end":{"line":13,"column":42}},"13":{"start":{"line":14,"column":0},"end":{"line":14,"column":28}},"14":{"start":{"line":15,"column":0},"end":{"line":15,"column":47}},"15":{"start":{"line":16,"column":0},"end":{"line":16,"column":5}},"16":{"start":{"line":17,"column":0},"end":{"line":17,"column":24}},"17":{"start":{"line":18,"column":0},"end":{"line":18,"column":43}},"18":{"start":{"line":19,"column":0},"end":{"line":19,"column":5}},"19":{"start":{"line":20,"column":0},"end":{"line":20,"column":25}},"20":{"start":{"line":21,"column":0},"end":{"line":21,"column":39}},"21":{"start":{"line":22,"column":0},"end":{"line":22,"column":5}},"22":{"start":{"line":23,"column":0},"end":{"line":23,"column":14}},"23":{"start":{"line":24,"column":0},"end":{"line":24,"column":6}},"24":{"start":{"line":25,"column":0},"end":{"line":25,"column":1}},"25":{"start":{"line":26,"column":0},"end":{"line":26,"column":0}},"26":{"start":{"line":27,"column":0},"end":{"line":27,"column":11}},"27":{"start":{"line":28,"column":0},"end":{"line":28,"column":35}},"28":{"start":{"line":29,"column":0},"end":{"line":29,"column":26}},"29":{"start":{"line":30,"column":0},"end":{"line":30,"column":24}},"30":{"start":{"line":31,"column":0},"end":{"line":31,"column":28}},"31":{"start":{"line":32,"column":0},"end":{"line":32,"column":47}},"32":{"start":{"line":33,"column":0},"end":{"line":33,"column":7}},"33":{"start":{"line":34,"column":0},"end":{"line":34,"column":33}},"34":{"start":{"line":35,"column":0},"end":{"line":35,"column":35}},"35":{"start":{"line":36,"column":0},"end":{"line":36,"column":1}}},"s":{"0":1,"1":1,"2":1,"3":1,"4":2,"5":2,"6":2,"7":1,"8":5,"9":5,"10":5,"11":5,"12":5,"13":5,"14":1,"15":1,"16":5,"17":2,"18":2,"19":5,"20":1,"21":1,"22":1,"23":5,"24":5,"25":1,"26":1,"27":1,"28":1,"29":1,"30":1,"31":1,"32":1,"33":1,"34":1,"35":1},"branchMap":{"0":{"type":"branch","line":5,"loc":{"start":{"line":5,"column":0},"end":{"line":7,"column":1}},"locations":[{"start":{"line":5,"column":0},"end":{"line":7,"column":1}}]},"1":{"type":"branch","line":9,"loc":{"start":{"line":9,"column":0},"end":{"line":25,"column":1}},"locations":[{"start":{"line":9,"column":0},"end":{"line":25,"column":1}}]},"2":{"type":"branch","line":13,"loc":{"start":{"line":13,"column":33},"end":{"line":24,"column":3}},"locations":[{"start":{"line":13,"column":33},"end":{"line":24,"column":3}}]},"3":{"type":"branch","line":14,"loc":{"start":{"line":14,"column":27},"end":{"line":16,"column":5}},"locations":[{"start":{"line":14,"column":27},"end":{"line":16,"column":5}}]},"4":{"type":"branch","line":17,"loc":{"start":{"line":17,"column":-1},"end":{"line":17,"column":23}},"locations":[{"start":{"line":17,"column":-1},"end":{"line":17,"column":23}}]},"5":{"type":"branch","line":17,"loc":{"start":{"line":17,"column":23},"end":{"line":20,"column":24}},"locations":[{"start":{"line":17,"column":23},"end":{"line":20,"column":24}}]},"6":{"type":"branch","line":20,"loc":{"start":{"line":20,"column":24},"end":{"line":24,"column":3}},"locations":[{"start":{"line":20,"column":24},"end":{"line":24,"column":3}}]},"7":{"type":"branch","line":28,"loc":{"start":{"line":28,"column":0},"end":{"line":36,"column":1}},"locations":[{"start":{"line":28,"column":0},"end":{"line":36,"column":1}}]},"8":{"type":"branch","line":32,"loc":{"start":{"line":32,"column":15},"end":{"line":32,"column":47}},"locations":[{"start":{"line":32,"column":15},"end":{"line":32,"column":47}}]}},"b":{"0":[2],"1":[5],"2":[5],"3":[1],"4":[4],"5":[2],"6":[1],"7":[1],"8":[1]},"fnMap":{"0":{"name":"getResource","decl":{"start":{"line":5,"column":0},"end":{"line":7,"column":1}},"loc":{"start":{"line":5,"column":0},"end":{"line":7,"column":1}},"line":5},"1":{"name":"loadCode","decl":{"start":{"line":9,"column":0},"end":{"line":25,"column":1}},"loc":{"start":{"line":9,"column":0},"end":{"line":25,"column":1}},"line":9},"2":{"name":"ImportScript","decl":{"start":{"line":28,"column":0},"end":{"line":36,"column":1}},"loc":{"start":{"line":28,"column":0},"end":{"line":36,"column":1}},"line":28}},"f":{"0":2,"1":5,"2":1}}
,"/Users/tanghaibo/Projects/typescript/remote-import/src/utils/index.ts": {"path":"/Users/tanghaibo/Projects/typescript/remote-import/src/utils/index.ts","all":false,"statementMap":{"0":{"start":{"line":1,"column":0},"end":{"line":1,"column":37}},"1":{"start":{"line":2,"column":0},"end":{"line":2,"column":61}},"2":{"start":{"line":3,"column":0},"end":{"line":3,"column":16}},"3":{"start":{"line":4,"column":0},"end":{"line":4,"column":3}},"4":{"start":{"line":5,"column":0},"end":{"line":5,"column":15}},"5":{"start":{"line":6,"column":0},"end":{"line":6,"column":1}},"6":{"start":{"line":7,"column":0},"end":{"line":7,"column":39}},"7":{"start":{"line":8,"column":0},"end":{"line":8,"column":34}},"8":{"start":{"line":9,"column":0},"end":{"line":9,"column":1}},"9":{"start":{"line":10,"column":0},"end":{"line":10,"column":40}},"10":{"start":{"line":11,"column":0},"end":{"line":11,"column":88}},"11":{"start":{"line":12,"column":0},"end":{"line":12,"column":1}},"12":{"start":{"line":13,"column":0},"end":{"line":13,"column":0}},"13":{"start":{"line":14,"column":0},"end":{"line":14,"column":43}},"14":{"start":{"line":15,"column":0},"end":{"line":15,"column":24}},"15":{"start":{"line":16,"column":0},"end":{"line":16,"column":17}},"16":{"start":{"line":17,"column":0},"end":{"line":17,"column":3}},"17":{"start":{"line":18,"column":0},"end":{"line":18,"column":48}},"18":{"start":{"line":19,"column":0},"end":{"line":19,"column":1}}},"s":{"0":4,"1":4,"2":1,"3":1,"4":3,"5":3,"6":18,"7":18,"8":18,"9":7,"10":7,"11":7,"12":1,"13":10,"14":10,"15":3,"16":3,"17":7,"18":7},"branchMap":{"0":{"type":"branch","line":1,"loc":{"start":{"line":1,"column":0},"end":{"line":6,"column":1}},"locations":[{"start":{"line":1,"column":0},"end":{"line":6,"column":1}}]},"1":{"type":"branch","line":2,"loc":{"start":{"line":2,"column":11},"end":{"line":2,"column":40}},"locations":[{"start":{"line":2,"column":11},"end":{"line":2,"column":40}}]},"2":{"type":"branch","line":2,"loc":{"start":{"line":2,"column":40},"end":{"line":2,"column":58}},"locations":[{"start":{"line":2,"column":40},"end":{"line":2,"column":58}}]},"3":{"type":"branch","line":2,"loc":{"start":{"line":2,"column":60},"end":{"line":4,"column":3}},"locations":[{"start":{"line":2,"column":60},"end":{"line":4,"column":3}}]},"4":{"type":"branch","line":5,"loc":{"start":{"line":5,"column":-1},"end":{"line":6,"column":1}},"locations":[{"start":{"line":5,"column":-1},"end":{"line":6,"column":1}}]},"5":{"type":"branch","line":7,"loc":{"start":{"line":7,"column":0},"end":{"line":9,"column":1}},"locations":[{"start":{"line":7,"column":0},"end":{"line":9,"column":1}}]},"6":{"type":"branch","line":10,"loc":{"start":{"line":10,"column":0},"end":{"line":12,"column":1}},"locations":[{"start":{"line":10,"column":0},"end":{"line":12,"column":1}}]},"7":{"type":"branch","line":11,"loc":{"start":{"line":11,"column":14},"end":{"line":11,"column":78}},"locations":[{"start":{"line":11,"column":14},"end":{"line":11,"column":78}}]},"8":{"type":"branch","line":11,"loc":{"start":{"line":11,"column":78},"end":{"line":11,"column":87}},"locations":[{"start":{"line":11,"column":78},"end":{"line":11,"column":87}}]},"9":{"type":"branch","line":14,"loc":{"start":{"line":14,"column":0},"end":{"line":19,"column":1}},"locations":[{"start":{"line":14,"column":0},"end":{"line":19,"column":1}}]},"10":{"type":"branch","line":15,"loc":{"start":{"line":15,"column":23},"end":{"line":17,"column":3}},"locations":[{"start":{"line":15,"column":23},"end":{"line":17,"column":3}}]},"11":{"type":"branch","line":18,"loc":{"start":{"line":18,"column":-1},"end":{"line":19,"column":1}},"locations":[{"start":{"line":18,"column":-1},"end":{"line":19,"column":1}}]}},"b":{"0":[4],"1":[1],"2":[1],"3":[1],"4":[3],"5":[18],"6":[7],"7":[4],"8":[5],"9":[10],"10":[3],"11":[7]},"fnMap":{"0":{"name":"isJSON","decl":{"start":{"line":1,"column":0},"end":{"line":6,"column":1}},"loc":{"start":{"line":1,"column":0},"end":{"line":6,"column":1}},"line":1},"1":{"name":"isString","decl":{"start":{"line":7,"column":0},"end":{"line":9,"column":1}},"loc":{"start":{"line":7,"column":0},"end":{"line":9,"column":1}},"line":7},"2":{"name":"isPromise","decl":{"start":{"line":10,"column":0},"end":{"line":12,"column":1}},"loc":{"start":{"line":10,"column":0},"end":{"line":12,"column":1}},"line":10},"3":{"name":"isNetworkUrl","decl":{"start":{"line":14,"column":0},"end":{"line":19,"column":1}},"loc":{"start":{"line":14,"column":0},"end":{"line":19,"column":1}},"line":14}},"f":{"0":4,"1":18,"2":7,"3":10}}
}
