TN:
SF:src/index.ts
FN:6,get
FN:8,get
FN:7,get
FN:9,get
FNF:4
FNH:1
FNDA:0,get
FNDA:0,get
FNDA:0,get
FNDA:1,get
DA:1,1
DA:2,1
DA:3,1
DA:4,1
DA:5,1
DA:6,1
DA:7,1
DA:8,1
DA:9,1
DA:10,1
LF:10
LH:10
BRDA:9,0,0,1
BRF:1
BRH:1
end_of_record
TN:
SF:src/eval/index.ts
FN:2,EvalScript
FNF:1
FNH:0
FNDA:0,EvalScript
DA:1,1
DA:2,0
DA:3,0
DA:4,0
LF:4
LH:1
BRF:0
BRH:0
end_of_record
TN:
SF:src/imports/index.ts
FN:5,getResource
FN:9,formatAst
FN:31,ImportScript
FNF:3
FNH:1
FNDA:1,getResource
FNDA:0,formatAst
FNDA:0,ImportScript
DA:1,1
DA:2,1
DA:3,1
DA:4,1
DA:5,1
DA:6,1
DA:7,1
DA:8,1
DA:9,0
DA:10,0
DA:11,0
DA:12,0
DA:13,0
DA:14,0
DA:15,0
DA:16,0
DA:17,0
DA:18,0
DA:19,0
DA:20,0
DA:21,0
DA:22,0
DA:23,0
DA:24,0
DA:25,0
DA:26,0
DA:27,0
DA:28,0
DA:29,1
DA:30,1
DA:31,0
DA:32,0
DA:33,0
DA:34,0
DA:35,0
DA:36,0
DA:37,0
LF:37
LH:10
BRDA:5,0,0,1
BRF:1
BRH:1
end_of_record
TN:
SF:src/parser/index.ts
FN:9,parser
FNF:1
FNH:0
FNDA:0,parser
DA:1,1
DA:2,1
DA:3,1
DA:4,1
DA:5,1
DA:6,1
DA:7,1
DA:8,1
DA:9,0
DA:10,0
DA:11,0
DA:12,0
DA:13,0
DA:14,1
DA:15,1
LF:15
LH:10
BRF:0
BRH:0
end_of_record
TN:
SF:src/utils/index.ts
FN:1,isJSON
FN:6,isString
FN:9,isPromise
FN:13,isAst
FN:23,isNetworkUrl
FNF:5
FNH:0
FNDA:0,isJSON
FNDA:0,isString
FNDA:0,isPromise
FNDA:0,isAst
FNDA:0,isNetworkUrl
DA:1,0
DA:2,0
DA:3,0
DA:4,0
DA:5,0
DA:6,0
DA:7,0
DA:8,0
DA:9,0
DA:10,0
DA:11,0
DA:12,1
DA:13,0
DA:14,0
DA:15,0
DA:16,0
DA:17,0
DA:18,0
DA:19,0
DA:20,0
DA:21,0
DA:22,1
DA:23,0
DA:24,0
DA:25,0
DA:26,0
DA:27,0
DA:28,0
LF:28
LH:2
BRF:0
BRH:0
end_of_record
