TN:
SF:src/imports/index.ts
FN:5,getResource
FN:10,ImportScript
FNF:2
FNH:2
FNDA:1,getResource
FNDA:4,ImportScript
DA:1,1
DA:2,1
DA:3,1
DA:4,1
DA:5,1
DA:6,1
DA:7,1
DA:8,1
DA:9,1
DA:10,4
DA:11,4
DA:12,4
DA:13,4
DA:14,4
DA:15,4
DA:16,0
DA:17,0
DA:18,4
DA:19,1
DA:20,1
DA:21,4
DA:22,1
DA:23,1
DA:24,4
DA:25,1
DA:26,1
DA:27,1
DA:28,4
DA:29,4
LF:29
LH:27
BRDA:5,0,0,1
BRDA:10,1,0,4
BRDA:14,2,0,4
BRDA:15,3,0,0
BRDA:18,4,0,1
BRDA:21,5,0,3
BRDA:21,6,0,1
BRDA:24,7,0,2
BRDA:24,8,0,1
BRDA:22,9,0,1
BRF:10
BRH:9
end_of_record
TN:
SF:src/parser/index.ts
FN:9,parser
FNF:1
FNH:1
FNDA:2,parser
DA:1,1
DA:2,1
DA:3,1
DA:4,1
DA:5,1
DA:6,1
DA:7,1
DA:8,1
DA:9,2
DA:10,2
DA:11,2
DA:12,2
DA:13,2
DA:14,1
DA:15,1
LF:15
LH:15
BRDA:9,0,0,2
BRF:1
BRH:1
end_of_record
TN:
SF:src/utils/index.ts
FN:1,isJSON
FN:6,isString
FN:9,isPromise
FN:13,isAst
FN:23,isNetworkUrl
FNF:5
FNH:5
FNDA:2,isJSON
FNDA:8,isString
FNDA:3,isPromise
FNDA:2,isAst
FNDA:4,isNetworkUrl
DA:1,2
DA:2,2
DA:3,1
DA:4,1
DA:5,2
DA:6,8
DA:7,8
DA:8,8
DA:9,3
DA:10,3
DA:11,3
DA:12,1
DA:13,2
DA:14,2
DA:15,1
DA:16,1
DA:17,1
DA:18,1
DA:19,1
DA:20,0
DA:21,0
DA:22,1
DA:23,4
DA:24,4
DA:25,3
DA:26,3
DA:27,1
DA:28,1
LF:28
LH:26
BRDA:1,0,0,2
BRDA:2,1,0,1
BRDA:2,2,0,1
BRDA:2,3,0,1
BRDA:6,4,0,8
BRDA:9,5,0,3
BRDA:10,6,0,2
BRDA:13,7,0,2
BRDA:14,8,0,1
BRDA:20,9,0,0
BRDA:23,10,0,4
BRDA:24,11,0,3
BRDA:27,12,0,1
BRF:13
BRH:12
end_of_record
